============================= test session starts ==============================
platform linux -- Python 3.13.7, pytest-8.4.2, pluggy-1.6.0 -- /home/codey/Projects/langgraph_mcp_agent/.venv/bin/python3
cachedir: .pytest_cache
benchmark: 4.0.0 (defaults: timer=time.perf_counter disable_gc=False min_rounds=5 min_time=0.000005 max_time=1.0 calibration_precision=10 warmup=False warmup_iterations=100000)
rootdir: /home/codey/Projects/langgraph_mcp_agent
configfile: pytest.ini
plugins: anyio-4.11.0, xdist-3.5.0, timeout-2.4.0, mock-3.12.0, cov-4.1.0, asyncio-0.26.0, langsmith-0.4.34, Faker-22.0.0, respx-0.20.2, benchmark-4.0.0
asyncio: mode=Mode.STRICT, asyncio_default_fixture_loop_scope=None, asyncio_default_test_loop_scope=function
collecting ... collected 90 items

tests/performance/test_benchmarks.py::TestJWTBenchmarks::test_jwt_encoding_performance PASSED [  1%]
tests/performance/test_benchmarks.py::TestJWTBenchmarks::test_jwt_decoding_performance PASSED [  2%]
tests/performance/test_benchmarks.py::TestJWTBenchmarks::test_jwt_validation_performance PASSED [  3%]
tests/performance/test_benchmarks.py::TestOpenFGABenchmarks::test_authorization_check_performance PASSED [  4%]
tests/performance/test_benchmarks.py::TestOpenFGABenchmarks::test_batch_authorization_performance PASSED [  5%]
tests/performance/test_benchmarks.py::TestLLMBenchmarks::test_llm_request_performance PASSED [  6%]
tests/performance/test_benchmarks.py::TestAgentBenchmarks::test_agent_initialization_performance PASSED [  7%]
tests/performance/test_benchmarks.py::TestAgentBenchmarks::test_message_processing_performance PASSED [  8%]
tests/performance/test_benchmarks.py::TestResourceBenchmarks::test_state_serialization_performance PASSED [ 10%]
tests/performance/test_benchmarks.py::TestResourceBenchmarks::test_state_deserialization_performance PASSED [ 11%]
tests/test_agent.py::TestAgentState::test_agent_state_structure PASSED   [ 12%]
tests/test_agent.py::TestAgentGraph::test_create_agent_graph PASSED      [ 13%]
tests/test_agent.py::TestAgentGraph::test_route_input_to_respond FAILED  [ 14%]
tests/test_agent.py::TestAgentGraph::test_route_input_to_tools FAILED    [ 15%]
tests/test_agent.py::TestAgentGraph::test_route_with_calculate_keyword FAILED [ 16%]
tests/test_agent.py::TestAgentGraph::test_agent_with_conversation_history FAILED [ 17%]
tests/test_agent.py::TestAgentGraph::test_checkpointing_works FAILED     [ 18%]
tests/test_agent.py::TestAgentGraph::test_state_accumulation PASSED      [ 20%]
tests/test_agent.py::TestAgentIntegration::test_real_llm_invocation SKIPPED [ 21%]
tests/test_auth.py::TestAuthMiddleware::test_init PASSED                 [ 22%]
tests/test_auth.py::TestAuthMiddleware::test_authenticate_success PASSED [ 23%]
tests/test_auth.py::TestAuthMiddleware::test_authenticate_user_not_found PASSED [ 24%]
tests/test_auth.py::TestAuthMiddleware::test_authenticate_inactive_user PASSED [ 25%]
tests/test_auth.py::TestAuthMiddleware::test_authorize_with_openfga_success PASSED [ 26%]
tests/test_auth.py::TestAuthMiddleware::test_authorize_with_openfga_denied PASSED [ 27%]
tests/test_auth.py::TestAuthMiddleware::test_authorize_with_openfga_error PASSED [ 28%]
tests/test_auth.py::TestAuthMiddleware::test_authorize_fallback_admin_access PASSED [ 30%]
tests/test_auth.py::TestAuthMiddleware::test_authorize_fallback_premium_user PASSED [ 31%]
tests/test_auth.py::TestAuthMiddleware::test_authorize_fallback_standard_user PASSED [ 32%]
tests/test_auth.py::TestAuthMiddleware::test_authorize_fallback_viewer_access PASSED [ 33%]
tests/test_auth.py::TestAuthMiddleware::test_authorize_fallback_unknown_user PASSED [ 34%]
tests/test_auth.py::TestAuthMiddleware::test_list_accessible_resources_success PASSED [ 35%]
tests/test_auth.py::TestAuthMiddleware::test_list_accessible_resources_no_openfga PASSED [ 36%]
tests/test_auth.py::TestAuthMiddleware::test_list_accessible_resources_error PASSED [ 37%]
tests/test_auth.py::TestAuthMiddleware::test_create_token_success PASSED [ 38%]
tests/test_auth.py::TestAuthMiddleware::test_create_token_expiration PASSED [ 40%]
tests/test_auth.py::TestAuthMiddleware::test_create_token_user_not_found PASSED [ 41%]
tests/test_auth.py::TestAuthMiddleware::test_verify_token_success PASSED [ 42%]
tests/test_auth.py::TestAuthMiddleware::test_verify_token_expired PASSED [ 43%]
tests/test_auth.py::TestAuthMiddleware::test_verify_token_invalid PASSED [ 44%]
tests/test_auth.py::TestAuthMiddleware::test_verify_token_wrong_secret PASSED [ 45%]
tests/test_auth.py::TestRequireAuthDecorator::test_require_auth_success PASSED [ 46%]
tests/test_auth.py::TestRequireAuthDecorator::test_require_auth_no_credentials PASSED [ 47%]
tests/test_auth.py::TestRequireAuthDecorator::test_require_auth_invalid_user PASSED [ 48%]
tests/test_auth.py::TestRequireAuthDecorator::test_require_auth_with_authorization PASSED [ 50%]
tests/test_auth.py::TestRequireAuthDecorator::test_require_auth_authorization_denied PASSED [ 51%]
tests/test_auth.py::TestStandaloneVerifyToken::test_standalone_verify_token_success PASSED [ 52%]
tests/test_auth.py::TestStandaloneVerifyToken::test_standalone_verify_token_default_secret PASSED [ 53%]
tests/test_auth.py::TestStandaloneVerifyToken::test_standalone_verify_token_invalid PASSED [ 54%]
tests/test_mcp_streamable.py::TestMCPStreamableHTTP::test_server_info_endpoint FAILED [ 55%]
tests/test_mcp_streamable.py::TestMCPStreamableHTTP::test_health_endpoint FAILED [ 56%]
tests/test_mcp_streamable.py::TestMCPStreamableHTTP::test_initialize_method FAILED [ 57%]
tests/test_mcp_streamable.py::TestMCPStreamableHTTP::test_tools_list_method FAILED [ 58%]
tests/test_mcp_streamable.py::TestMCPStreamableHTTP::test_tools_call_method FAILED [ 60%]
tests/test_mcp_streamable.py::TestMCPStreamableHTTP::test_tools_call_unauthorized FAILED [ 61%]
tests/test_mcp_streamable.py::TestMCPStreamableHTTP::test_streaming_response FAILED [ 62%]
tests/test_mcp_streamable.py::TestMCPStreamableHTTP::test_resources_list_method FAILED [ 63%]
tests/test_mcp_streamable.py::TestMCPStreamableHTTP::test_invalid_method FAILED [ 64%]
tests/test_mcp_streamable.py::TestMCPStreamableHTTP::test_malformed_request FAILED [ 65%]
tests/test_mcp_streamable.py::TestMCPStreamableHTTP::test_cors_headers FAILED [ 66%]
tests/test_mcp_streamable.py::TestMCPEndToEnd::test_complete_chat_flow SKIPPED [ 67%]
tests/test_openfga_client.py::TestOpenFGAClient::test_init PASSED        [ 68%]
tests/test_openfga_client.py::TestOpenFGAClient::test_check_permission_allowed PASSED [ 70%]
tests/test_openfga_client.py::TestOpenFGAClient::test_check_permission_denied PASSED [ 71%]
tests/test_openfga_client.py::TestOpenFGAClient::test_check_permission_error PASSED [ 72%]
tests/test_openfga_client.py::TestOpenFGAClient::test_write_tuples_success PASSED [ 73%]
tests/test_openfga_client.py::TestOpenFGAClient::test_write_tuples_error PASSED [ 74%]
tests/test_openfga_client.py::TestOpenFGAClient::test_delete_tuples_success PASSED [ 75%]
tests/test_openfga_client.py::TestOpenFGAClient::test_delete_tuples_error PASSED [ 76%]
tests/test_openfga_client.py::TestOpenFGAClient::test_list_objects_success PASSED [ 77%]
tests/test_openfga_client.py::TestOpenFGAClient::test_list_objects_empty PASSED [ 78%]
tests/test_openfga_client.py::TestOpenFGAClient::test_list_objects_error PASSED [ 80%]
tests/test_openfga_client.py::TestOpenFGAIntegration::test_full_authorization_flow SKIPPED [ 81%]
tests/test_secrets_manager.py::TestSecretsManager::test_init_with_credentials PASSED [ 82%]
tests/test_secrets_manager.py::TestSecretsManager::test_init_without_credentials PASSED [ 83%]
tests/test_secrets_manager.py::TestSecretsManager::test_init_from_environment PASSED [ 84%]
tests/test_secrets_manager.py::TestSecretsManager::test_init_client_error PASSED [ 85%]
tests/test_secrets_manager.py::TestSecretsManager::test_get_secret_success PASSED [ 86%]
tests/test_secrets_manager.py::TestSecretsManager::test_get_secret_with_path PASSED [ 87%]
tests/test_secrets_manager.py::TestSecretsManager::test_get_secret_caching PASSED [ 88%]
tests/test_secrets_manager.py::TestSecretsManager::test_get_secret_no_cache PASSED [ 90%]
tests/test_secrets_manager.py::TestSecretsManager::test_get_secret_fallback_to_env PASSED [ 91%]
tests/test_secrets_manager.py::TestSecretsManager::test_get_secret_fallback_to_default PASSED [ 92%]
tests/test_secrets_manager.py::TestSecretsManager::test_get_secret_error_uses_fallback PASSED [ 93%]
tests/test_secrets_manager.py::TestSecretsManager::test_get_secret_error_tries_env_first PASSED [ 94%]
tests/test_secrets_manager.py::TestSecretsManager::test_create_secret_success PASSED [ 95%]
tests/test_secrets_manager.py::TestSecretsManager::test_update_secret_success PASSED [ 96%]
tests/test_secrets_manager.py::TestSecretsManager::test_delete_secret_success PASSED [ 97%]
tests/test_secrets_manager.py::TestSecretsManager::test_clear_cache FAILED [ 98%]
tests/test_secrets_manager.py::TestSecretsManagerIntegration::test_full_secret_lifecycle SKIPPED [100%]

=================================== FAILURES ===================================
__________________ TestAgentGraph.test_route_input_to_respond __________________
llm_factory.py:139: in invoke
    response: ModelResponse = completion(**params)
                              ^^^^^^^^^^^^^^^^^^^^
.venv/lib/python3.13/site-packages/litellm/utils.py:1356: in wrapper
    raise e
.venv/lib/python3.13/site-packages/litellm/utils.py:1231: in wrapper
    result = original_function(*args, **kwargs)
             ^^^^^^^^^^^^^^^^^^^^^^^^^^^^^^^^^^
.venv/lib/python3.13/site-packages/litellm/main.py:3733: in completion
    raise exception_type(
.venv/lib/python3.13/site-packages/litellm/main.py:1146: in completion
    model, custom_llm_provider, dynamic_api_key, api_base = get_llm_provider(
.venv/lib/python3.13/site-packages/litellm/litellm_core_utils/get_llm_provider_logic.py:418: in get_llm_provider
    raise e
.venv/lib/python3.13/site-packages/litellm/litellm_core_utils/get_llm_provider_logic.py:395: in get_llm_provider
    raise litellm.exceptions.BadRequestError(  # type: ignore
E   litellm.exceptions.BadRequestError: litellm.BadRequestError: LLM Provider NOT provided. Pass in the LLM provider you are trying to call. You passed model=gemini-2.5-flash-002
E    Pass model as E.g. For 'Huggingface' inference endpoints pass in `completion(model='huggingface/starcoder',..)` Learn more: https://docs.litellm.ai/docs/providers

During handling of the above exception, another exception occurred:
tests/test_agent.py:65: in test_route_input_to_respond
    result = graph.invoke(initial_state, config={"configurable": {"thread_id": "test-1"}})
             ^^^^^^^^^^^^^^^^^^^^^^^^^^^^^^^^^^^^^^^^^^^^^^^^^^^^^^^^^^^^^^^^^^^^^^^^^^^^^
.venv/lib/python3.13/site-packages/langgraph/pregel/main.py:3085: in invoke
    for chunk in self.stream(
.venv/lib/python3.13/site-packages/langgraph/pregel/main.py:2674: in stream
    for _ in runner.tick(
.venv/lib/python3.13/site-packages/langgraph/pregel/_runner.py:162: in tick
    run_with_retry(
.venv/lib/python3.13/site-packages/langgraph/pregel/_retry.py:42: in run_with_retry
    return task.proc.invoke(task.input, config)
           ^^^^^^^^^^^^^^^^^^^^^^^^^^^^^^^^^^^^
.venv/lib/python3.13/site-packages/langgraph/_internal/_runnable.py:657: in invoke
    input = context.run(step.invoke, input, config, **kwargs)
            ^^^^^^^^^^^^^^^^^^^^^^^^^^^^^^^^^^^^^^^^^^^^^^^^^
.venv/lib/python3.13/site-packages/langgraph/_internal/_runnable.py:401: in invoke
    ret = self.func(*args, **kwargs)
          ^^^^^^^^^^^^^^^^^^^^^^^^^^
agent.py:87: in generate_response
    response = model.invoke(messages)
               ^^^^^^^^^^^^^^^^^^^^^^
llm_factory.py:168: in invoke
    return self._try_fallback(messages, **kwargs)
           ^^^^^^^^^^^^^^^^^^^^^^^^^^^^^^^^^^^^^^
llm_factory.py:272: in _try_fallback
    raise RuntimeError("All models failed including fallbacks")
E   RuntimeError: All models failed including fallbacks
E   During task with name 'respond' and id '81503bf9-d984-3c3f-df02-eb7d6f5e3a70'
----------------------------- Captured stdout call -----------------------------

[1;31mProvider List: https://docs.litellm.ai/docs/providers[0m


[1;31mGive Feedback / Get Help: https://github.com/BerriAI/litellm/issues/new[0m
LiteLLM.Info: If you need to debug this error, use `litellm._turn_on_debug()'.


[1;31mGive Feedback / Get Help: https://github.com/BerriAI/litellm/issues/new[0m
LiteLLM.Info: If you need to debug this error, use `litellm._turn_on_debug()'.


[1;31mGive Feedback / Get Help: https://github.com/BerriAI/litellm/issues/new[0m
LiteLLM.Info: If you need to debug this error, use `litellm._turn_on_debug()'.

----------------------------- Captured stderr call -----------------------------
[92m17:30:33 - LiteLLM:ERROR[0m: vertex_llm_base.py:494 - Failed to load vertex credentials. Check to see if credentials containing partial/invalid information. Error: No module named 'google.auth'
Traceback (most recent call last):
  File "/home/codey/Projects/langgraph_mcp_agent/llm_factory.py", line 139, in invoke
    response: ModelResponse = completion(**params)
                              ~~~~~~~~~~^^^^^^^^^^
  File "/home/codey/Projects/langgraph_mcp_agent/.venv/lib/python3.13/site-packages/litellm/utils.py", line 1356, in wrapper
    raise e
  File "/home/codey/Projects/langgraph_mcp_agent/.venv/lib/python3.13/site-packages/litellm/utils.py", line 1231, in wrapper
    result = original_function(*args, **kwargs)
  File "/home/codey/Projects/langgraph_mcp_agent/.venv/lib/python3.13/site-packages/litellm/main.py", line 3733, in completion
    raise exception_type(
    ...<5 lines>...
    )
  File "/home/codey/Projects/langgraph_mcp_agent/.venv/lib/python3.13/site-packages/litellm/main.py", line 1146, in completion
    model, custom_llm_provider, dynamic_api_key, api_base = get_llm_provider(
                                                            ~~~~~~~~~~~~~~~~^
        model=model,
        ^^^^^^^^^^^^
    ...<2 lines>...
        api_key=api_key,
        ^^^^^^^^^^^^^^^^
    )
    ^
  File "/home/codey/Projects/langgraph_mcp_agent/.venv/lib/python3.13/site-packages/litellm/litellm_core_utils/get_llm_provider_logic.py", line 418, in get_llm_provider
    raise e
  File "/home/codey/Projects/langgraph_mcp_agent/.venv/lib/python3.13/site-packages/litellm/litellm_core_utils/get_llm_provider_logic.py", line 395, in get_llm_provider
    raise litellm.exceptions.BadRequestError(  # type: ignore
    ...<8 lines>...
    )
litellm.exceptions.BadRequestError: litellm.BadRequestError: LLM Provider NOT provided. Pass in the LLM provider you are trying to call. You passed model=gemini-2.5-flash-002
 Pass model as E.g. For 'Huggingface' inference endpoints pass in `completion(model='huggingface/starcoder',..)` Learn more: https://docs.litellm.ai/docs/providers

During handling of the above exception, another exception occurred:

Traceback (most recent call last):
  File "/home/codey/Projects/langgraph_mcp_agent/.venv/lib/python3.13/site-packages/litellm/llms/vertex_ai/vertex_llm_base.py", line 490, in get_access_token
    _credentials, credential_project_id = self.load_auth(
                                          ~~~~~~~~~~~~~~^
        credentials=credentials, project_id=project_id
        ^^^^^^^^^^^^^^^^^^^^^^^^^^^^^^^^^^^^^^^^^^^^^^
    )
    ^
  File "/home/codey/Projects/langgraph_mcp_agent/.venv/lib/python3.13/site-packages/litellm/llms/vertex_ai/vertex_llm_base.py", line 114, in load_auth
    creds, creds_project_id = self._credentials_from_default_auth(
                              ~~~~~~~~~~~~~~~~~~~~~~~~~~~~~~~~~~~^
        scopes=["https://www.googleapis.com/auth/cloud-platform"]
        ^^^^^^^^^^^^^^^^^^^^^^^^^^^^^^^^^^^^^^^^^^^^^^^^^^^^^^^^^
    )
    ^
  File "/home/codey/Projects/langgraph_mcp_agent/.venv/lib/python3.13/site-packages/litellm/llms/vertex_ai/vertex_llm_base.py", line 158, in _credentials_from_default_auth
    import google.auth as google_auth
ModuleNotFoundError: No module named 'google.auth'
------------------------------ Captured log call -------------------------------
ERROR    mcp-server-langgraph:llm_factory.py:157 LLM invocation failed: litellm.BadRequestError: LLM Provider NOT provided. Pass in the LLM provider you are trying to call. You passed model=gemini-2.5-flash-002
 Pass model as E.g. For 'Huggingface' inference endpoints pass in `completion(model='huggingface/starcoder',..)` Learn more: https://docs.litellm.ai/docs/providers
Traceback (most recent call last):
  File "/home/codey/Projects/langgraph_mcp_agent/llm_factory.py", line 139, in invoke
    response: ModelResponse = completion(**params)
                              ~~~~~~~~~~^^^^^^^^^^
  File "/home/codey/Projects/langgraph_mcp_agent/.venv/lib/python3.13/site-packages/litellm/utils.py", line 1356, in wrapper
    raise e
  File "/home/codey/Projects/langgraph_mcp_agent/.venv/lib/python3.13/site-packages/litellm/utils.py", line 1231, in wrapper
    result = original_function(*args, **kwargs)
  File "/home/codey/Projects/langgraph_mcp_agent/.venv/lib/python3.13/site-packages/litellm/main.py", line 3733, in completion
    raise exception_type(
    ...<5 lines>...
    )
  File "/home/codey/Projects/langgraph_mcp_agent/.venv/lib/python3.13/site-packages/litellm/main.py", line 1146, in completion
    model, custom_llm_provider, dynamic_api_key, api_base = get_llm_provider(
                                                            ~~~~~~~~~~~~~~~~^
        model=model,
        ^^^^^^^^^^^^
    ...<2 lines>...
        api_key=api_key,
        ^^^^^^^^^^^^^^^^
    )
    ^
  File "/home/codey/Projects/langgraph_mcp_agent/.venv/lib/python3.13/site-packages/litellm/litellm_core_utils/get_llm_provider_logic.py", line 418, in get_llm_provider
    raise e
  File "/home/codey/Projects/langgraph_mcp_agent/.venv/lib/python3.13/site-packages/litellm/litellm_core_utils/get_llm_provider_logic.py", line 395, in get_llm_provider
    raise litellm.exceptions.BadRequestError(  # type: ignore
    ...<8 lines>...
    )
litellm.exceptions.BadRequestError: litellm.BadRequestError: LLM Provider NOT provided. Pass in the LLM provider you are trying to call. You passed model=gemini-2.5-flash-002
 Pass model as E.g. For 'Huggingface' inference endpoints pass in `completion(model='huggingface/starcoder',..)` Learn more: https://docs.litellm.ai/docs/providers
WARNING  mcp-server-langgraph:llm_factory.py:236 Trying fallback model: gemini-2.5-pro
ERROR    LiteLLM:vertex_llm_base.py:494 Failed to load vertex credentials. Check to see if credentials containing partial/invalid information. Error: No module named 'google.auth'
Traceback (most recent call last):
  File "/home/codey/Projects/langgraph_mcp_agent/llm_factory.py", line 139, in invoke
    response: ModelResponse = completion(**params)
                              ~~~~~~~~~~^^^^^^^^^^
  File "/home/codey/Projects/langgraph_mcp_agent/.venv/lib/python3.13/site-packages/litellm/utils.py", line 1356, in wrapper
    raise e
  File "/home/codey/Projects/langgraph_mcp_agent/.venv/lib/python3.13/site-packages/litellm/utils.py", line 1231, in wrapper
    result = original_function(*args, **kwargs)
  File "/home/codey/Projects/langgraph_mcp_agent/.venv/lib/python3.13/site-packages/litellm/main.py", line 3733, in completion
    raise exception_type(
    ...<5 lines>...
    )
  File "/home/codey/Projects/langgraph_mcp_agent/.venv/lib/python3.13/site-packages/litellm/main.py", line 1146, in completion
    model, custom_llm_provider, dynamic_api_key, api_base = get_llm_provider(
                                                            ~~~~~~~~~~~~~~~~^
        model=model,
        ^^^^^^^^^^^^
    ...<2 lines>...
        api_key=api_key,
        ^^^^^^^^^^^^^^^^
    )
    ^
  File "/home/codey/Projects/langgraph_mcp_agent/.venv/lib/python3.13/site-packages/litellm/litellm_core_utils/get_llm_provider_logic.py", line 418, in get_llm_provider
    raise e
  File "/home/codey/Projects/langgraph_mcp_agent/.venv/lib/python3.13/site-packages/litellm/litellm_core_utils/get_llm_provider_logic.py", line 395, in get_llm_provider
    raise litellm.exceptions.BadRequestError(  # type: ignore
    ...<8 lines>...
    )
litellm.exceptions.BadRequestError: litellm.BadRequestError: LLM Provider NOT provided. Pass in the LLM provider you are trying to call. You passed model=gemini-2.5-flash-002
 Pass model as E.g. For 'Huggingface' inference endpoints pass in `completion(model='huggingface/starcoder',..)` Learn more: https://docs.litellm.ai/docs/providers

During handling of the above exception, another exception occurred:

Traceback (most recent call last):
  File "/home/codey/Projects/langgraph_mcp_agent/.venv/lib/python3.13/site-packages/litellm/llms/vertex_ai/vertex_llm_base.py", line 490, in get_access_token
    _credentials, credential_project_id = self.load_auth(
                                          ~~~~~~~~~~~~~~^
        credentials=credentials, project_id=project_id
        ^^^^^^^^^^^^^^^^^^^^^^^^^^^^^^^^^^^^^^^^^^^^^^
    )
    ^
  File "/home/codey/Projects/langgraph_mcp_agent/.venv/lib/python3.13/site-packages/litellm/llms/vertex_ai/vertex_llm_base.py", line 114, in load_auth
    creds, creds_project_id = self._credentials_from_default_auth(
                              ~~~~~~~~~~~~~~~~~~~~~~~~~~~~~~~~~~~^
        scopes=["https://www.googleapis.com/auth/cloud-platform"]
        ^^^^^^^^^^^^^^^^^^^^^^^^^^^^^^^^^^^^^^^^^^^^^^^^^^^^^^^^^
    )
    ^
  File "/home/codey/Projects/langgraph_mcp_agent/.venv/lib/python3.13/site-packages/litellm/llms/vertex_ai/vertex_llm_base.py", line 158, in _credentials_from_default_auth
    import google.auth as google_auth
ModuleNotFoundError: No module named 'google.auth'
ERROR    mcp-server-langgraph:llm_factory.py:266 Fallback model gemini-2.5-pro failed: litellm.APIConnectionError: No module named 'google.auth'
Traceback (most recent call last):
  File "/home/codey/Projects/langgraph_mcp_agent/llm_factory.py", line 139, in invoke
    response: ModelResponse = completion(**params)
                              ~~~~~~~~~~^^^^^^^^^^
  File "/home/codey/Projects/langgraph_mcp_agent/.venv/lib/python3.13/site-packages/litellm/utils.py", line 1356, in wrapper
    raise e
  File "/home/codey/Projects/langgraph_mcp_agent/.venv/lib/python3.13/site-packages/litellm/utils.py", line 1231, in wrapper
    result = original_function(*args, **kwargs)
  File "/home/codey/Projects/langgraph_mcp_agent/.venv/lib/python3.13/site-packages/litellm/main.py", line 3733, in completion
    raise exception_type(
    ...<5 lines>...
    )
  File "/home/codey/Projects/langgraph_mcp_agent/.venv/lib/python3.13/site-packages/litellm/main.py", line 1146, in completion
    model, custom_llm_provider, dynamic_api_key, api_base = get_llm_provider(
                                                            ~~~~~~~~~~~~~~~~^
        model=model,
        ^^^^^^^^^^^^
    ...<2 lines>...
        api_key=api_key,
        ^^^^^^^^^^^^^^^^
    )
    ^
  File "/home/codey/Projects/langgraph_mcp_agent/.venv/lib/python3.13/site-packages/litellm/litellm_core_utils/get_llm_provider_logic.py", line 418, in get_llm_provider
    raise e
  File "/home/codey/Projects/langgraph_mcp_agent/.venv/lib/python3.13/site-packages/litellm/litellm_core_utils/get_llm_provider_logic.py", line 395, in get_llm_provider
    raise litellm.exceptions.BadRequestError(  # type: ignore
    ...<8 lines>...
    )
litellm.exceptions.BadRequestError: litellm.BadRequestError: LLM Provider NOT provided. Pass in the LLM provider you are trying to call. You passed model=gemini-2.5-flash-002
 Pass model as E.g. For 'Huggingface' inference endpoints pass in `completion(model='huggingface/starcoder',..)` Learn more: https://docs.litellm.ai/docs/providers

During handling of the above exception, another exception occurred:

Traceback (most recent call last):
  File "/home/codey/Projects/langgraph_mcp_agent/.venv/lib/python3.13/site-packages/litellm/main.py", line 2925, in completion
    model_response = vertex_chat_completion.completion(  # type: ignore
        model=model,
    ...<17 lines>...
        extra_headers=extra_headers,
    )
  File "/home/codey/Projects/langgraph_mcp_agent/.venv/lib/python3.13/site-packages/litellm/llms/vertex_ai/gemini/vertex_and_google_ai_studio_gemini.py", line 2063, in completion
    _auth_header, vertex_project = self._ensure_access_token(
                                   ~~~~~~~~~~~~~~~~~~~~~~~~~^
        credentials=vertex_credentials,
        ^^^^^^^^^^^^^^^^^^^^^^^^^^^^^^^
        project_id=vertex_project,
        ^^^^^^^^^^^^^^^^^^^^^^^^^^
        custom_llm_provider=custom_llm_provider,
        ^^^^^^^^^^^^^^^^^^^^^^^^^^^^^^^^^^^^^^^^
    )
    ^
  File "/home/codey/Projects/langgraph_mcp_agent/.venv/lib/python3.13/site-packages/litellm/llms/vertex_ai/vertex_llm_base.py", line 267, in _ensure_access_token
    return self.get_access_token(
           ~~~~~~~~~~~~~~~~~~~~~^
        credentials=credentials,
        ^^^^^^^^^^^^^^^^^^^^^^^^
        project_id=project_id,
        ^^^^^^^^^^^^^^^^^^^^^^
    )
    ^
  File "/home/codey/Projects/langgraph_mcp_agent/.venv/lib/python3.13/site-packages/litellm/llms/vertex_ai/vertex_llm_base.py", line 497, in get_access_token
    raise e
  File "/home/codey/Projects/langgraph_mcp_agent/.venv/lib/python3.13/site-packages/litellm/llms/vertex_ai/vertex_llm_base.py", line 490, in get_access_token
    _credentials, credential_project_id = self.load_auth(
                                          ~~~~~~~~~~~~~~^
        credentials=credentials, project_id=project_id
        ^^^^^^^^^^^^^^^^^^^^^^^^^^^^^^^^^^^^^^^^^^^^^^
    )
    ^
  File "/home/codey/Projects/langgraph_mcp_agent/.venv/lib/python3.13/site-packages/litellm/llms/vertex_ai/vertex_llm_base.py", line 114, in load_auth
    creds, creds_project_id = self._credentials_from_default_auth(
                              ~~~~~~~~~~~~~~~~~~~~~~~~~~~~~~~~~~~^
        scopes=["https://www.googleapis.com/auth/cloud-platform"]
        ^^^^^^^^^^^^^^^^^^^^^^^^^^^^^^^^^^^^^^^^^^^^^^^^^^^^^^^^^
    )
    ^
  File "/home/codey/Projects/langgraph_mcp_agent/.venv/lib/python3.13/site-packages/litellm/llms/vertex_ai/vertex_llm_base.py", line 158, in _credentials_from_default_auth
    import google.auth as google_auth
ModuleNotFoundError: No module named 'google.auth'
Traceback (most recent call last):
  File "/home/codey/Projects/langgraph_mcp_agent/llm_factory.py", line 139, in invoke
    response: ModelResponse = completion(**params)
                              ~~~~~~~~~~^^^^^^^^^^
  File "/home/codey/Projects/langgraph_mcp_agent/.venv/lib/python3.13/site-packages/litellm/utils.py", line 1356, in wrapper
    raise e
  File "/home/codey/Projects/langgraph_mcp_agent/.venv/lib/python3.13/site-packages/litellm/utils.py", line 1231, in wrapper
    result = original_function(*args, **kwargs)
  File "/home/codey/Projects/langgraph_mcp_agent/.venv/lib/python3.13/site-packages/litellm/main.py", line 3733, in completion
    raise exception_type(
    ...<5 lines>...
    )
  File "/home/codey/Projects/langgraph_mcp_agent/.venv/lib/python3.13/site-packages/litellm/main.py", line 1146, in completion
    model, custom_llm_provider, dynamic_api_key, api_base = get_llm_provider(
                                                            ~~~~~~~~~~~~~~~~^
        model=model,
        ^^^^^^^^^^^^
    ...<2 lines>...
        api_key=api_key,
        ^^^^^^^^^^^^^^^^
    )
    ^
  File "/home/codey/Projects/langgraph_mcp_agent/.venv/lib/python3.13/site-packages/litellm/litellm_core_utils/get_llm_provider_logic.py", line 418, in get_llm_provider
    raise e
  File "/home/codey/Projects/langgraph_mcp_agent/.venv/lib/python3.13/site-packages/litellm/litellm_core_utils/get_llm_provider_logic.py", line 395, in get_llm_provider
    raise litellm.exceptions.BadRequestError(  # type: ignore
    ...<8 lines>...
    )
litellm.exceptions.BadRequestError: litellm.BadRequestError: LLM Provider NOT provided. Pass in the LLM provider you are trying to call. You passed model=gemini-2.5-flash-002
 Pass model as E.g. For 'Huggingface' inference endpoints pass in `completion(model='huggingface/starcoder',..)` Learn more: https://docs.litellm.ai/docs/providers

During handling of the above exception, another exception occurred:

Traceback (most recent call last):
  File "/home/codey/Projects/langgraph_mcp_agent/.venv/lib/python3.13/site-packages/litellm/main.py", line 2925, in completion
    model_response = vertex_chat_completion.completion(  # type: ignore
        model=model,
    ...<17 lines>...
        extra_headers=extra_headers,
    )
  File "/home/codey/Projects/langgraph_mcp_agent/.venv/lib/python3.13/site-packages/litellm/llms/vertex_ai/gemini/vertex_and_google_ai_studio_gemini.py", line 2063, in completion
    _auth_header, vertex_project = self._ensure_access_token(
                                   ~~~~~~~~~~~~~~~~~~~~~~~~~^
        credentials=vertex_credentials,
        ^^^^^^^^^^^^^^^^^^^^^^^^^^^^^^^
        project_id=vertex_project,
        ^^^^^^^^^^^^^^^^^^^^^^^^^^
        custom_llm_provider=custom_llm_provider,
        ^^^^^^^^^^^^^^^^^^^^^^^^^^^^^^^^^^^^^^^^
    )
    ^
  File "/home/codey/Projects/langgraph_mcp_agent/.venv/lib/python3.13/site-packages/litellm/llms/vertex_ai/vertex_llm_base.py", line 267, in _ensure_access_token
    return self.get_access_token(
           ~~~~~~~~~~~~~~~~~~~~~^
        credentials=credentials,
        ^^^^^^^^^^^^^^^^^^^^^^^^
        project_id=project_id,
        ^^^^^^^^^^^^^^^^^^^^^^
    )
    ^
  File "/home/codey/Projects/langgraph_mcp_agent/.venv/lib/python3.13/site-packages/litellm/llms/vertex_ai/vertex_llm_base.py", line 497, in get_access_token
    raise e
  File "/home/codey/Projects/langgraph_mcp_agent/.venv/lib/python3.13/site-packages/litellm/llms/vertex_ai/vertex_llm_base.py", line 490, in get_access_token
    _credentials, credential_project_id = self.load_auth(
                                          ~~~~~~~~~~~~~~^
        credentials=credentials, project_id=project_id
        ^^^^^^^^^^^^^^^^^^^^^^^^^^^^^^^^^^^^^^^^^^^^^^
    )
    ^
  File "/home/codey/Projects/langgraph_mcp_agent/.venv/lib/python3.13/site-packages/litellm/llms/vertex_ai/vertex_llm_base.py", line 114, in load_auth
    creds, creds_project_id = self._credentials_from_default_auth(
                              ~~~~~~~~~~~~~~~~~~~~~~~~~~~~~~~~~~~^
        scopes=["https://www.googleapis.com/auth/cloud-platform"]
        ^^^^^^^^^^^^^^^^^^^^^^^^^^^^^^^^^^^^^^^^^^^^^^^^^^^^^^^^^
    )
    ^
  File "/home/codey/Projects/langgraph_mcp_agent/.venv/lib/python3.13/site-packages/litellm/llms/vertex_ai/vertex_llm_base.py", line 158, in _credentials_from_default_auth
    import google.auth as google_auth
ModuleNotFoundError: No module named 'google.auth'

During handling of the above exception, another exception occurred:

Traceback (most recent call last):
  File "/home/codey/Projects/langgraph_mcp_agent/llm_factory.py", line 243, in _try_fallback
    response = completion(
        model=fallback_model,
    ...<3 lines>...
        timeout=self.timeout
    )
  File "/home/codey/Projects/langgraph_mcp_agent/.venv/lib/python3.13/site-packages/litellm/utils.py", line 1356, in wrapper
    raise e
  File "/home/codey/Projects/langgraph_mcp_agent/.venv/lib/python3.13/site-packages/litellm/utils.py", line 1231, in wrapper
    result = original_function(*args, **kwargs)
  File "/home/codey/Projects/langgraph_mcp_agent/.venv/lib/python3.13/site-packages/litellm/main.py", line 3733, in completion
    raise exception_type(
          ~~~~~~~~~~~~~~^
        model=model,
        ^^^^^^^^^^^^
    ...<3 lines>...
        extra_kwargs=kwargs,
        ^^^^^^^^^^^^^^^^^^^^
    )
    ^
  File "/home/codey/Projects/langgraph_mcp_agent/.venv/lib/python3.13/site-packages/litellm/litellm_core_utils/exception_mapping_utils.py", line 2273, in exception_type
    raise e
  File "/home/codey/Projects/langgraph_mcp_agent/.venv/lib/python3.13/site-packages/litellm/litellm_core_utils/exception_mapping_utils.py", line 2249, in exception_type
    raise APIConnectionError(
    ...<8 lines>...
    )
litellm.exceptions.APIConnectionError: litellm.APIConnectionError: No module named 'google.auth'
Traceback (most recent call last):
  File "/home/codey/Projects/langgraph_mcp_agent/llm_factory.py", line 139, in invoke
    response: ModelResponse = completion(**params)
                              ~~~~~~~~~~^^^^^^^^^^
  File "/home/codey/Projects/langgraph_mcp_agent/.venv/lib/python3.13/site-packages/litellm/utils.py", line 1356, in wrapper
    raise e
  File "/home/codey/Projects/langgraph_mcp_agent/.venv/lib/python3.13/site-packages/litellm/utils.py", line 1231, in wrapper
    result = original_function(*args, **kwargs)
  File "/home/codey/Projects/langgraph_mcp_agent/.venv/lib/python3.13/site-packages/litellm/main.py", line 3733, in completion
    raise exception_type(
    ...<5 lines>...
    )
  File "/home/codey/Projects/langgraph_mcp_agent/.venv/lib/python3.13/site-packages/litellm/main.py", line 1146, in completion
    model, custom_llm_provider, dynamic_api_key, api_base = get_llm_provider(
                                                            ~~~~~~~~~~~~~~~~^
        model=model,
        ^^^^^^^^^^^^
    ...<2 lines>...
        api_key=api_key,
        ^^^^^^^^^^^^^^^^
    )
    ^
  File "/home/codey/Projects/langgraph_mcp_agent/.venv/lib/python3.13/site-packages/litellm/litellm_core_utils/get_llm_provider_logic.py", line 418, in get_llm_provider
    raise e
  File "/home/codey/Projects/langgraph_mcp_agent/.venv/lib/python3.13/site-packages/litellm/litellm_core_utils/get_llm_provider_logic.py", line 395, in get_llm_provider
    raise litellm.exceptions.BadRequestError(  # type: ignore
    ...<8 lines>...
    )
litellm.exceptions.BadRequestError: litellm.BadRequestError: LLM Provider NOT provided. Pass in the LLM provider you are trying to call. You passed model=gemini-2.5-flash-002
 Pass model as E.g. For 'Huggingface' inference endpoints pass in `completion(model='huggingface/starcoder',..)` Learn more: https://docs.litellm.ai/docs/providers

During handling of the above exception, another exception occurred:

Traceback (most recent call last):
  File "/home/codey/Projects/langgraph_mcp_agent/.venv/lib/python3.13/site-packages/litellm/main.py", line 2925, in completion
    model_response = vertex_chat_completion.completion(  # type: ignore
        model=model,
    ...<17 lines>...
        extra_headers=extra_headers,
    )
  File "/home/codey/Projects/langgraph_mcp_agent/.venv/lib/python3.13/site-packages/litellm/llms/vertex_ai/gemini/vertex_and_google_ai_studio_gemini.py", line 2063, in completion
    _auth_header, vertex_project = self._ensure_access_token(
                                   ~~~~~~~~~~~~~~~~~~~~~~~~~^
        credentials=vertex_credentials,
        ^^^^^^^^^^^^^^^^^^^^^^^^^^^^^^^
        project_id=vertex_project,
        ^^^^^^^^^^^^^^^^^^^^^^^^^^
        custom_llm_provider=custom_llm_provider,
        ^^^^^^^^^^^^^^^^^^^^^^^^^^^^^^^^^^^^^^^^
    )
    ^
  File "/home/codey/Projects/langgraph_mcp_agent/.venv/lib/python3.13/site-packages/litellm/llms/vertex_ai/vertex_llm_base.py", line 267, in _ensure_access_token
    return self.get_access_token(
           ~~~~~~~~~~~~~~~~~~~~~^
        credentials=credentials,
        ^^^^^^^^^^^^^^^^^^^^^^^^
        project_id=project_id,
        ^^^^^^^^^^^^^^^^^^^^^^
    )
    ^
  File "/home/codey/Projects/langgraph_mcp_agent/.venv/lib/python3.13/site-packages/litellm/llms/vertex_ai/vertex_llm_base.py", line 497, in get_access_token
    raise e
  File "/home/codey/Projects/langgraph_mcp_agent/.venv/lib/python3.13/site-packages/litellm/llms/vertex_ai/vertex_llm_base.py", line 490, in get_access_token
    _credentials, credential_project_id = self.load_auth(
                                          ~~~~~~~~~~~~~~^
        credentials=credentials, project_id=project_id
        ^^^^^^^^^^^^^^^^^^^^^^^^^^^^^^^^^^^^^^^^^^^^^^
    )
    ^
  File "/home/codey/Projects/langgraph_mcp_agent/.venv/lib/python3.13/site-packages/litellm/llms/vertex_ai/vertex_llm_base.py", line 114, in load_auth
    creds, creds_project_id = self._credentials_from_default_auth(
                              ~~~~~~~~~~~~~~~~~~~~~~~~~~~~~~~~~~~^
        scopes=["https://www.googleapis.com/auth/cloud-platform"]
        ^^^^^^^^^^^^^^^^^^^^^^^^^^^^^^^^^^^^^^^^^^^^^^^^^^^^^^^^^
    )
    ^
  File "/home/codey/Projects/langgraph_mcp_agent/.venv/lib/python3.13/site-packages/litellm/llms/vertex_ai/vertex_llm_base.py", line 158, in _credentials_from_default_auth
    import google.auth as google_auth
ModuleNotFoundError: No module named 'google.auth'

WARNING  mcp-server-langgraph:llm_factory.py:236 Trying fallback model: claude-3-5-sonnet-20241022
ERROR    mcp-server-langgraph:llm_factory.py:266 Fallback model claude-3-5-sonnet-20241022 failed: litellm.AuthenticationError: AnthropicException - {"error":{"message":"Authentication Error, LiteLLM Virtual Key expected. Received=test-anthropic-key, expected to start with 'sk-'.","type":"auth_error","param":"None","code":"401"}}
Traceback (most recent call last):
  File "/home/codey/Projects/langgraph_mcp_agent/llm_factory.py", line 139, in invoke
    response: ModelResponse = completion(**params)
                              ~~~~~~~~~~^^^^^^^^^^
  File "/home/codey/Projects/langgraph_mcp_agent/.venv/lib/python3.13/site-packages/litellm/utils.py", line 1356, in wrapper
    raise e
  File "/home/codey/Projects/langgraph_mcp_agent/.venv/lib/python3.13/site-packages/litellm/utils.py", line 1231, in wrapper
    result = original_function(*args, **kwargs)
  File "/home/codey/Projects/langgraph_mcp_agent/.venv/lib/python3.13/site-packages/litellm/main.py", line 3733, in completion
    raise exception_type(
    ...<5 lines>...
    )
  File "/home/codey/Projects/langgraph_mcp_agent/.venv/lib/python3.13/site-packages/litellm/main.py", line 1146, in completion
    model, custom_llm_provider, dynamic_api_key, api_base = get_llm_provider(
                                                            ~~~~~~~~~~~~~~~~^
        model=model,
        ^^^^^^^^^^^^
    ...<2 lines>...
        api_key=api_key,
        ^^^^^^^^^^^^^^^^
    )
    ^
  File "/home/codey/Projects/langgraph_mcp_agent/.venv/lib/python3.13/site-packages/litellm/litellm_core_utils/get_llm_provider_logic.py", line 418, in get_llm_provider
    raise e
  File "/home/codey/Projects/langgraph_mcp_agent/.venv/lib/python3.13/site-packages/litellm/litellm_core_utils/get_llm_provider_logic.py", line 395, in get_llm_provider
    raise litellm.exceptions.BadRequestError(  # type: ignore
    ...<8 lines>...
    )
litellm.exceptions.BadRequestError: litellm.BadRequestError: LLM Provider NOT provided. Pass in the LLM provider you are trying to call. You passed model=gemini-2.5-flash-002
 Pass model as E.g. For 'Huggingface' inference endpoints pass in `completion(model='huggingface/starcoder',..)` Learn more: https://docs.litellm.ai/docs/providers

During handling of the above exception, another exception occurred:

Traceback (most recent call last):
  File "/home/codey/Projects/langgraph_mcp_agent/.venv/lib/python3.13/site-packages/litellm/llms/anthropic/chat/handler.py", line 445, in completion
    response = client.post(
        api_base,
    ...<2 lines>...
        timeout=timeout,
    )
  File "/home/codey/Projects/langgraph_mcp_agent/.venv/lib/python3.13/site-packages/litellm/llms/custom_httpx/http_handler.py", line 802, in post
    raise e
  File "/home/codey/Projects/langgraph_mcp_agent/.venv/lib/python3.13/site-packages/litellm/llms/custom_httpx/http_handler.py", line 784, in post
    response.raise_for_status()
    ~~~~~~~~~~~~~~~~~~~~~~~~~^^
  File "/home/codey/Projects/langgraph_mcp_agent/.venv/lib/python3.13/site-packages/httpx/_models.py", line 829, in raise_for_status
    raise HTTPStatusError(message, request=request, response=self)
httpx.HTTPStatusError: Client error '401 Unauthorized' for url 'http://0.0.0.0:4000/v1/messages'
For more information check: https://developer.mozilla.org/en-US/docs/Web/HTTP/Status/401

During handling of the above exception, another exception occurred:

Traceback (most recent call last):
  File "/home/codey/Projects/langgraph_mcp_agent/.venv/lib/python3.13/site-packages/litellm/main.py", line 2329, in completion
    response = anthropic_chat_completions.completion(
        model=model,
    ...<15 lines>...
        custom_llm_provider=custom_llm_provider,
    )
  File "/home/codey/Projects/langgraph_mcp_agent/.venv/lib/python3.13/site-packages/litellm/llms/anthropic/chat/handler.py", line 460, in completion
    raise AnthropicError(
    ...<3 lines>...
    )
litellm.llms.anthropic.common_utils.AnthropicError: {"error":{"message":"Authentication Error, LiteLLM Virtual Key expected. Received=test-anthropic-key, expected to start with 'sk-'.","type":"auth_error","param":"None","code":"401"}}

During handling of the above exception, another exception occurred:

Traceback (most recent call last):
  File "/home/codey/Projects/langgraph_mcp_agent/llm_factory.py", line 243, in _try_fallback
    response = completion(
        model=fallback_model,
    ...<3 lines>...
        timeout=self.timeout
    )
  File "/home/codey/Projects/langgraph_mcp_agent/.venv/lib/python3.13/site-packages/litellm/utils.py", line 1356, in wrapper
    raise e
  File "/home/codey/Projects/langgraph_mcp_agent/.venv/lib/python3.13/site-packages/litellm/utils.py", line 1231, in wrapper
    result = original_function(*args, **kwargs)
  File "/home/codey/Projects/langgraph_mcp_agent/.venv/lib/python3.13/site-packages/litellm/main.py", line 3733, in completion
    raise exception_type(
          ~~~~~~~~~~~~~~^
        model=model,
        ^^^^^^^^^^^^
    ...<3 lines>...
        extra_kwargs=kwargs,
        ^^^^^^^^^^^^^^^^^^^^
    )
    ^
  File "/home/codey/Projects/langgraph_mcp_agent/.venv/lib/python3.13/site-packages/litellm/litellm_core_utils/exception_mapping_utils.py", line 2273, in exception_type
    raise e
  File "/home/codey/Projects/langgraph_mcp_agent/.venv/lib/python3.13/site-packages/litellm/litellm_core_utils/exception_mapping_utils.py", line 594, in exception_type
    raise AuthenticationError(
    ...<3 lines>...
    )
litellm.exceptions.AuthenticationError: litellm.AuthenticationError: AnthropicException - {"error":{"message":"Authentication Error, LiteLLM Virtual Key expected. Received=test-anthropic-key, expected to start with 'sk-'.","type":"auth_error","param":"None","code":"401"}}
WARNING  mcp-server-langgraph:llm_factory.py:236 Trying fallback model: gpt-4o
ERROR    mcp-server-langgraph:llm_factory.py:266 Fallback model gpt-4o failed: litellm.AuthenticationError: AuthenticationError: OpenAIException - The api_key client option must be set either by passing api_key to the client or by setting the OPENAI_API_KEY environment variable
Traceback (most recent call last):
  File "/home/codey/Projects/langgraph_mcp_agent/llm_factory.py", line 139, in invoke
    response: ModelResponse = completion(**params)
                              ~~~~~~~~~~^^^^^^^^^^
  File "/home/codey/Projects/langgraph_mcp_agent/.venv/lib/python3.13/site-packages/litellm/utils.py", line 1356, in wrapper
    raise e
  File "/home/codey/Projects/langgraph_mcp_agent/.venv/lib/python3.13/site-packages/litellm/utils.py", line 1231, in wrapper
    result = original_function(*args, **kwargs)
  File "/home/codey/Projects/langgraph_mcp_agent/.venv/lib/python3.13/site-packages/litellm/main.py", line 3733, in completion
    raise exception_type(
    ...<5 lines>...
    )
  File "/home/codey/Projects/langgraph_mcp_agent/.venv/lib/python3.13/site-packages/litellm/main.py", line 1146, in completion
    model, custom_llm_provider, dynamic_api_key, api_base = get_llm_provider(
                                                            ~~~~~~~~~~~~~~~~^
        model=model,
        ^^^^^^^^^^^^
    ...<2 lines>...
        api_key=api_key,
        ^^^^^^^^^^^^^^^^
    )
    ^
  File "/home/codey/Projects/langgraph_mcp_agent/.venv/lib/python3.13/site-packages/litellm/litellm_core_utils/get_llm_provider_logic.py", line 418, in get_llm_provider
    raise e
  File "/home/codey/Projects/langgraph_mcp_agent/.venv/lib/python3.13/site-packages/litellm/litellm_core_utils/get_llm_provider_logic.py", line 395, in get_llm_provider
    raise litellm.exceptions.BadRequestError(  # type: ignore
    ...<8 lines>...
    )
litellm.exceptions.BadRequestError: litellm.BadRequestError: LLM Provider NOT provided. Pass in the LLM provider you are trying to call. You passed model=gemini-2.5-flash-002
 Pass model as E.g. For 'Huggingface' inference endpoints pass in `completion(model='huggingface/starcoder',..)` Learn more: https://docs.litellm.ai/docs/providers

During handling of the above exception, another exception occurred:

Traceback (most recent call last):
  File "/home/codey/Projects/langgraph_mcp_agent/.venv/lib/python3.13/site-packages/litellm/llms/openai/openai.py", line 745, in completion
    raise e
  File "/home/codey/Projects/langgraph_mcp_agent/.venv/lib/python3.13/site-packages/litellm/llms/openai/openai.py", line 647, in completion
    openai_client: OpenAI = self._get_openai_client(  # type: ignore
                            ~~~~~~~~~~~~~~~~~~~~~~~^^^^^^^^^^^^^^^^^
        is_async=False,
        ^^^^^^^^^^^^^^^
    ...<6 lines>...
        client=client,
        ^^^^^^^^^^^^^^
    )
    ^
  File "/home/codey/Projects/langgraph_mcp_agent/.venv/lib/python3.13/site-packages/litellm/llms/openai/openai.py", line 395, in _get_openai_client
    _new_client = OpenAI(
        api_key=api_key,
    ...<4 lines>...
        organization=organization,
    )
  File "/home/codey/Projects/langgraph_mcp_agent/.venv/lib/python3.13/site-packages/openai/_client.py", line 137, in __init__
    raise OpenAIError(
        "The api_key client option must be set either by passing api_key to the client or by setting the OPENAI_API_KEY environment variable"
    )
openai.OpenAIError: The api_key client option must be set either by passing api_key to the client or by setting the OPENAI_API_KEY environment variable

During handling of the above exception, another exception occurred:

Traceback (most recent call last):
  File "/home/codey/Projects/langgraph_mcp_agent/.venv/lib/python3.13/site-packages/litellm/main.py", line 2125, in completion
    raise e
  File "/home/codey/Projects/langgraph_mcp_agent/.venv/lib/python3.13/site-packages/litellm/main.py", line 2097, in completion
    response = openai_chat_completions.completion(
        model=model,
    ...<16 lines>...
        shared_session=shared_session,
    )
  File "/home/codey/Projects/langgraph_mcp_agent/.venv/lib/python3.13/site-packages/litellm/llms/openai/openai.py", line 756, in completion
    raise OpenAIError(
    ...<4 lines>...
    )
litellm.llms.openai.common_utils.OpenAIError: The api_key client option must be set either by passing api_key to the client or by setting the OPENAI_API_KEY environment variable

During handling of the above exception, another exception occurred:

Traceback (most recent call last):
  File "/home/codey/Projects/langgraph_mcp_agent/llm_factory.py", line 243, in _try_fallback
    response = completion(
        model=fallback_model,
    ...<3 lines>...
        timeout=self.timeout
    )
  File "/home/codey/Projects/langgraph_mcp_agent/.venv/lib/python3.13/site-packages/litellm/utils.py", line 1356, in wrapper
    raise e
  File "/home/codey/Projects/langgraph_mcp_agent/.venv/lib/python3.13/site-packages/litellm/utils.py", line 1231, in wrapper
    result = original_function(*args, **kwargs)
  File "/home/codey/Projects/langgraph_mcp_agent/.venv/lib/python3.13/site-packages/litellm/main.py", line 3733, in completion
    raise exception_type(
          ~~~~~~~~~~~~~~^
        model=model,
        ^^^^^^^^^^^^
    ...<3 lines>...
        extra_kwargs=kwargs,
        ^^^^^^^^^^^^^^^^^^^^
    )
    ^
  File "/home/codey/Projects/langgraph_mcp_agent/.venv/lib/python3.13/site-packages/litellm/litellm_core_utils/exception_mapping_utils.py", line 2273, in exception_type
    raise e
  File "/home/codey/Projects/langgraph_mcp_agent/.venv/lib/python3.13/site-packages/litellm/litellm_core_utils/exception_mapping_utils.py", line 424, in exception_type
    raise AuthenticationError(
    ...<5 lines>...
    )
litellm.exceptions.AuthenticationError: litellm.AuthenticationError: AuthenticationError: OpenAIException - The api_key client option must be set either by passing api_key to the client or by setting the OPENAI_API_KEY environment variable
___________________ TestAgentGraph.test_route_input_to_tools ___________________
llm_factory.py:139: in invoke
    response: ModelResponse = completion(**params)
                              ^^^^^^^^^^^^^^^^^^^^
.venv/lib/python3.13/site-packages/litellm/utils.py:1356: in wrapper
    raise e
.venv/lib/python3.13/site-packages/litellm/utils.py:1231: in wrapper
    result = original_function(*args, **kwargs)
             ^^^^^^^^^^^^^^^^^^^^^^^^^^^^^^^^^^
.venv/lib/python3.13/site-packages/litellm/main.py:3733: in completion
    raise exception_type(
.venv/lib/python3.13/site-packages/litellm/main.py:1146: in completion
    model, custom_llm_provider, dynamic_api_key, api_base = get_llm_provider(
.venv/lib/python3.13/site-packages/litellm/litellm_core_utils/get_llm_provider_logic.py:418: in get_llm_provider
    raise e
.venv/lib/python3.13/site-packages/litellm/litellm_core_utils/get_llm_provider_logic.py:395: in get_llm_provider
    raise litellm.exceptions.BadRequestError(  # type: ignore
E   litellm.exceptions.BadRequestError: litellm.BadRequestError: LLM Provider NOT provided. Pass in the LLM provider you are trying to call. You passed model=gemini-2.5-flash-002
E    Pass model as E.g. For 'Huggingface' inference endpoints pass in `completion(model='huggingface/starcoder',..)` Learn more: https://docs.litellm.ai/docs/providers

During handling of the above exception, another exception occurred:
tests/test_agent.py:90: in test_route_input_to_tools
    result = graph.invoke(initial_state, config={"configurable": {"thread_id": "test-2"}})
             ^^^^^^^^^^^^^^^^^^^^^^^^^^^^^^^^^^^^^^^^^^^^^^^^^^^^^^^^^^^^^^^^^^^^^^^^^^^^^
.venv/lib/python3.13/site-packages/langgraph/pregel/main.py:3085: in invoke
    for chunk in self.stream(
.venv/lib/python3.13/site-packages/langgraph/pregel/main.py:2674: in stream
    for _ in runner.tick(
.venv/lib/python3.13/site-packages/langgraph/pregel/_runner.py:162: in tick
    run_with_retry(
.venv/lib/python3.13/site-packages/langgraph/pregel/_retry.py:42: in run_with_retry
    return task.proc.invoke(task.input, config)
           ^^^^^^^^^^^^^^^^^^^^^^^^^^^^^^^^^^^^
.venv/lib/python3.13/site-packages/langgraph/_internal/_runnable.py:657: in invoke
    input = context.run(step.invoke, input, config, **kwargs)
            ^^^^^^^^^^^^^^^^^^^^^^^^^^^^^^^^^^^^^^^^^^^^^^^^^
.venv/lib/python3.13/site-packages/langgraph/_internal/_runnable.py:401: in invoke
    ret = self.func(*args, **kwargs)
          ^^^^^^^^^^^^^^^^^^^^^^^^^^
agent.py:87: in generate_response
    response = model.invoke(messages)
               ^^^^^^^^^^^^^^^^^^^^^^
llm_factory.py:168: in invoke
    return self._try_fallback(messages, **kwargs)
           ^^^^^^^^^^^^^^^^^^^^^^^^^^^^^^^^^^^^^^
llm_factory.py:272: in _try_fallback
    raise RuntimeError("All models failed including fallbacks")
E   RuntimeError: All models failed including fallbacks
E   During task with name 'respond' and id 'ee16040d-b086-dc52-1d13-0b4441383453'
----------------------------- Captured stdout call -----------------------------

[1;31mProvider List: https://docs.litellm.ai/docs/providers[0m


[1;31mGive Feedback / Get Help: https://github.com/BerriAI/litellm/issues/new[0m
LiteLLM.Info: If you need to debug this error, use `litellm._turn_on_debug()'.


[1;31mGive Feedback / Get Help: https://github.com/BerriAI/litellm/issues/new[0m
LiteLLM.Info: If you need to debug this error, use `litellm._turn_on_debug()'.


[1;31mGive Feedback / Get Help: https://github.com/BerriAI/litellm/issues/new[0m
LiteLLM.Info: If you need to debug this error, use `litellm._turn_on_debug()'.

----------------------------- Captured stderr call -----------------------------
[92m17:30:34 - LiteLLM:ERROR[0m: vertex_llm_base.py:494 - Failed to load vertex credentials. Check to see if credentials containing partial/invalid information. Error: No module named 'google.auth'
Traceback (most recent call last):
  File "/home/codey/Projects/langgraph_mcp_agent/llm_factory.py", line 139, in invoke
    response: ModelResponse = completion(**params)
                              ~~~~~~~~~~^^^^^^^^^^
  File "/home/codey/Projects/langgraph_mcp_agent/.venv/lib/python3.13/site-packages/litellm/utils.py", line 1356, in wrapper
    raise e
  File "/home/codey/Projects/langgraph_mcp_agent/.venv/lib/python3.13/site-packages/litellm/utils.py", line 1231, in wrapper
    result = original_function(*args, **kwargs)
  File "/home/codey/Projects/langgraph_mcp_agent/.venv/lib/python3.13/site-packages/litellm/main.py", line 3733, in completion
    raise exception_type(
    ...<5 lines>...
    )
  File "/home/codey/Projects/langgraph_mcp_agent/.venv/lib/python3.13/site-packages/litellm/main.py", line 1146, in completion
    model, custom_llm_provider, dynamic_api_key, api_base = get_llm_provider(
                                                            ~~~~~~~~~~~~~~~~^
        model=model,
        ^^^^^^^^^^^^
    ...<2 lines>...
        api_key=api_key,
        ^^^^^^^^^^^^^^^^
    )
    ^
  File "/home/codey/Projects/langgraph_mcp_agent/.venv/lib/python3.13/site-packages/litellm/litellm_core_utils/get_llm_provider_logic.py", line 418, in get_llm_provider
    raise e
  File "/home/codey/Projects/langgraph_mcp_agent/.venv/lib/python3.13/site-packages/litellm/litellm_core_utils/get_llm_provider_logic.py", line 395, in get_llm_provider
    raise litellm.exceptions.BadRequestError(  # type: ignore
    ...<8 lines>...
    )
litellm.exceptions.BadRequestError: litellm.BadRequestError: LLM Provider NOT provided. Pass in the LLM provider you are trying to call. You passed model=gemini-2.5-flash-002
 Pass model as E.g. For 'Huggingface' inference endpoints pass in `completion(model='huggingface/starcoder',..)` Learn more: https://docs.litellm.ai/docs/providers

During handling of the above exception, another exception occurred:

Traceback (most recent call last):
  File "/home/codey/Projects/langgraph_mcp_agent/.venv/lib/python3.13/site-packages/litellm/llms/vertex_ai/vertex_llm_base.py", line 490, in get_access_token
    _credentials, credential_project_id = self.load_auth(
                                          ~~~~~~~~~~~~~~^
        credentials=credentials, project_id=project_id
        ^^^^^^^^^^^^^^^^^^^^^^^^^^^^^^^^^^^^^^^^^^^^^^
    )
    ^
  File "/home/codey/Projects/langgraph_mcp_agent/.venv/lib/python3.13/site-packages/litellm/llms/vertex_ai/vertex_llm_base.py", line 114, in load_auth
    creds, creds_project_id = self._credentials_from_default_auth(
                              ~~~~~~~~~~~~~~~~~~~~~~~~~~~~~~~~~~~^
        scopes=["https://www.googleapis.com/auth/cloud-platform"]
        ^^^^^^^^^^^^^^^^^^^^^^^^^^^^^^^^^^^^^^^^^^^^^^^^^^^^^^^^^
    )
    ^
  File "/home/codey/Projects/langgraph_mcp_agent/.venv/lib/python3.13/site-packages/litellm/llms/vertex_ai/vertex_llm_base.py", line 158, in _credentials_from_default_auth
    import google.auth as google_auth
ModuleNotFoundError: No module named 'google.auth'
------------------------------ Captured log call -------------------------------
ERROR    mcp-server-langgraph:llm_factory.py:157 LLM invocation failed: litellm.BadRequestError: LLM Provider NOT provided. Pass in the LLM provider you are trying to call. You passed model=gemini-2.5-flash-002
 Pass model as E.g. For 'Huggingface' inference endpoints pass in `completion(model='huggingface/starcoder',..)` Learn more: https://docs.litellm.ai/docs/providers
Traceback (most recent call last):
  File "/home/codey/Projects/langgraph_mcp_agent/llm_factory.py", line 139, in invoke
    response: ModelResponse = completion(**params)
                              ~~~~~~~~~~^^^^^^^^^^
  File "/home/codey/Projects/langgraph_mcp_agent/.venv/lib/python3.13/site-packages/litellm/utils.py", line 1356, in wrapper
    raise e
  File "/home/codey/Projects/langgraph_mcp_agent/.venv/lib/python3.13/site-packages/litellm/utils.py", line 1231, in wrapper
    result = original_function(*args, **kwargs)
  File "/home/codey/Projects/langgraph_mcp_agent/.venv/lib/python3.13/site-packages/litellm/main.py", line 3733, in completion
    raise exception_type(
    ...<5 lines>...
    )
  File "/home/codey/Projects/langgraph_mcp_agent/.venv/lib/python3.13/site-packages/litellm/main.py", line 1146, in completion
    model, custom_llm_provider, dynamic_api_key, api_base = get_llm_provider(
                                                            ~~~~~~~~~~~~~~~~^
        model=model,
        ^^^^^^^^^^^^
    ...<2 lines>...
        api_key=api_key,
        ^^^^^^^^^^^^^^^^
    )
    ^
  File "/home/codey/Projects/langgraph_mcp_agent/.venv/lib/python3.13/site-packages/litellm/litellm_core_utils/get_llm_provider_logic.py", line 418, in get_llm_provider
    raise e
  File "/home/codey/Projects/langgraph_mcp_agent/.venv/lib/python3.13/site-packages/litellm/litellm_core_utils/get_llm_provider_logic.py", line 395, in get_llm_provider
    raise litellm.exceptions.BadRequestError(  # type: ignore
    ...<8 lines>...
    )
litellm.exceptions.BadRequestError: litellm.BadRequestError: LLM Provider NOT provided. Pass in the LLM provider you are trying to call. You passed model=gemini-2.5-flash-002
 Pass model as E.g. For 'Huggingface' inference endpoints pass in `completion(model='huggingface/starcoder',..)` Learn more: https://docs.litellm.ai/docs/providers
WARNING  mcp-server-langgraph:llm_factory.py:236 Trying fallback model: gemini-2.5-pro
ERROR    LiteLLM:vertex_llm_base.py:494 Failed to load vertex credentials. Check to see if credentials containing partial/invalid information. Error: No module named 'google.auth'
Traceback (most recent call last):
  File "/home/codey/Projects/langgraph_mcp_agent/llm_factory.py", line 139, in invoke
    response: ModelResponse = completion(**params)
                              ~~~~~~~~~~^^^^^^^^^^
  File "/home/codey/Projects/langgraph_mcp_agent/.venv/lib/python3.13/site-packages/litellm/utils.py", line 1356, in wrapper
    raise e
  File "/home/codey/Projects/langgraph_mcp_agent/.venv/lib/python3.13/site-packages/litellm/utils.py", line 1231, in wrapper
    result = original_function(*args, **kwargs)
  File "/home/codey/Projects/langgraph_mcp_agent/.venv/lib/python3.13/site-packages/litellm/main.py", line 3733, in completion
    raise exception_type(
    ...<5 lines>...
    )
  File "/home/codey/Projects/langgraph_mcp_agent/.venv/lib/python3.13/site-packages/litellm/main.py", line 1146, in completion
    model, custom_llm_provider, dynamic_api_key, api_base = get_llm_provider(
                                                            ~~~~~~~~~~~~~~~~^
        model=model,
        ^^^^^^^^^^^^
    ...<2 lines>...
        api_key=api_key,
        ^^^^^^^^^^^^^^^^
    )
    ^
  File "/home/codey/Projects/langgraph_mcp_agent/.venv/lib/python3.13/site-packages/litellm/litellm_core_utils/get_llm_provider_logic.py", line 418, in get_llm_provider
    raise e
  File "/home/codey/Projects/langgraph_mcp_agent/.venv/lib/python3.13/site-packages/litellm/litellm_core_utils/get_llm_provider_logic.py", line 395, in get_llm_provider
    raise litellm.exceptions.BadRequestError(  # type: ignore
    ...<8 lines>...
    )
litellm.exceptions.BadRequestError: litellm.BadRequestError: LLM Provider NOT provided. Pass in the LLM provider you are trying to call. You passed model=gemini-2.5-flash-002
 Pass model as E.g. For 'Huggingface' inference endpoints pass in `completion(model='huggingface/starcoder',..)` Learn more: https://docs.litellm.ai/docs/providers

During handling of the above exception, another exception occurred:

Traceback (most recent call last):
  File "/home/codey/Projects/langgraph_mcp_agent/.venv/lib/python3.13/site-packages/litellm/llms/vertex_ai/vertex_llm_base.py", line 490, in get_access_token
    _credentials, credential_project_id = self.load_auth(
                                          ~~~~~~~~~~~~~~^
        credentials=credentials, project_id=project_id
        ^^^^^^^^^^^^^^^^^^^^^^^^^^^^^^^^^^^^^^^^^^^^^^
    )
    ^
  File "/home/codey/Projects/langgraph_mcp_agent/.venv/lib/python3.13/site-packages/litellm/llms/vertex_ai/vertex_llm_base.py", line 114, in load_auth
    creds, creds_project_id = self._credentials_from_default_auth(
                              ~~~~~~~~~~~~~~~~~~~~~~~~~~~~~~~~~~~^
        scopes=["https://www.googleapis.com/auth/cloud-platform"]
        ^^^^^^^^^^^^^^^^^^^^^^^^^^^^^^^^^^^^^^^^^^^^^^^^^^^^^^^^^
    )
    ^
  File "/home/codey/Projects/langgraph_mcp_agent/.venv/lib/python3.13/site-packages/litellm/llms/vertex_ai/vertex_llm_base.py", line 158, in _credentials_from_default_auth
    import google.auth as google_auth
ModuleNotFoundError: No module named 'google.auth'
ERROR    mcp-server-langgraph:llm_factory.py:266 Fallback model gemini-2.5-pro failed: litellm.APIConnectionError: No module named 'google.auth'
Traceback (most recent call last):
  File "/home/codey/Projects/langgraph_mcp_agent/llm_factory.py", line 139, in invoke
    response: ModelResponse = completion(**params)
                              ~~~~~~~~~~^^^^^^^^^^
  File "/home/codey/Projects/langgraph_mcp_agent/.venv/lib/python3.13/site-packages/litellm/utils.py", line 1356, in wrapper
    raise e
  File "/home/codey/Projects/langgraph_mcp_agent/.venv/lib/python3.13/site-packages/litellm/utils.py", line 1231, in wrapper
    result = original_function(*args, **kwargs)
  File "/home/codey/Projects/langgraph_mcp_agent/.venv/lib/python3.13/site-packages/litellm/main.py", line 3733, in completion
    raise exception_type(
    ...<5 lines>...
    )
  File "/home/codey/Projects/langgraph_mcp_agent/.venv/lib/python3.13/site-packages/litellm/main.py", line 1146, in completion
    model, custom_llm_provider, dynamic_api_key, api_base = get_llm_provider(
                                                            ~~~~~~~~~~~~~~~~^
        model=model,
        ^^^^^^^^^^^^
    ...<2 lines>...
        api_key=api_key,
        ^^^^^^^^^^^^^^^^
    )
    ^
  File "/home/codey/Projects/langgraph_mcp_agent/.venv/lib/python3.13/site-packages/litellm/litellm_core_utils/get_llm_provider_logic.py", line 418, in get_llm_provider
    raise e
  File "/home/codey/Projects/langgraph_mcp_agent/.venv/lib/python3.13/site-packages/litellm/litellm_core_utils/get_llm_provider_logic.py", line 395, in get_llm_provider
    raise litellm.exceptions.BadRequestError(  # type: ignore
    ...<8 lines>...
    )
litellm.exceptions.BadRequestError: litellm.BadRequestError: LLM Provider NOT provided. Pass in the LLM provider you are trying to call. You passed model=gemini-2.5-flash-002
 Pass model as E.g. For 'Huggingface' inference endpoints pass in `completion(model='huggingface/starcoder',..)` Learn more: https://docs.litellm.ai/docs/providers

During handling of the above exception, another exception occurred:

Traceback (most recent call last):
  File "/home/codey/Projects/langgraph_mcp_agent/.venv/lib/python3.13/site-packages/litellm/main.py", line 2925, in completion
    model_response = vertex_chat_completion.completion(  # type: ignore
        model=model,
    ...<17 lines>...
        extra_headers=extra_headers,
    )
  File "/home/codey/Projects/langgraph_mcp_agent/.venv/lib/python3.13/site-packages/litellm/llms/vertex_ai/gemini/vertex_and_google_ai_studio_gemini.py", line 2063, in completion
    _auth_header, vertex_project = self._ensure_access_token(
                                   ~~~~~~~~~~~~~~~~~~~~~~~~~^
        credentials=vertex_credentials,
        ^^^^^^^^^^^^^^^^^^^^^^^^^^^^^^^
        project_id=vertex_project,
        ^^^^^^^^^^^^^^^^^^^^^^^^^^
        custom_llm_provider=custom_llm_provider,
        ^^^^^^^^^^^^^^^^^^^^^^^^^^^^^^^^^^^^^^^^
    )
    ^
  File "/home/codey/Projects/langgraph_mcp_agent/.venv/lib/python3.13/site-packages/litellm/llms/vertex_ai/vertex_llm_base.py", line 267, in _ensure_access_token
    return self.get_access_token(
           ~~~~~~~~~~~~~~~~~~~~~^
        credentials=credentials,
        ^^^^^^^^^^^^^^^^^^^^^^^^
        project_id=project_id,
        ^^^^^^^^^^^^^^^^^^^^^^
    )
    ^
  File "/home/codey/Projects/langgraph_mcp_agent/.venv/lib/python3.13/site-packages/litellm/llms/vertex_ai/vertex_llm_base.py", line 497, in get_access_token
    raise e
  File "/home/codey/Projects/langgraph_mcp_agent/.venv/lib/python3.13/site-packages/litellm/llms/vertex_ai/vertex_llm_base.py", line 490, in get_access_token
    _credentials, credential_project_id = self.load_auth(
                                          ~~~~~~~~~~~~~~^
        credentials=credentials, project_id=project_id
        ^^^^^^^^^^^^^^^^^^^^^^^^^^^^^^^^^^^^^^^^^^^^^^
    )
    ^
  File "/home/codey/Projects/langgraph_mcp_agent/.venv/lib/python3.13/site-packages/litellm/llms/vertex_ai/vertex_llm_base.py", line 114, in load_auth
    creds, creds_project_id = self._credentials_from_default_auth(
                              ~~~~~~~~~~~~~~~~~~~~~~~~~~~~~~~~~~~^
        scopes=["https://www.googleapis.com/auth/cloud-platform"]
        ^^^^^^^^^^^^^^^^^^^^^^^^^^^^^^^^^^^^^^^^^^^^^^^^^^^^^^^^^
    )
    ^
  File "/home/codey/Projects/langgraph_mcp_agent/.venv/lib/python3.13/site-packages/litellm/llms/vertex_ai/vertex_llm_base.py", line 158, in _credentials_from_default_auth
    import google.auth as google_auth
ModuleNotFoundError: No module named 'google.auth'
Traceback (most recent call last):
  File "/home/codey/Projects/langgraph_mcp_agent/llm_factory.py", line 139, in invoke
    response: ModelResponse = completion(**params)
                              ~~~~~~~~~~^^^^^^^^^^
  File "/home/codey/Projects/langgraph_mcp_agent/.venv/lib/python3.13/site-packages/litellm/utils.py", line 1356, in wrapper
    raise e
  File "/home/codey/Projects/langgraph_mcp_agent/.venv/lib/python3.13/site-packages/litellm/utils.py", line 1231, in wrapper
    result = original_function(*args, **kwargs)
  File "/home/codey/Projects/langgraph_mcp_agent/.venv/lib/python3.13/site-packages/litellm/main.py", line 3733, in completion
    raise exception_type(
    ...<5 lines>...
    )
  File "/home/codey/Projects/langgraph_mcp_agent/.venv/lib/python3.13/site-packages/litellm/main.py", line 1146, in completion
    model, custom_llm_provider, dynamic_api_key, api_base = get_llm_provider(
                                                            ~~~~~~~~~~~~~~~~^
        model=model,
        ^^^^^^^^^^^^
    ...<2 lines>...
        api_key=api_key,
        ^^^^^^^^^^^^^^^^
    )
    ^
  File "/home/codey/Projects/langgraph_mcp_agent/.venv/lib/python3.13/site-packages/litellm/litellm_core_utils/get_llm_provider_logic.py", line 418, in get_llm_provider
    raise e
  File "/home/codey/Projects/langgraph_mcp_agent/.venv/lib/python3.13/site-packages/litellm/litellm_core_utils/get_llm_provider_logic.py", line 395, in get_llm_provider
    raise litellm.exceptions.BadRequestError(  # type: ignore
    ...<8 lines>...
    )
litellm.exceptions.BadRequestError: litellm.BadRequestError: LLM Provider NOT provided. Pass in the LLM provider you are trying to call. You passed model=gemini-2.5-flash-002
 Pass model as E.g. For 'Huggingface' inference endpoints pass in `completion(model='huggingface/starcoder',..)` Learn more: https://docs.litellm.ai/docs/providers

During handling of the above exception, another exception occurred:

Traceback (most recent call last):
  File "/home/codey/Projects/langgraph_mcp_agent/.venv/lib/python3.13/site-packages/litellm/main.py", line 2925, in completion
    model_response = vertex_chat_completion.completion(  # type: ignore
        model=model,
    ...<17 lines>...
        extra_headers=extra_headers,
    )
  File "/home/codey/Projects/langgraph_mcp_agent/.venv/lib/python3.13/site-packages/litellm/llms/vertex_ai/gemini/vertex_and_google_ai_studio_gemini.py", line 2063, in completion
    _auth_header, vertex_project = self._ensure_access_token(
                                   ~~~~~~~~~~~~~~~~~~~~~~~~~^
        credentials=vertex_credentials,
        ^^^^^^^^^^^^^^^^^^^^^^^^^^^^^^^
        project_id=vertex_project,
        ^^^^^^^^^^^^^^^^^^^^^^^^^^
        custom_llm_provider=custom_llm_provider,
        ^^^^^^^^^^^^^^^^^^^^^^^^^^^^^^^^^^^^^^^^
    )
    ^
  File "/home/codey/Projects/langgraph_mcp_agent/.venv/lib/python3.13/site-packages/litellm/llms/vertex_ai/vertex_llm_base.py", line 267, in _ensure_access_token
    return self.get_access_token(
           ~~~~~~~~~~~~~~~~~~~~~^
        credentials=credentials,
        ^^^^^^^^^^^^^^^^^^^^^^^^
        project_id=project_id,
        ^^^^^^^^^^^^^^^^^^^^^^
    )
    ^
  File "/home/codey/Projects/langgraph_mcp_agent/.venv/lib/python3.13/site-packages/litellm/llms/vertex_ai/vertex_llm_base.py", line 497, in get_access_token
    raise e
  File "/home/codey/Projects/langgraph_mcp_agent/.venv/lib/python3.13/site-packages/litellm/llms/vertex_ai/vertex_llm_base.py", line 490, in get_access_token
    _credentials, credential_project_id = self.load_auth(
                                          ~~~~~~~~~~~~~~^
        credentials=credentials, project_id=project_id
        ^^^^^^^^^^^^^^^^^^^^^^^^^^^^^^^^^^^^^^^^^^^^^^
    )
    ^
  File "/home/codey/Projects/langgraph_mcp_agent/.venv/lib/python3.13/site-packages/litellm/llms/vertex_ai/vertex_llm_base.py", line 114, in load_auth
    creds, creds_project_id = self._credentials_from_default_auth(
                              ~~~~~~~~~~~~~~~~~~~~~~~~~~~~~~~~~~~^
        scopes=["https://www.googleapis.com/auth/cloud-platform"]
        ^^^^^^^^^^^^^^^^^^^^^^^^^^^^^^^^^^^^^^^^^^^^^^^^^^^^^^^^^
    )
    ^
  File "/home/codey/Projects/langgraph_mcp_agent/.venv/lib/python3.13/site-packages/litellm/llms/vertex_ai/vertex_llm_base.py", line 158, in _credentials_from_default_auth
    import google.auth as google_auth
ModuleNotFoundError: No module named 'google.auth'

During handling of the above exception, another exception occurred:

Traceback (most recent call last):
  File "/home/codey/Projects/langgraph_mcp_agent/llm_factory.py", line 243, in _try_fallback
    response = completion(
        model=fallback_model,
    ...<3 lines>...
        timeout=self.timeout
    )
  File "/home/codey/Projects/langgraph_mcp_agent/.venv/lib/python3.13/site-packages/litellm/utils.py", line 1356, in wrapper
    raise e
  File "/home/codey/Projects/langgraph_mcp_agent/.venv/lib/python3.13/site-packages/litellm/utils.py", line 1231, in wrapper
    result = original_function(*args, **kwargs)
  File "/home/codey/Projects/langgraph_mcp_agent/.venv/lib/python3.13/site-packages/litellm/main.py", line 3733, in completion
    raise exception_type(
          ~~~~~~~~~~~~~~^
        model=model,
        ^^^^^^^^^^^^
    ...<3 lines>...
        extra_kwargs=kwargs,
        ^^^^^^^^^^^^^^^^^^^^
    )
    ^
  File "/home/codey/Projects/langgraph_mcp_agent/.venv/lib/python3.13/site-packages/litellm/litellm_core_utils/exception_mapping_utils.py", line 2273, in exception_type
    raise e
  File "/home/codey/Projects/langgraph_mcp_agent/.venv/lib/python3.13/site-packages/litellm/litellm_core_utils/exception_mapping_utils.py", line 2249, in exception_type
    raise APIConnectionError(
    ...<8 lines>...
    )
litellm.exceptions.APIConnectionError: litellm.APIConnectionError: No module named 'google.auth'
Traceback (most recent call last):
  File "/home/codey/Projects/langgraph_mcp_agent/llm_factory.py", line 139, in invoke
    response: ModelResponse = completion(**params)
                              ~~~~~~~~~~^^^^^^^^^^
  File "/home/codey/Projects/langgraph_mcp_agent/.venv/lib/python3.13/site-packages/litellm/utils.py", line 1356, in wrapper
    raise e
  File "/home/codey/Projects/langgraph_mcp_agent/.venv/lib/python3.13/site-packages/litellm/utils.py", line 1231, in wrapper
    result = original_function(*args, **kwargs)
  File "/home/codey/Projects/langgraph_mcp_agent/.venv/lib/python3.13/site-packages/litellm/main.py", line 3733, in completion
    raise exception_type(
    ...<5 lines>...
    )
  File "/home/codey/Projects/langgraph_mcp_agent/.venv/lib/python3.13/site-packages/litellm/main.py", line 1146, in completion
    model, custom_llm_provider, dynamic_api_key, api_base = get_llm_provider(
                                                            ~~~~~~~~~~~~~~~~^
        model=model,
        ^^^^^^^^^^^^
    ...<2 lines>...
        api_key=api_key,
        ^^^^^^^^^^^^^^^^
    )
    ^
  File "/home/codey/Projects/langgraph_mcp_agent/.venv/lib/python3.13/site-packages/litellm/litellm_core_utils/get_llm_provider_logic.py", line 418, in get_llm_provider
    raise e
  File "/home/codey/Projects/langgraph_mcp_agent/.venv/lib/python3.13/site-packages/litellm/litellm_core_utils/get_llm_provider_logic.py", line 395, in get_llm_provider
    raise litellm.exceptions.BadRequestError(  # type: ignore
    ...<8 lines>...
    )
litellm.exceptions.BadRequestError: litellm.BadRequestError: LLM Provider NOT provided. Pass in the LLM provider you are trying to call. You passed model=gemini-2.5-flash-002
 Pass model as E.g. For 'Huggingface' inference endpoints pass in `completion(model='huggingface/starcoder',..)` Learn more: https://docs.litellm.ai/docs/providers

During handling of the above exception, another exception occurred:

Traceback (most recent call last):
  File "/home/codey/Projects/langgraph_mcp_agent/.venv/lib/python3.13/site-packages/litellm/main.py", line 2925, in completion
    model_response = vertex_chat_completion.completion(  # type: ignore
        model=model,
    ...<17 lines>...
        extra_headers=extra_headers,
    )
  File "/home/codey/Projects/langgraph_mcp_agent/.venv/lib/python3.13/site-packages/litellm/llms/vertex_ai/gemini/vertex_and_google_ai_studio_gemini.py", line 2063, in completion
    _auth_header, vertex_project = self._ensure_access_token(
                                   ~~~~~~~~~~~~~~~~~~~~~~~~~^
        credentials=vertex_credentials,
        ^^^^^^^^^^^^^^^^^^^^^^^^^^^^^^^
        project_id=vertex_project,
        ^^^^^^^^^^^^^^^^^^^^^^^^^^
        custom_llm_provider=custom_llm_provider,
        ^^^^^^^^^^^^^^^^^^^^^^^^^^^^^^^^^^^^^^^^
    )
    ^
  File "/home/codey/Projects/langgraph_mcp_agent/.venv/lib/python3.13/site-packages/litellm/llms/vertex_ai/vertex_llm_base.py", line 267, in _ensure_access_token
    return self.get_access_token(
           ~~~~~~~~~~~~~~~~~~~~~^
        credentials=credentials,
        ^^^^^^^^^^^^^^^^^^^^^^^^
        project_id=project_id,
        ^^^^^^^^^^^^^^^^^^^^^^
    )
    ^
  File "/home/codey/Projects/langgraph_mcp_agent/.venv/lib/python3.13/site-packages/litellm/llms/vertex_ai/vertex_llm_base.py", line 497, in get_access_token
    raise e
  File "/home/codey/Projects/langgraph_mcp_agent/.venv/lib/python3.13/site-packages/litellm/llms/vertex_ai/vertex_llm_base.py", line 490, in get_access_token
    _credentials, credential_project_id = self.load_auth(
                                          ~~~~~~~~~~~~~~^
        credentials=credentials, project_id=project_id
        ^^^^^^^^^^^^^^^^^^^^^^^^^^^^^^^^^^^^^^^^^^^^^^
    )
    ^
  File "/home/codey/Projects/langgraph_mcp_agent/.venv/lib/python3.13/site-packages/litellm/llms/vertex_ai/vertex_llm_base.py", line 114, in load_auth
    creds, creds_project_id = self._credentials_from_default_auth(
                              ~~~~~~~~~~~~~~~~~~~~~~~~~~~~~~~~~~~^
        scopes=["https://www.googleapis.com/auth/cloud-platform"]
        ^^^^^^^^^^^^^^^^^^^^^^^^^^^^^^^^^^^^^^^^^^^^^^^^^^^^^^^^^
    )
    ^
  File "/home/codey/Projects/langgraph_mcp_agent/.venv/lib/python3.13/site-packages/litellm/llms/vertex_ai/vertex_llm_base.py", line 158, in _credentials_from_default_auth
    import google.auth as google_auth
ModuleNotFoundError: No module named 'google.auth'

WARNING  mcp-server-langgraph:llm_factory.py:236 Trying fallback model: claude-3-5-sonnet-20241022
ERROR    mcp-server-langgraph:llm_factory.py:266 Fallback model claude-3-5-sonnet-20241022 failed: litellm.AuthenticationError: AnthropicException - {"error":{"message":"Authentication Error, LiteLLM Virtual Key expected. Received=test-anthropic-key, expected to start with 'sk-'.","type":"auth_error","param":"None","code":"401"}}
Traceback (most recent call last):
  File "/home/codey/Projects/langgraph_mcp_agent/llm_factory.py", line 139, in invoke
    response: ModelResponse = completion(**params)
                              ~~~~~~~~~~^^^^^^^^^^
  File "/home/codey/Projects/langgraph_mcp_agent/.venv/lib/python3.13/site-packages/litellm/utils.py", line 1356, in wrapper
    raise e
  File "/home/codey/Projects/langgraph_mcp_agent/.venv/lib/python3.13/site-packages/litellm/utils.py", line 1231, in wrapper
    result = original_function(*args, **kwargs)
  File "/home/codey/Projects/langgraph_mcp_agent/.venv/lib/python3.13/site-packages/litellm/main.py", line 3733, in completion
    raise exception_type(
    ...<5 lines>...
    )
  File "/home/codey/Projects/langgraph_mcp_agent/.venv/lib/python3.13/site-packages/litellm/main.py", line 1146, in completion
    model, custom_llm_provider, dynamic_api_key, api_base = get_llm_provider(
                                                            ~~~~~~~~~~~~~~~~^
        model=model,
        ^^^^^^^^^^^^
    ...<2 lines>...
        api_key=api_key,
        ^^^^^^^^^^^^^^^^
    )
    ^
  File "/home/codey/Projects/langgraph_mcp_agent/.venv/lib/python3.13/site-packages/litellm/litellm_core_utils/get_llm_provider_logic.py", line 418, in get_llm_provider
    raise e
  File "/home/codey/Projects/langgraph_mcp_agent/.venv/lib/python3.13/site-packages/litellm/litellm_core_utils/get_llm_provider_logic.py", line 395, in get_llm_provider
    raise litellm.exceptions.BadRequestError(  # type: ignore
    ...<8 lines>...
    )
litellm.exceptions.BadRequestError: litellm.BadRequestError: LLM Provider NOT provided. Pass in the LLM provider you are trying to call. You passed model=gemini-2.5-flash-002
 Pass model as E.g. For 'Huggingface' inference endpoints pass in `completion(model='huggingface/starcoder',..)` Learn more: https://docs.litellm.ai/docs/providers

During handling of the above exception, another exception occurred:

Traceback (most recent call last):
  File "/home/codey/Projects/langgraph_mcp_agent/.venv/lib/python3.13/site-packages/litellm/llms/anthropic/chat/handler.py", line 445, in completion
    response = client.post(
        api_base,
    ...<2 lines>...
        timeout=timeout,
    )
  File "/home/codey/Projects/langgraph_mcp_agent/.venv/lib/python3.13/site-packages/litellm/llms/custom_httpx/http_handler.py", line 802, in post
    raise e
  File "/home/codey/Projects/langgraph_mcp_agent/.venv/lib/python3.13/site-packages/litellm/llms/custom_httpx/http_handler.py", line 784, in post
    response.raise_for_status()
    ~~~~~~~~~~~~~~~~~~~~~~~~~^^
  File "/home/codey/Projects/langgraph_mcp_agent/.venv/lib/python3.13/site-packages/httpx/_models.py", line 829, in raise_for_status
    raise HTTPStatusError(message, request=request, response=self)
httpx.HTTPStatusError: Client error '401 Unauthorized' for url 'http://0.0.0.0:4000/v1/messages'
For more information check: https://developer.mozilla.org/en-US/docs/Web/HTTP/Status/401

During handling of the above exception, another exception occurred:

Traceback (most recent call last):
[...]
test_jwt_encoding_performance               14,447.1414 (44.71)      153,939.0069 (21.49)     15,335.0330 (41.64)     5,601.8917 (39.52)     14,898.1344 (41.54)      221.8876 (31.66)      36;446       65.2102 (0.02)       4886           1
test_jwt_validation_performance             15,308.8477 (47.38)      195,757.0203 (27.33)     16,208.1555 (44.01)     5,407.1638 (38.14)     15,889.0616 (44.30)      189.7570 (27.08)     64;1002       61.6973 (0.02)      17663           1
test_state_deserialization_performance     214,081.0248 (662.59)   1,691,540.0047 (236.12)   223,868.1804 (607.91)   67,440.1119 (475.75)   219,461.5081 (611.91)   2,994.6677 (427.31)       3;31        4.4669 (0.00)        826           1
test_state_serialization_performance       220,022.8628 (680.98)   1,693,102.9968 (236.34)   233,031.6924 (632.79)   56,090.2903 (395.69)   228,408.0256 (636.85)   5,740.0321 (819.04)     25;115        4.2913 (0.00)       3637           1
----------------------------------------------------------------------------------------------------------------------------------------------------------------------------------------------------------------------------------------------

Legend:
  Outliers: 1 Standard Deviation from Mean; 1.5 IQR (InterQuartile Range) from 1st Quartile and 3rd Quartile.
  OPS: Operations Per Second, computed as 1 / Mean
=========================== short test summary info ============================
FAILED tests/test_agent.py::TestAgentGraph::test_route_input_to_respond - RuntimeError: All models failed including fallbacks
During task with name 'respond' and id '81503bf9-d984-3c3f-df02-eb7d6f5e3a70'
FAILED tests/test_agent.py::TestAgentGraph::test_route_input_to_tools - RuntimeError: All models failed including fallbacks
During task with name 'respond' and id 'ee16040d-b086-dc52-1d13-0b4441383453'
FAILED tests/test_agent.py::TestAgentGraph::test_route_with_calculate_keyword - RuntimeError: All models failed including fallbacks
During task with name 'respond' and id '31c295a6-9d9f-b027-16c1-8509a44719e8'{
    "name": "auth.authenticate",
    "context": {
        "trace_id": "0x5e49a31704da7ec9345531ac652146b1",
        "span_id": "0xff68825437dcb7a3",
        "trace_state": "[]"
    },
    "kind": "SpanKind.INTERNAL",
    "parent_id": null,
    "start_time": "2025-10-10T21:30:36.851029Z",
    "end_time": "2025-10-10T21:30:36.851068Z",
    "status": {
        "status_code": "UNSET"
    },
    "attributes": {
        "auth.username": "alice"
    },
    "events": [],
    "links": [],
    "resource": {
        "attributes": {
            "telemetry.sdk.language": "python",
            "telemetry.sdk.name": "opentelemetry",
            "telemetry.sdk.version": "1.37.0",
            "service.name": "mcp-server-langgraph",
            "service.version": "1.0.0",
            "deployment.environment": "production"
        },
        "schema_url": ""
    }
}
{
    "name": "auth.authenticate",
    "context": {
        "trace_id": "0x1ad3d1765e822f1532acb409229831cc",
        "span_id": "0x3b067276cb75037a",
        "trace_state": "[]"
    },
    "kind": "SpanKind.INTERNAL",
    "parent_id": null,
    "start_time": "2025-10-10T21:30:36.852027Z",
    "end_time": "2025-10-10T21:30:36.852154Z",
    "status": {
        "status_code": "UNSET"
    },
    "attributes": {
        "auth.username": "nonexistent"
    },
    "events": [],
    "links": [],
    "resource": {
        "attributes": {
            "telemetry.sdk.language": "python",
            "telemetry.sdk.name": "opentelemetry",
            "telemetry.sdk.version": "1.37.0",
            "service.name": "mcp-server-langgraph",
            "service.version": "1.0.0",
            "deployment.environment": "production"
        },
        "schema_url": ""
    }
}
{
    "name": "auth.authenticate",
    "context": {
        "trace_id": "0x2f8314e26433ef48b1ea7046b2640cae",
        "span_id": "0xde044fed8e63390e",
        "trace_state": "[]"
    },
    "kind": "SpanKind.INTERNAL",
    "parent_id": null,
    "start_time": "2025-10-10T21:30:36.853104Z",
    "end_time": "2025-10-10T21:30:36.853194Z",
    "status": {
        "status_code": "UNSET"
    },
    "attributes": {
        "auth.username": "alice"
    },
    "events": [],
    "links": [],
    "resource": {
        "attributes": {
            "telemetry.sdk.language": "python",
            "telemetry.sdk.name": "opentelemetry",
            "telemetry.sdk.version": "1.37.0",
            "service.name": "mcp-server-langgraph",
            "service.version": "1.0.0",
            "deployment.environment": "production"
        },
        "schema_url": ""
    }
}
{
    "name": "auth.authorize",
    "context": {
        "trace_id": "0x6aaaaf0ddeab0f0f79339bad5a69ee31",
        "span_id": "0xf62e99e65fb442c6",
        "trace_state": "[]"
    },
    "kind": "SpanKind.INTERNAL",
    "parent_id": null,
    "start_time": "2025-10-10T21:30:36.854544Z",
    "end_time": "2025-10-10T21:30:36.854792Z",
    "status": {
        "status_code": "UNSET"
    },
    "attributes": {
        "user.id": "user:alice",
        "auth.relation": "executor",
        "auth.resource": "tool:chat",
        "auth.authorized": true
    },
    "events": [],
    "links": [],
    "resource": {
        "attributes": {
            "telemetry.sdk.language": "python",
            "telemetry.sdk.name": "opentelemetry",
            "telemetry.sdk.version": "1.37.0",
            "service.name": "mcp-server-langgraph",
            "service.version": "1.0.0",
            "deployment.environment": "production"
        },
        "schema_url": ""
    }
}
{
    "name": "auth.authorize",
    "context": {
        "trace_id": "0x26125d450859e684ae8d2a1fce4ce997",
        "span_id": "0x1cb9322325c13675",
        "trace_state": "[]"
    },
    "kind": "SpanKind.INTERNAL",
    "parent_id": null,
    "start_time": "2025-10-10T21:30:36.856088Z",
    "end_time": "2025-10-10T21:30:36.856278Z",
    "status": {
        "status_code": "UNSET"
    },
    "attributes": {
        "user.id": "user:bob",
        "auth.relation": "admin",
        "auth.resource": "organization:acme",
        "auth.authorized": false
    },
    "events": [],
    "links": [],
    "resource": {
        "attributes": {
            "telemetry.sdk.language": "python",
            "telemetry.sdk.name": "opentelemetry",
            "telemetry.sdk.version": "1.37.0",
            "service.name": "mcp-server-langgraph",
            "service.version": "1.0.0",
            "deployment.environment": "production"
        },
        "schema_url": ""
    }
}
{
    "name": "auth.authorize",
    "context": {
        "trace_id": "0x81292650cf017bd54536dd58ba33800a",
        "span_id": "0x08a7b62b9634ecb1",
        "trace_state": "[]"
    },
    "kind": "SpanKind.INTERNAL",
    "parent_id": null,
    "start_time": "2025-10-10T21:30:36.857498Z",
    "end_time": "2025-10-10T21:30:36.858397Z",
    "status": {
        "status_code": "UNSET"
    },
    "attributes": {
        "user.id": "user:alice",
        "auth.relation": "executor",
        "auth.resource": "tool:chat"
    },
    "events": [],
    "links": [],
    "resource": {
        "attributes": {
            "telemetry.sdk.language": "python",
            "telemetry.sdk.name": "opentelemetry",
            "telemetry.sdk.version": "1.37.0",
            "service.name": "mcp-server-langgraph",
            "service.version": "1.0.0",
            "deployment.environment": "production"
        },
        "schema_url": ""
    }
}
{
    "name": "auth.authorize",
    "context": {
        "trace_id": "0x454a955a9fd53e48729309cfb6acfba0",
        "span_id": "0x90d201997d8f51c7",
        "trace_state": "[]"
    },
    "kind": "SpanKind.INTERNAL",
    "parent_id": null,
    "start_time": "2025-10-10T21:30:36.859383Z",
    "end_time": "2025-10-10T21:30:36.859473Z",
    "status": {
        "status_code": "UNSET"
    },
    "attributes": {
        "user.id": "user:admin",
        "auth.relation": "executor",
        "auth.resource": "tool:chat"
    },
    "events": [],
    "links": [],
    "resource": {
        "attributes": {
            "telemetry.sdk.language": "python",
            "telemetry.sdk.name": "opentelemetry",
            "telemetry.sdk.version": "1.37.0",
            "service.name": "mcp-server-langgraph",
            "service.version": "1.0.0",
            "deployment.environment": "production"
        },
        "schema_url": ""
    }
}
{
    "name": "auth.authorize",
    "context": {
        "trace_id": "0xf736617492cad81f7a79c96827ebc6ab",
        "span_id": "0xdded75d7036a2821",
        "trace_state": "[]"
    },
    "kind": "SpanKind.INTERNAL",
    "parent_id": null,
    "start_time": "2025-10-10T21:30:36.860440Z",
    "end_time": "2025-10-10T21:30:36.860528Z",
    "status": {
        "status_code": "UNSET"
    },
    "attributes": {
        "user.id": "user:alice",
        "auth.relation": "executor",
        "auth.resource": "tool:chat"
    },
    "events": [],
    "links": [],
    "resource": {
        "attributes": {
            "telemetry.sdk.language": "python",
            "telemetry.sdk.name": "opentelemetry",
            "telemetry.sdk.version": "1.37.0",
            "service.name": "mcp-server-langgraph",
            "service.version": "1.0.0",
            "deployment.environment": "production"
        },
        "schema_url": ""
    }
}
{
    "name": "auth.authorize",
    "context": {
        "trace_id": "0x39b5a9574422597812f2accf6bb554d7",
        "span_id": "0xac7edfde100f91f9",
        "trace_state": "[]"
    },
    "kind": "SpanKind.INTERNAL",
    "parent_id": null,
    "start_time": "2025-10-10T21:30:36.861457Z",
    "end_time": "2025-10-10T21:30:36.861544Z",
    "status": {
        "status_code": "UNSET"
    },
    "attributes": {
        "user.id": "user:bob",
        "auth.relation": "executor",
        "auth.resource": "tool:chat"
    },
    "events": [],
    "links": [],
    "resource": {
        "attributes": {
            "telemetry.sdk.language": "python",
            "telemetry.sdk.name": "opentelemetry",
            "telemetry.sdk.version": "1.37.0",
            "service.name": "mcp-server-langgraph",
            "service.version": "1.0.0",
            "deployment.environment": "production"
        },
        "schema_url": ""
    }
}
{
    "name": "auth.authorize",
    "context": {
        "trace_id": "0x91c21c06272ba9e47f33da98dbea8ad7",
        "span_id": "0x4cd30404576ed122",
        "trace_state": "[]"
    },
    "kind": "SpanKind.INTERNAL",
    "parent_id": null,
    "start_time": "2025-10-10T21:30:36.862480Z",
    "end_time": "2025-10-10T21:30:36.862565Z",
    "status": {
        "status_code": "UNSET"
    },
    "attributes": {
        "user.id": "user:alice",
        "auth.relation": "viewer",
        "auth.resource": "conversation:123"
    },
    "events": [],
    "links": [],
    "resource": {
        "attributes": {
            "telemetry.sdk.language": "python",
            "telemetry.sdk.name": "opentelemetry",
            "telemetry.sdk.version": "1.37.0",
            "service.name": "mcp-server-langgraph",
            "service.version": "1.0.0",
            "deployment.environment": "production"
        },
        "schema_url": ""
    }
}
{
    "name": "auth.authorize",
    "context": {
        "trace_id": "0x7a6aea8693f28c26772b56c364d21327",
        "span_id": "0x37765f03735c4cdb",
        "trace_state": "[]"
    },
    "kind": "SpanKind.INTERNAL",
    "parent_id": null,
    "start_time": "2025-10-10T21:30:36.865070Z",
    "end_time": "2025-10-10T21:30:36.865162Z",
    "status": {
        "status_code": "UNSET"
    },
    "attributes": {
        "user.id": "user:unknown",
        "auth.relation": "executor",
        "auth.resource": "tool:chat"
    },
    "events": [],
    "links": [],
    "resource": {
        "attributes": {
            "telemetry.sdk.language": "python",
            "telemetry.sdk.name": "opentelemetry",
            "telemetry.sdk.version": "1.37.0",
            "service.name": "mcp-server-langgraph",
            "service.version": "1.0.0",
            "deployment.environment": "production"
        },
        "schema_url": ""
    }
}
{
    "name": "auth.authenticate",
    "context": {
        "trace_id": "0x0354192b61aba87835db30b4b0bd0b38",
        "span_id": "0x98206a0bedef686d",
        "trace_state": "[]"
    },
    "kind": "SpanKind.INTERNAL",
    "parent_id": null,
    "start_time": "2025-10-10T21:30:36.877944Z",
    "end_time": "2025-10-10T21:30:36.877975Z",
    "status": {
        "status_code": "UNSET"
    },
    "attributes": {
        "auth.username": "alice"
    },
    "events": [],
    "links": [],
    "resource": {
        "attributes": {
            "telemetry.sdk.language": "python",
            "telemetry.sdk.name": "opentelemetry",
            "telemetry.sdk.version": "1.37.0",
            "service.name": "mcp-server-langgraph",
            "service.version": "1.0.0",
            "deployment.environment": "production"
        },
        "schema_url": ""
    }
}
{
    "name": "auth.authenticate",
    "context": {
        "trace_id": "0x0efdeb6022b36093e39e7010a858c7d0",
        "span_id": "0x1a4f99f9e041b4ae",
        "trace_state": "[]"
    },
    "kind": "SpanKind.INTERNAL",
    "parent_id": null,
    "start_time": "2025-10-10T21:30:36.880175Z",
    "end_time": "2025-10-10T21:30:36.880269Z",
    "status": {
        "status_code": "UNSET"
    },
    "attributes": {
        "auth.username": "nonexistent"
    },
    "events": [],
    "links": [],
    "resource": {
        "attributes": {
            "telemetry.sdk.language": "python",
            "telemetry.sdk.name": "opentelemetry",
            "telemetry.sdk.version": "1.37.0",
            "service.name": "mcp-server-langgraph",
            "service.version": "1.0.0",
            "deployment.environment": "production"
        },
        "schema_url": ""
    }
}
{
    "name": "auth.authenticate",
    "context": {
        "trace_id": "0x94f919c2a2849164fb35d3203641c990",
        "span_id": "0x3bbda29a01f47d62",
        "trace_state": "[]"
    },
    "kind": "SpanKind.INTERNAL",
    "parent_id": null,
    "start_time": "2025-10-10T21:30:36.881627Z",
    "end_time": "2025-10-10T21:30:36.881654Z",
    "status": {
        "status_code": "UNSET"
    },
    "attributes": {
        "auth.username": "alice"
    },
    "events": [],
    "links": [],
    "resource": {
        "attributes": {
            "telemetry.sdk.language": "python",
            "telemetry.sdk.name": "opentelemetry",
            "telemetry.sdk.version": "1.37.0",
            "service.name": "mcp-server-langgraph",
            "service.version": "1.0.0",
            "deployment.environment": "production"
        },
        "schema_url": ""
    }
}
{
    "name": "auth.authorize",
    "context": {
        "trace_id": "0x4b563a388f4e712dcbb02e63c5aa5168",
        "span_id": "0x49f1c55f1274bf34",
        "trace_state": "[]"
    },
    "kind": "SpanKind.INTERNAL",
    "parent_id": null,
    "start_time": "2025-10-10T21:30:36.881698Z",
    "end_time": "2025-10-10T21:30:36.881910Z",
    "status": {
        "status_code": "UNSET"
    },
    "attributes": {
        "user.id": "user:alice",
        "auth.relation": "executor",
        "auth.resource": "tool:chat",
        "auth.authorized": true
    },
    "events": [],
    "links": [],
    "resource": {
        "attributes": {
            "telemetry.sdk.language": "python",
            "telemetry.sdk.name": "opentelemetry",
            "telemetry.sdk.version": "1.37.0",
            "service.name": "mcp-server-langgraph",
            "service.version": "1.0.0",
            "deployment.environment": "production"
        },
        "schema_url": ""
    }
}
{
    "name": "auth.authenticate",
    "context": {
        "trace_id": "0xc67575430e65412794058716673dd4e8",
        "span_id": "0xb4749696046d8ede",
        "trace_state": "[]"
    },
    "kind": "SpanKind.INTERNAL",
    "parent_id": null,
    "start_time": "2025-10-10T21:30:36.883334Z",
    "end_time": "2025-10-10T21:30:36.883358Z",
    "status": {
        "status_code": "UNSET"
    },
    "attributes": {
        "auth.username": "bob"
    },
    "events": [],
    "links": [],
    "resource": {
        "attributes": {
            "telemetry.sdk.language": "python",
            "telemetry.sdk.name": "opentelemetry",
            "telemetry.sdk.version": "1.37.0",
            "service.name": "mcp-server-langgraph",
            "service.version": "1.0.0",
            "deployment.environment": "production"
        },
        "schema_url": ""
    }
}

FAILED tests/test_agent.py::TestAgentGraph::test_agent_with_conversation_history - RuntimeError: All models failed including fallbacks
During task with name 'respond' and id 'de60f177-ab08-8f20-1ada-e2440adbfd9d'
FAILED tests/test_agent.py::TestAgentGraph::test_checkpointing_works - RuntimeError: All models failed including fallbacks
During task with name 'respond' and id 'f0e2944c-7bcf-6775-a564-8a8b241bd59a'
FAILED tests/test_mcp_streamable.py::TestMCPStreamableHTTP::test_server_info_endpoint - RuntimeError: no running event loop
FAILED tests/test_mcp_streamable.py::TestMCPStreamableHTTP::test_health_endpoint - RuntimeError: no running event loop
FAILED tests/test_mcp_streamable.py::TestMCPStreamableHTTP::test_initialize_method - RuntimeError: no running event loop
FAILED tests/test_mcp_streamable.py::TestMCPStreamableHTTP::test_tools_list_method - RuntimeError: no running event loop
FAILED tests/test_mcp_streamable.py::TestMCPStreamableHTTP::test_tools_call_method - RuntimeError: no running event loop
FAILED tests/test_mcp_streamable.py::TestMCPStreamableHTTP::test_tools_call_unauthorized - RuntimeError: no running event loop
FAILED tests/test_mcp_streamable.py::TestMCPStreamableHTTP::test_streaming_response - RuntimeError: no running event loop
FAILED tests/test_mcp_streamable.py::TestMCPStreamableHTTP::test_resources_list_method - RuntimeError: no running event loop
FAILED tests/test_mcp_streamable.py::TestMCPStreamableHTTP::test_invalid_method - RuntimeError: no running event loop
FAILED tests/test_mcp_streamable.py::TestMCPStreamableHTTP::test_malformed_request - RuntimeError: no running event loop
FAILED tests/test_mcp_streamable.py::TestMCPStreamableHTTP::test_cors_headers - RuntimeError: no running event loop
FAILED tests/test_secrets_manager.py::TestSecretsManager::test_clear_cache - AttributeError: 'SecretsManager' object has no attribute 'clear_cache'
================== 17 failed, 69 passed, 4 skipped in 15.25s ===================
Failed to export metrics to localhost:4317, error code: StatusCode.UNAVAILABLE
Transient error StatusCode.UNAVAILABLE encountered while exporting metrics to localhost:4317, retrying in 0.91s.
Failed to export traces to localhost:4317, error code: StatusCode.UNAVAILABLE
Transient error StatusCode.UNAVAILABLE encountered while exporting metrics to localhost:4317, retrying in 2.00s.
Failed to export metrics to localhost:4317, error code: StatusCode.UNAVAILABLE
Exception while exporting metrics
Traceback (most recent call last):
  File "/home/codey/Projects/langgraph_mcp_agent/.venv/lib/python3.13/site-packages/opentelemetry/sdk/metrics/_internal/export/__init__.py", line 550, in _receive_metrics
    self._exporter.export(
    ~~~~~~~~~~~~~~~~~~~~~^
        metrics_data, timeout_millis=timeout_millis
        ^^^^^^^^^^^^^^^^^^^^^^^^^^^^^^^^^^^^^^^^^^^
    )
    ^
  File "/home/codey/Projects/langgraph_mcp_agent/.venv/lib/python3.13/site-packages/opentelemetry/sdk/metrics/_internal/export/__init__.py", line 170, in export
    self.out.write(self.formatter(metrics_data))
    ~~~~~~~~~~~~~~^^^^^^^^^^^^^^^^^^^^^^^^^^^^^^
ValueError: I/O operation on closed file.
Transient error StatusCode.UNAVAILABLE encountered while exporting traces to localhost:4317, retrying in 3.79s.
Failed to export traces to localhost:4317, error code: StatusCode.UNAVAILABLE
