{"/home/vishnu/git/vishnu2kmohan/worktrees/mcp-server-langgraph-session-20251208-224026/src/mcp_server_langgraph/studio/frontend/src/App.tsx": {"path":"/home/vishnu/git/vishnu2kmohan/worktrees/mcp-server-langgraph-session-20251208-224026/src/mcp_server_langgraph/studio/frontend/src/App.tsx","all":true,"statementMap":{"0":{"start":{"line":1,"column":0},"end":{"line":1,"column":42}},"10":{"start":{"line":11,"column":0},"end":{"line":11,"column":23}},"11":{"start":{"line":12,"column":0},"end":{"line":12,"column":10}},"12":{"start":{"line":13,"column":0},"end":{"line":13,"column":60}},"13":{"start":{"line":14,"column":0},"end":{"line":14,"column":16}},"14":{"start":{"line":15,"column":0},"end":{"line":15,"column":14}},"15":{"start":{"line":16,"column":0},"end":{"line":16,"column":31}},"16":{"start":{"line":17,"column":0},"end":{"line":17,"column":18}},"17":{"start":{"line":18,"column":0},"end":{"line":18,"column":23}},"18":{"start":{"line":19,"column":0},"end":{"line":19,"column":25}},"19":{"start":{"line":20,"column":0},"end":{"line":20,"column":23}},"20":{"start":{"line":21,"column":0},"end":{"line":21,"column":31}},"21":{"start":{"line":22,"column":0},"end":{"line":22,"column":12}},"22":{"start":{"line":23,"column":0},"end":{"line":23,"column":10}},"23":{"start":{"line":24,"column":0},"end":{"line":24,"column":8}},"24":{"start":{"line":25,"column":0},"end":{"line":25,"column":10}},"26":{"start":{"line":27,"column":0},"end":{"line":27,"column":1}}},"s":{"0":0,"10":0,"11":0,"12":0,"13":0,"14":0,"15":0,"16":0,"17":0,"18":0,"19":0,"20":0,"21":0,"22":0,"23":0,"24":0,"26":0},"branchMap":{"0":{"type":"branch","line":1,"loc":{"start":{"line":1,"column":0},"end":{"line":27,"column":-224}},"locations":[{"start":{"line":1,"column":0},"end":{"line":27,"column":-224}}]}},"b":{"0":[0]},"fnMap":{"0":{"name":"(empty-report)","decl":{"start":{"line":1,"column":0},"end":{"line":27,"column":-224}},"loc":{"start":{"line":1,"column":0},"end":{"line":27,"column":-224}},"line":1}},"f":{"0":0}}
,"/home/vishnu/git/vishnu2kmohan/worktrees/mcp-server-langgraph-session-20251208-224026/src/mcp_server_langgraph/studio/frontend/src/api/index.ts": {"path":"/home/vishnu/git/vishnu2kmohan/worktrees/mcp-server-langgraph-session-20251208-224026/src/mcp_server_langgraph/studio/frontend/src/api/index.ts","all":false,"statementMap":{"0":{"start":{"line":1,"column":0},"end":{"line":1,"column":3}},"106":{"start":{"line":107,"column":0},"end":{"line":107,"column":30}},"107":{"start":{"line":108,"column":0},"end":{"line":108,"column":21}},"108":{"start":{"line":109,"column":0},"end":{"line":109,"column":29}},"109":{"start":{"line":110,"column":0},"end":{"line":110,"column":23}},"110":{"start":{"line":111,"column":0},"end":{"line":111,"column":34}},"112":{"start":{"line":113,"column":0},"end":{"line":113,"column":55}},"113":{"start":{"line":114,"column":0},"end":{"line":114,"column":18}},"114":{"start":{"line":115,"column":0},"end":{"line":115,"column":56}},"115":{"start":{"line":116,"column":0},"end":{"line":116,"column":7}},"116":{"start":{"line":117,"column":0},"end":{"line":117,"column":21}},"117":{"start":{"line":118,"column":0},"end":{"line":118,"column":6}},"118":{"start":{"line":119,"column":0},"end":{"line":119,"column":5}},"119":{"start":{"line":120,"column":0},"end":{"line":120,"column":80}},"120":{"start":{"line":121,"column":0},"end":{"line":121,"column":28}},"122":{"start":{"line":123,"column":0},"end":{"line":123,"column":56}},"123":{"start":{"line":124,"column":0},"end":{"line":124,"column":31}},"124":{"start":{"line":125,"column":0},"end":{"line":125,"column":37}},"125":{"start":{"line":126,"column":0},"end":{"line":126,"column":7}},"128":{"start":{"line":129,"column":0},"end":{"line":129,"column":33}},"131":{"start":{"line":132,"column":0},"end":{"line":132,"column":7}},"132":{"start":{"line":133,"column":0},"end":{"line":133,"column":43}},"133":{"start":{"line":134,"column":0},"end":{"line":134,"column":26}},"134":{"start":{"line":135,"column":0},"end":{"line":135,"column":34}},"135":{"start":{"line":136,"column":0},"end":{"line":136,"column":9}},"136":{"start":{"line":137,"column":0},"end":{"line":137,"column":31}},"137":{"start":{"line":138,"column":0},"end":{"line":138,"column":14}},"138":{"start":{"line":139,"column":0},"end":{"line":139,"column":13}},"139":{"start":{"line":140,"column":0},"end":{"line":140,"column":83}},"140":{"start":{"line":141,"column":0},"end":{"line":141,"column":47}},"141":{"start":{"line":142,"column":0},"end":{"line":142,"column":13}},"142":{"start":{"line":143,"column":0},"end":{"line":143,"column":47}},"143":{"start":{"line":144,"column":0},"end":{"line":144,"column":7}},"145":{"start":{"line":146,"column":0},"end":{"line":146,"column":50}},"146":{"start":{"line":147,"column":0},"end":{"line":147,"column":40}},"147":{"start":{"line":148,"column":0},"end":{"line":148,"column":72}},"148":{"start":{"line":149,"column":0},"end":{"line":149,"column":7}},"150":{"start":{"line":151,"column":0},"end":{"line":151,"column":37}},"153":{"start":{"line":154,"column":0},"end":{"line":154,"column":7}},"154":{"start":{"line":155,"column":0},"end":{"line":155,"column":25}},"155":{"start":{"line":156,"column":0},"end":{"line":156,"column":26}},"156":{"start":{"line":157,"column":0},"end":{"line":157,"column":23}},"157":{"start":{"line":158,"column":0},"end":{"line":158,"column":13}},"158":{"start":{"line":159,"column":0},"end":{"line":159,"column":9}},"159":{"start":{"line":160,"column":0},"end":{"line":160,"column":58}},"160":{"start":{"line":161,"column":0},"end":{"line":161,"column":7}},"162":{"start":{"line":163,"column":0},"end":{"line":163,"column":37}},"165":{"start":{"line":166,"column":0},"end":{"line":166,"column":7}},"166":{"start":{"line":167,"column":0},"end":{"line":167,"column":36}},"167":{"start":{"line":168,"column":0},"end":{"line":168,"column":32}},"168":{"start":{"line":169,"column":0},"end":{"line":169,"column":22}},"169":{"start":{"line":170,"column":0},"end":{"line":170,"column":13}},"170":{"start":{"line":171,"column":0},"end":{"line":171,"column":9}},"171":{"start":{"line":172,"column":0},"end":{"line":172,"column":53}},"172":{"start":{"line":173,"column":0},"end":{"line":173,"column":33}},"173":{"start":{"line":174,"column":0},"end":{"line":174,"column":41}},"174":{"start":{"line":175,"column":0},"end":{"line":175,"column":8}},"175":{"start":{"line":176,"column":0},"end":{"line":176,"column":7}},"177":{"start":{"line":178,"column":0},"end":{"line":178,"column":52}},"178":{"start":{"line":179,"column":0},"end":{"line":179,"column":23}},"179":{"start":{"line":180,"column":0},"end":{"line":180,"column":32}},"180":{"start":{"line":181,"column":0},"end":{"line":181,"column":25}},"181":{"start":{"line":182,"column":0},"end":{"line":182,"column":9}},"182":{"start":{"line":183,"column":0},"end":{"line":183,"column":49}},"183":{"start":{"line":184,"column":0},"end":{"line":184,"column":33}},"184":{"start":{"line":185,"column":0},"end":{"line":185,"column":41}},"185":{"start":{"line":186,"column":0},"end":{"line":186,"column":8}},"186":{"start":{"line":187,"column":0},"end":{"line":187,"column":7}},"189":{"start":{"line":190,"column":0},"end":{"line":190,"column":32}},"192":{"start":{"line":193,"column":0},"end":{"line":193,"column":7}},"193":{"start":{"line":194,"column":0},"end":{"line":194,"column":43}},"194":{"start":{"line":195,"column":0},"end":{"line":195,"column":25}},"195":{"start":{"line":196,"column":0},"end":{"line":196,"column":34}},"196":{"start":{"line":197,"column":0},"end":{"line":197,"column":9}},"197":{"start":{"line":198,"column":0},"end":{"line":198,"column":31}},"198":{"start":{"line":199,"column":0},"end":{"line":199,"column":14}},"199":{"start":{"line":200,"column":0},"end":{"line":200,"column":13}},"200":{"start":{"line":201,"column":0},"end":{"line":201,"column":56}},"201":{"start":{"line":202,"column":0},"end":{"line":202,"column":41}},"202":{"start":{"line":203,"column":0},"end":{"line":203,"column":31}},"203":{"start":{"line":204,"column":0},"end":{"line":204,"column":18}},"204":{"start":{"line":205,"column":0},"end":{"line":205,"column":46}},"205":{"start":{"line":206,"column":0},"end":{"line":206,"column":13}},"206":{"start":{"line":207,"column":0},"end":{"line":207,"column":46}},"207":{"start":{"line":208,"column":0},"end":{"line":208,"column":7}},"209":{"start":{"line":210,"column":0},"end":{"line":210,"column":48}},"210":{"start":{"line":211,"column":0},"end":{"line":211,"column":39}},"211":{"start":{"line":212,"column":0},"end":{"line":212,"column":71}},"212":{"start":{"line":213,"column":0},"end":{"line":213,"column":7}},"214":{"start":{"line":215,"column":0},"end":{"line":215,"column":36}},"217":{"start":{"line":218,"column":0},"end":{"line":218,"column":7}},"218":{"start":{"line":219,"column":0},"end":{"line":219,"column":25}},"219":{"start":{"line":220,"column":0},"end":{"line":220,"column":25}},"220":{"start":{"line":221,"column":0},"end":{"line":221,"column":23}},"221":{"start":{"line":222,"column":0},"end":{"line":222,"column":13}},"222":{"start":{"line":223,"column":0},"end":{"line":223,"column":9}},"223":{"start":{"line":224,"column":0},"end":{"line":224,"column":57}},"224":{"start":{"line":225,"column":0},"end":{"line":225,"column":7}},"226":{"start":{"line":227,"column":0},"end":{"line":227,"column":51}},"227":{"start":{"line":228,"column":0},"end":{"line":228,"column":23}},"228":{"start":{"line":229,"column":0},"end":{"line":229,"column":31}},"229":{"start":{"line":230,"column":0},"end":{"line":230,"column":25}},"230":{"start":{"line":231,"column":0},"end":{"line":231,"column":9}},"231":{"start":{"line":232,"column":0},"end":{"line":232,"column":49}},"232":{"start":{"line":233,"column":0},"end":{"line":233,"column":32}},"233":{"start":{"line":234,"column":0},"end":{"line":234,"column":40}},"234":{"start":{"line":235,"column":0},"end":{"line":235,"column":8}},"235":{"start":{"line":236,"column":0},"end":{"line":236,"column":7}},"238":{"start":{"line":239,"column":0},"end":{"line":239,"column":58}},"239":{"start":{"line":240,"column":0},"end":{"line":240,"column":62}},"240":{"start":{"line":241,"column":0},"end":{"line":241,"column":53}},"241":{"start":{"line":242,"column":0},"end":{"line":242,"column":56}},"242":{"start":{"line":243,"column":0},"end":{"line":243,"column":8}},"243":{"start":{"line":244,"column":0},"end":{"line":244,"column":7}},"246":{"start":{"line":247,"column":0},"end":{"line":247,"column":86}},"247":{"start":{"line":248,"column":0},"end":{"line":248,"column":25}},"248":{"start":{"line":249,"column":0},"end":{"line":249,"column":33}},"249":{"start":{"line":250,"column":0},"end":{"line":250,"column":23}},"250":{"start":{"line":251,"column":0},"end":{"line":251,"column":13}},"251":{"start":{"line":252,"column":0},"end":{"line":252,"column":9}},"252":{"start":{"line":253,"column":0},"end":{"line":253,"column":34}},"253":{"start":{"line":254,"column":0},"end":{"line":254,"column":26}},"254":{"start":{"line":255,"column":0},"end":{"line":255,"column":69}},"255":{"start":{"line":256,"column":0},"end":{"line":256,"column":15}},"256":{"start":{"line":257,"column":0},"end":{"line":257,"column":7}},"259":{"start":{"line":260,"column":0},"end":{"line":260,"column":69}},"260":{"start":{"line":261,"column":0},"end":{"line":261,"column":39}},"261":{"start":{"line":262,"column":0},"end":{"line":262,"column":29}},"262":{"start":{"line":263,"column":0},"end":{"line":263,"column":27}},"263":{"start":{"line":264,"column":0},"end":{"line":264,"column":9}},"264":{"start":{"line":265,"column":0},"end":{"line":265,"column":29}},"265":{"start":{"line":266,"column":0},"end":{"line":266,"column":7}},"267":{"start":{"line":268,"column":0},"end":{"line":268,"column":34}},"270":{"start":{"line":271,"column":0},"end":{"line":271,"column":7}},"271":{"start":{"line":272,"column":0},"end":{"line":272,"column":39}},"272":{"start":{"line":273,"column":0},"end":{"line":273,"column":30}},"273":{"start":{"line":274,"column":0},"end":{"line":274,"column":27}},"274":{"start":{"line":275,"column":0},"end":{"line":275,"column":9}},"275":{"start":{"line":276,"column":0},"end":{"line":276,"column":29}},"276":{"start":{"line":277,"column":0},"end":{"line":277,"column":7}},"279":{"start":{"line":280,"column":0},"end":{"line":280,"column":30}},"282":{"start":{"line":283,"column":0},"end":{"line":283,"column":7}},"283":{"start":{"line":284,"column":0},"end":{"line":284,"column":43}},"284":{"start":{"line":285,"column":0},"end":{"line":285,"column":37}},"285":{"start":{"line":286,"column":0},"end":{"line":286,"column":34}},"286":{"start":{"line":287,"column":0},"end":{"line":287,"column":9}},"287":{"start":{"line":288,"column":0},"end":{"line":288,"column":30}},"288":{"start":{"line":289,"column":0},"end":{"line":289,"column":7}},"290":{"start":{"line":291,"column":0},"end":{"line":291,"column":48}},"291":{"start":{"line":292,"column":0},"end":{"line":292,"column":51}},"292":{"start":{"line":293,"column":0},"end":{"line":293,"column":69}},"293":{"start":{"line":294,"column":0},"end":{"line":294,"column":7}},"294":{"start":{"line":295,"column":0},"end":{"line":295,"column":5}},"295":{"start":{"line":296,"column":0},"end":{"line":296,"column":3}},"298":{"start":{"line":299,"column":0},"end":{"line":299,"column":14}},"300":{"start":{"line":301,"column":0},"end":{"line":301,"column":26}},"302":{"start":{"line":303,"column":0},"end":{"line":303,"column":24}},"303":{"start":{"line":304,"column":0},"end":{"line":304,"column":22}},"304":{"start":{"line":305,"column":0},"end":{"line":305,"column":28}},"305":{"start":{"line":306,"column":0},"end":{"line":306,"column":28}},"306":{"start":{"line":307,"column":0},"end":{"line":307,"column":28}},"308":{"start":{"line":309,"column":0},"end":{"line":309,"column":23}},"309":{"start":{"line":310,"column":0},"end":{"line":310,"column":21}},"310":{"start":{"line":311,"column":0},"end":{"line":311,"column":27}},"311":{"start":{"line":312,"column":0},"end":{"line":312,"column":27}},"313":{"start":{"line":314,"column":0},"end":{"line":314,"column":29}},"315":{"start":{"line":316,"column":0},"end":{"line":316,"column":29}},"317":{"start":{"line":318,"column":0},"end":{"line":318,"column":25}},"318":{"start":{"line":319,"column":0},"end":{"line":319,"column":25}},"320":{"start":{"line":321,"column":0},"end":{"line":321,"column":21}},"321":{"start":{"line":322,"column":0},"end":{"line":322,"column":19}},"322":{"start":{"line":323,"column":0},"end":{"line":323,"column":8}}},"s":{"0":1,"106":1,"107":1,"108":1,"109":1,"110":1,"112":0,"113":0,"114":0,"115":0,"116":0,"117":0,"118":1,"119":1,"120":1,"122":2,"123":2,"124":2,"125":2,"128":2,"131":2,"132":2,"133":0,"134":0,"135":0,"136":2,"137":0,"138":0,"139":0,"140":0,"141":0,"142":0,"143":2,"145":2,"146":2,"147":2,"148":2,"150":2,"153":2,"154":2,"155":0,"156":0,"157":0,"158":0,"159":2,"160":2,"162":2,"165":2,"166":2,"167":0,"168":0,"169":0,"170":0,"171":2,"172":0,"173":0,"174":0,"175":2,"177":2,"178":2,"179":0,"180":0,"181":0,"182":2,"183":0,"184":0,"185":0,"186":2,"189":2,"192":2,"193":2,"194":0,"195":0,"196":0,"197":2,"198":0,"199":0,"200":0,"201":0,"202":0,"203":0,"204":0,"205":0,"206":0,"207":2,"209":2,"210":2,"211":2,"212":2,"214":2,"217":2,"218":2,"219":0,"220":0,"221":0,"222":0,"223":2,"224":2,"226":2,"227":2,"228":0,"229":0,"230":0,"231":2,"232":0,"233":0,"234":0,"235":2,"238":2,"239":2,"240":2,"241":0,"242":0,"243":2,"246":2,"247":2,"248":0,"249":0,"250":0,"251":0,"252":2,"253":0,"254":0,"255":0,"256":2,"259":2,"260":2,"261":0,"262":0,"263":0,"264":2,"265":2,"267":2,"270":2,"271":2,"272":0,"273":0,"274":0,"275":2,"276":2,"279":2,"282":2,"283":2,"284":0,"285":0,"286":0,"287":2,"288":2,"290":2,"291":2,"292":2,"293":2,"294":2,"295":1,"298":1,"300":1,"302":1,"303":1,"304":1,"305":1,"306":1,"308":1,"309":1,"310":1,"311":1,"313":1,"315":1,"317":1,"318":1,"320":1,"321":1,"322":1},"branchMap":{"0":{"type":"branch","line":121,"loc":{"start":{"line":121,"column":13},"end":{"line":295,"column":5}},"locations":[{"start":{"line":121,"column":13},"end":{"line":295,"column":5}}]}},"b":{"0":[2]},"fnMap":{"0":{"name":"prepareHeaders","decl":{"start":{"line":111,"column":20},"end":{"line":118,"column":6}},"loc":{"start":{"line":111,"column":20},"end":{"line":118,"column":6}},"line":111},"1":{"name":"endpoints","decl":{"start":{"line":121,"column":13},"end":{"line":295,"column":5}},"loc":{"start":{"line":121,"column":13},"end":{"line":295,"column":5}},"line":121},"2":{"name":"query","decl":{"start":{"line":124,"column":13},"end":{"line":124,"column":31}},"loc":{"start":{"line":124,"column":13},"end":{"line":124,"column":31}},"line":124},"3":{"name":"query","decl":{"start":{"line":133,"column":13},"end":{"line":136,"column":9}},"loc":{"start":{"line":133,"column":13},"end":{"line":136,"column":9}},"line":133},"4":{"name":"providesTags","decl":{"start":{"line":137,"column":20},"end":{"line":143,"column":47}},"loc":{"start":{"line":137,"column":20},"end":{"line":143,"column":47}},"line":137},"5":{"name":"query","decl":{"start":{"line":147,"column":13},"end":{"line":147,"column":40}},"loc":{"start":{"line":147,"column":13},"end":{"line":147,"column":40}},"line":147},"6":{"name":"providesTags","decl":{"start":{"line":148,"column":20},"end":{"line":148,"column":72}},"loc":{"start":{"line":148,"column":20},"end":{"line":148,"column":72}},"line":148},"7":{"name":"query","decl":{"start":{"line":155,"column":13},"end":{"line":159,"column":9}},"loc":{"start":{"line":155,"column":13},"end":{"line":159,"column":9}},"line":155},"8":{"name":"query","decl":{"start":{"line":167,"column":13},"end":{"line":171,"column":9}},"loc":{"start":{"line":167,"column":13},"end":{"line":171,"column":9}},"line":167},"9":{"name":"invalidatesTags","decl":{"start":{"line":172,"column":23},"end":{"line":175,"column":8}},"loc":{"start":{"line":172,"column":23},"end":{"line":175,"column":8}},"line":172},"10":{"name":"query","decl":{"start":{"line":179,"column":13},"end":{"line":182,"column":9}},"loc":{"start":{"line":179,"column":13},"end":{"line":182,"column":9}},"line":179},"11":{"name":"invalidatesTags","decl":{"start":{"line":183,"column":23},"end":{"line":186,"column":8}},"loc":{"start":{"line":183,"column":23},"end":{"line":186,"column":8}},"line":183},"12":{"name":"query","decl":{"start":{"line":194,"column":13},"end":{"line":197,"column":9}},"loc":{"start":{"line":194,"column":13},"end":{"line":197,"column":9}},"line":194},"13":{"name":"providesTags","decl":{"start":{"line":198,"column":20},"end":{"line":207,"column":46}},"loc":{"start":{"line":198,"column":20},"end":{"line":207,"column":46}},"line":198},"14":{"name":"query","decl":{"start":{"line":211,"column":13},"end":{"line":211,"column":39}},"loc":{"start":{"line":211,"column":13},"end":{"line":211,"column":39}},"line":211},"15":{"name":"providesTags","decl":{"start":{"line":212,"column":20},"end":{"line":212,"column":71}},"loc":{"start":{"line":212,"column":20},"end":{"line":212,"column":71}},"line":212},"16":{"name":"query","decl":{"start":{"line":219,"column":13},"end":{"line":223,"column":9}},"loc":{"start":{"line":219,"column":13},"end":{"line":223,"column":9}},"line":219},"17":{"name":"query","decl":{"start":{"line":228,"column":13},"end":{"line":231,"column":9}},"loc":{"start":{"line":228,"column":13},"end":{"line":231,"column":9}},"line":228},"18":{"name":"invalidatesTags","decl":{"start":{"line":232,"column":23},"end":{"line":235,"column":8}},"loc":{"start":{"line":232,"column":23},"end":{"line":235,"column":8}},"line":232},"19":{"name":"query","decl":{"start":{"line":240,"column":13},"end":{"line":240,"column":62}},"loc":{"start":{"line":240,"column":13},"end":{"line":240,"column":62}},"line":240},"20":{"name":"providesTags","decl":{"start":{"line":241,"column":20},"end":{"line":243,"column":8}},"loc":{"start":{"line":241,"column":20},"end":{"line":243,"column":8}},"line":241},"21":{"name":"query","decl":{"start":{"line":248,"column":13},"end":{"line":252,"column":9}},"loc":{"start":{"line":248,"column":13},"end":{"line":252,"column":9}},"line":248},"22":{"name":"invalidatesTags","decl":{"start":{"line":253,"column":23},"end":{"line":256,"column":15}},"loc":{"start":{"line":253,"column":23},"end":{"line":256,"column":15}},"line":253},"23":{"name":"query","decl":{"start":{"line":261,"column":13},"end":{"line":264,"column":9}},"loc":{"start":{"line":261,"column":13},"end":{"line":264,"column":9}},"line":261},"24":{"name":"query","decl":{"start":{"line":272,"column":13},"end":{"line":275,"column":9}},"loc":{"start":{"line":272,"column":13},"end":{"line":275,"column":9}},"line":272},"25":{"name":"query","decl":{"start":{"line":284,"column":13},"end":{"line":287,"column":9}},"loc":{"start":{"line":284,"column":13},"end":{"line":287,"column":9}},"line":284},"26":{"name":"query","decl":{"start":{"line":292,"column":13},"end":{"line":292,"column":51}},"loc":{"start":{"line":292,"column":13},"end":{"line":292,"column":51}},"line":292},"27":{"name":"providesTags","decl":{"start":{"line":293,"column":20},"end":{"line":293,"column":69}},"loc":{"start":{"line":293,"column":20},"end":{"line":293,"column":69}},"line":293}},"f":{"0":0,"1":2,"2":0,"3":0,"4":0,"5":0,"6":0,"7":0,"8":0,"9":0,"10":0,"11":0,"12":0,"13":0,"14":0,"15":0,"16":0,"17":0,"18":0,"19":0,"20":0,"21":0,"22":0,"23":0,"24":0,"25":0,"26":0,"27":0}}
,"/home/vishnu/git/vishnu2kmohan/worktrees/mcp-server-langgraph-session-20251208-224026/src/mcp_server_langgraph/studio/frontend/src/components/Admin/AdminDashboard.tsx": {"path":"/home/vishnu/git/vishnu2kmohan/worktrees/mcp-server-langgraph-session-20251208-224026/src/mcp_server_langgraph/studio/frontend/src/components/Admin/AdminDashboard.tsx","all":false,"statementMap":{"0":{"start":{"line":1,"column":0},"end":{"line":1,"column":3}},"31":{"start":{"line":32,"column":0},"end":{"line":32,"column":32}},"32":{"start":{"line":33,"column":0},"end":{"line":33,"column":15}},"33":{"start":{"line":34,"column":0},"end":{"line":34,"column":15}},"34":{"start":{"line":35,"column":0},"end":{"line":35,"column":12}},"35":{"start":{"line":36,"column":0},"end":{"line":36,"column":12}},"36":{"start":{"line":37,"column":0},"end":{"line":37,"column":25}},"37":{"start":{"line":38,"column":0},"end":{"line":38,"column":18}},"38":{"start":{"line":39,"column":0},"end":{"line":39,"column":12}},"39":{"start":{"line":40,"column":0},"end":{"line":40,"column":10}},"40":{"start":{"line":41,"column":0},"end":{"line":41,"column":39}},"41":{"start":{"line":42,"column":0},"end":{"line":42,"column":59}},"43":{"start":{"line":44,"column":0},"end":{"line":44,"column":66}},"44":{"start":{"line":45,"column":0},"end":{"line":45,"column":12}},"46":{"start":{"line":47,"column":0},"end":{"line":47,"column":3}},"48":{"start":{"line":49,"column":0},"end":{"line":49,"column":62}},"49":{"start":{"line":50,"column":0},"end":{"line":50,"column":21}},"50":{"start":{"line":51,"column":0},"end":{"line":51,"column":21}},"51":{"start":{"line":52,"column":0},"end":{"line":52,"column":30}},"52":{"start":{"line":53,"column":0},"end":{"line":53,"column":22}},"53":{"start":{"line":54,"column":0},"end":{"line":54,"column":31}},"54":{"start":{"line":55,"column":0},"end":{"line":55,"column":23}},"55":{"start":{"line":56,"column":0},"end":{"line":56,"column":28}},"56":{"start":{"line":57,"column":0},"end":{"line":57,"column":5}},"57":{"start":{"line":58,"column":0},"end":{"line":58,"column":4}},"59":{"start":{"line":60,"column":0},"end":{"line":60,"column":10}},"60":{"start":{"line":61,"column":0},"end":{"line":61,"column":35}},"62":{"start":{"line":63,"column":0},"end":{"line":63,"column":57}},"63":{"start":{"line":64,"column":0},"end":{"line":64,"column":73}},"65":{"start":{"line":66,"column":0},"end":{"line":66,"column":13}},"66":{"start":{"line":67,"column":0},"end":{"line":67,"column":15}},"67":{"start":{"line":68,"column":0},"end":{"line":68,"column":29}},"68":{"start":{"line":69,"column":0},"end":{"line":69,"column":133}},"69":{"start":{"line":70,"column":0},"end":{"line":70,"column":40}},"71":{"start":{"line":72,"column":0},"end":{"line":72,"column":43}},"73":{"start":{"line":74,"column":0},"end":{"line":74,"column":17}},"74":{"start":{"line":75,"column":0},"end":{"line":75,"column":12}},"77":{"start":{"line":78,"column":0},"end":{"line":78,"column":75}},"78":{"start":{"line":79,"column":0},"end":{"line":79,"column":81}},"80":{"start":{"line":81,"column":0},"end":{"line":81,"column":13}},"82":{"start":{"line":83,"column":0},"end":{"line":83,"column":63}},"84":{"start":{"line":85,"column":0},"end":{"line":85,"column":70}},"85":{"start":{"line":86,"column":0},"end":{"line":86,"column":58}},"86":{"start":{"line":87,"column":0},"end":{"line":87,"column":18}},"87":{"start":{"line":88,"column":0},"end":{"line":88,"column":43}},"88":{"start":{"line":89,"column":0},"end":{"line":89,"column":89}},"89":{"start":{"line":90,"column":0},"end":{"line":90,"column":16}},"90":{"start":{"line":91,"column":0},"end":{"line":91,"column":73}},"92":{"start":{"line":93,"column":0},"end":{"line":93,"column":21}},"93":{"start":{"line":94,"column":0},"end":{"line":94,"column":18}},"94":{"start":{"line":95,"column":0},"end":{"line":95,"column":93}},"95":{"start":{"line":96,"column":0},"end":{"line":96,"column":35}},"96":{"start":{"line":97,"column":0},"end":{"line":97,"column":19}},"97":{"start":{"line":98,"column":0},"end":{"line":98,"column":16}},"100":{"start":{"line":101,"column":0},"end":{"line":101,"column":70}},"101":{"start":{"line":102,"column":0},"end":{"line":102,"column":82}},"103":{"start":{"line":104,"column":0},"end":{"line":104,"column":19}},"104":{"start":{"line":105,"column":0},"end":{"line":105,"column":82}},"105":{"start":{"line":106,"column":0},"end":{"line":106,"column":36}},"106":{"start":{"line":107,"column":0},"end":{"line":107,"column":19}},"107":{"start":{"line":108,"column":0},"end":{"line":108,"column":16}},"110":{"start":{"line":111,"column":0},"end":{"line":111,"column":70}},"111":{"start":{"line":112,"column":0},"end":{"line":112,"column":82}},"113":{"start":{"line":114,"column":0},"end":{"line":114,"column":19}},"114":{"start":{"line":115,"column":0},"end":{"line":115,"column":82}},"115":{"start":{"line":116,"column":0},"end":{"line":116,"column":40}},"116":{"start":{"line":117,"column":0},"end":{"line":117,"column":19}},"117":{"start":{"line":118,"column":0},"end":{"line":118,"column":16}},"120":{"start":{"line":121,"column":0},"end":{"line":121,"column":70}},"121":{"start":{"line":122,"column":0},"end":{"line":122,"column":82}},"123":{"start":{"line":124,"column":0},"end":{"line":124,"column":19}},"124":{"start":{"line":125,"column":0},"end":{"line":125,"column":82}},"125":{"start":{"line":126,"column":0},"end":{"line":126,"column":39}},"126":{"start":{"line":127,"column":0},"end":{"line":127,"column":19}},"127":{"start":{"line":128,"column":0},"end":{"line":128,"column":16}},"128":{"start":{"line":129,"column":0},"end":{"line":129,"column":14}},"129":{"start":{"line":130,"column":0},"end":{"line":130,"column":16}},"132":{"start":{"line":133,"column":0},"end":{"line":133,"column":75}},"133":{"start":{"line":134,"column":0},"end":{"line":134,"column":81}},"135":{"start":{"line":136,"column":0},"end":{"line":136,"column":13}},"137":{"start":{"line":138,"column":0},"end":{"line":138,"column":63}},"138":{"start":{"line":139,"column":0},"end":{"line":139,"column":73}},"139":{"start":{"line":140,"column":0},"end":{"line":140,"column":75}},"140":{"start":{"line":141,"column":0},"end":{"line":141,"column":71}},"141":{"start":{"line":142,"column":0},"end":{"line":142,"column":73}},"142":{"start":{"line":143,"column":0},"end":{"line":143,"column":78}},"143":{"start":{"line":144,"column":0},"end":{"line":144,"column":14}},"144":{"start":{"line":145,"column":0},"end":{"line":145,"column":16}},"145":{"start":{"line":146,"column":0},"end":{"line":146,"column":10}},"147":{"start":{"line":148,"column":0},"end":{"line":148,"column":1}},"154":{"start":{"line":155,"column":0},"end":{"line":155,"column":56}},"155":{"start":{"line":156,"column":0},"end":{"line":156,"column":39}},"156":{"start":{"line":157,"column":0},"end":{"line":157,"column":45}},"157":{"start":{"line":158,"column":0},"end":{"line":158,"column":46}},"158":{"start":{"line":159,"column":0},"end":{"line":159,"column":26}},"159":{"start":{"line":160,"column":0},"end":{"line":160,"column":4}},"161":{"start":{"line":162,"column":0},"end":{"line":162,"column":10}},"162":{"start":{"line":163,"column":0},"end":{"line":163,"column":64}},"163":{"start":{"line":164,"column":0},"end":{"line":164,"column":76}},"164":{"start":{"line":165,"column":0},"end":{"line":165,"column":15}},"165":{"start":{"line":166,"column":0},"end":{"line":166,"column":13}},"166":{"start":{"line":167,"column":0},"end":{"line":167,"column":67}},"167":{"start":{"line":168,"column":0},"end":{"line":168,"column":16}},"168":{"start":{"line":169,"column":0},"end":{"line":169,"column":13}},"169":{"start":{"line":170,"column":0},"end":{"line":170,"column":10}},"171":{"start":{"line":172,"column":0},"end":{"line":172,"column":1}}},"s":{"0":1,"31":1,"32":15,"33":15,"34":15,"35":15,"36":15,"37":15,"38":2,"39":2,"40":2,"41":2,"43":2,"44":2,"46":2,"48":13,"49":13,"50":13,"51":11,"52":13,"53":1,"54":13,"55":1,"56":13,"57":13,"59":13,"60":13,"62":13,"63":13,"65":13,"66":13,"67":13,"68":13,"69":13,"71":13,"73":13,"74":13,"77":13,"78":13,"80":13,"82":13,"84":13,"85":13,"86":13,"87":13,"88":13,"89":13,"90":13,"92":13,"93":13,"94":13,"95":13,"96":13,"97":13,"100":13,"101":13,"103":13,"104":13,"105":13,"106":13,"107":13,"110":13,"111":13,"113":13,"114":13,"115":13,"116":13,"117":13,"120":13,"121":13,"123":13,"124":13,"125":13,"126":13,"127":13,"128":13,"129":13,"132":13,"133":13,"135":13,"137":13,"138":13,"139":13,"140":13,"141":13,"142":13,"143":13,"144":13,"145":13,"147":13,"154":65,"155":65,"156":65,"157":26,"158":0,"159":65,"161":65,"162":65,"163":65,"164":65,"165":65,"166":65,"167":65,"168":65,"169":65,"171":65},"branchMap":{"0":{"type":"branch","line":32,"loc":{"start":{"line":32,"column":7},"end":{"line":148,"column":1}},"locations":[{"start":{"line":32,"column":7},"end":{"line":148,"column":1}}]},"1":{"type":"branch","line":38,"loc":{"start":{"line":38,"column":17},"end":{"line":47,"column":3}},"locations":[{"start":{"line":38,"column":17},"end":{"line":47,"column":3}}]},"2":{"type":"branch","line":47,"loc":{"start":{"line":47,"column":2},"end":{"line":148,"column":1}},"locations":[{"start":{"line":47,"column":2},"end":{"line":148,"column":1}}]},"3":{"type":"branch","line":49,"loc":{"start":{"line":49,"column":25},"end":{"line":58,"column":4}},"locations":[{"start":{"line":49,"column":25},"end":{"line":58,"column":4}}]},"4":{"type":"branch","line":51,"loc":{"start":{"line":51,"column":6},"end":{"line":52,"column":30}},"locations":[{"start":{"line":51,"column":6},"end":{"line":52,"column":30}}]},"5":{"type":"branch","line":53,"loc":{"start":{"line":53,"column":6},"end":{"line":54,"column":31}},"locations":[{"start":{"line":53,"column":6},"end":{"line":54,"column":31}}]},"6":{"type":"branch","line":55,"loc":{"start":{"line":55,"column":6},"end":{"line":56,"column":28}},"locations":[{"start":{"line":55,"column":6},"end":{"line":56,"column":28}}]},"7":{"type":"branch","line":155,"loc":{"start":{"line":155,"column":0},"end":{"line":172,"column":1}},"locations":[{"start":{"line":155,"column":0},"end":{"line":172,"column":1}}]},"8":{"type":"branch","line":156,"loc":{"start":{"line":156,"column":19},"end":{"line":160,"column":4}},"locations":[{"start":{"line":156,"column":19},"end":{"line":160,"column":4}}]},"9":{"type":"branch","line":157,"loc":{"start":{"line":157,"column":21},"end":{"line":157,"column":45}},"locations":[{"start":{"line":157,"column":21},"end":{"line":157,"column":45}}]},"10":{"type":"branch","line":157,"loc":{"start":{"line":157,"column":28},"end":{"line":158,"column":46}},"locations":[{"start":{"line":157,"column":28},"end":{"line":158,"column":46}}]},"11":{"type":"branch","line":158,"loc":{"start":{"line":158,"column":28},"end":{"line":159,"column":26}},"locations":[{"start":{"line":158,"column":28},"end":{"line":159,"column":26}}]}},"b":{"0":[15],"1":[2],"2":[13],"3":[13],"4":[11],"5":[1],"6":[1],"7":[65],"8":[65],"9":[39],"10":[26],"11":[0]},"fnMap":{"0":{"name":"AdminDashboard","decl":{"start":{"line":32,"column":7},"end":{"line":148,"column":1}},"loc":{"start":{"line":32,"column":7},"end":{"line":148,"column":1}},"line":32},"1":{"name":"getHealthColor","decl":{"start":{"line":49,"column":25},"end":{"line":58,"column":4}},"loc":{"start":{"line":49,"column":25},"end":{"line":58,"column":4}},"line":49},"2":{"name":"MetricCard","decl":{"start":{"line":155,"column":0},"end":{"line":172,"column":1}},"loc":{"start":{"line":155,"column":0},"end":{"line":172,"column":1}},"line":155},"3":{"name":"getColor","decl":{"start":{"line":156,"column":19},"end":{"line":160,"column":4}},"loc":{"start":{"line":156,"column":19},"end":{"line":160,"column":4}},"line":156}},"f":{"0":15,"1":13,"2":65,"3":65}}
,"/home/vishnu/git/vishnu2kmohan/worktrees/mcp-server-langgraph-session-20251208-224026/src/mcp_server_langgraph/studio/frontend/src/components/Admin/OrganizationManager.tsx": {"path":"/home/vishnu/git/vishnu2kmohan/worktrees/mcp-server-langgraph-session-20251208-224026/src/mcp_server_langgraph/studio/frontend/src/components/Admin/OrganizationManager.tsx","all":false,"statementMap":{"0":{"start":{"line":1,"column":0},"end":{"line":1,"column":3}},"34":{"start":{"line":35,"column":0},"end":{"line":35,"column":37}},"35":{"start":{"line":36,"column":0},"end":{"line":36,"column":16}},"36":{"start":{"line":37,"column":0},"end":{"line":37,"column":12}},"37":{"start":{"line":38,"column":0},"end":{"line":38,"column":16}},"38":{"start":{"line":39,"column":0},"end":{"line":39,"column":11}},"39":{"start":{"line":40,"column":0},"end":{"line":40,"column":11}},"40":{"start":{"line":41,"column":0},"end":{"line":41,"column":11}},"41":{"start":{"line":42,"column":0},"end":{"line":42,"column":11}},"42":{"start":{"line":43,"column":0},"end":{"line":43,"column":30}},"43":{"start":{"line":44,"column":0},"end":{"line":44,"column":53}},"44":{"start":{"line":45,"column":0},"end":{"line":45,"column":68}},"45":{"start":{"line":46,"column":0},"end":{"line":46,"column":64}},"46":{"start":{"line":47,"column":0},"end":{"line":47,"column":72}},"47":{"start":{"line":48,"column":0},"end":{"line":48,"column":74}},"48":{"start":{"line":49,"column":0},"end":{"line":49,"column":74}},"49":{"start":{"line":50,"column":0},"end":{"line":50,"column":79}},"51":{"start":{"line":52,"column":0},"end":{"line":52,"column":47}},"52":{"start":{"line":53,"column":0},"end":{"line":53,"column":43}},"53":{"start":{"line":54,"column":0},"end":{"line":54,"column":44}},"54":{"start":{"line":55,"column":0},"end":{"line":55,"column":32}},"55":{"start":{"line":56,"column":0},"end":{"line":56,"column":14}},"56":{"start":{"line":57,"column":0},"end":{"line":57,"column":49}},"57":{"start":{"line":58,"column":0},"end":{"line":58,"column":46}},"58":{"start":{"line":59,"column":0},"end":{"line":59,"column":6}},"59":{"start":{"line":60,"column":0},"end":{"line":60,"column":35}},"61":{"start":{"line":62,"column":0},"end":{"line":62,"column":30}},"62":{"start":{"line":63,"column":0},"end":{"line":63,"column":23}},"63":{"start":{"line":64,"column":0},"end":{"line":64,"column":30}},"64":{"start":{"line":65,"column":0},"end":{"line":65,"column":32}},"65":{"start":{"line":66,"column":0},"end":{"line":66,"column":4}},"67":{"start":{"line":68,"column":0},"end":{"line":68,"column":45}},"68":{"start":{"line":69,"column":0},"end":{"line":69,"column":23}},"69":{"start":{"line":70,"column":0},"end":{"line":70,"column":68}},"70":{"start":{"line":71,"column":0},"end":{"line":71,"column":29}},"71":{"start":{"line":72,"column":0},"end":{"line":72,"column":4}},"73":{"start":{"line":74,"column":0},"end":{"line":74,"column":30}},"74":{"start":{"line":75,"column":0},"end":{"line":75,"column":21}},"75":{"start":{"line":76,"column":0},"end":{"line":76,"column":40}},"76":{"start":{"line":77,"column":0},"end":{"line":77,"column":26}},"77":{"start":{"line":78,"column":0},"end":{"line":78,"column":32}},"78":{"start":{"line":79,"column":0},"end":{"line":79,"column":32}},"79":{"start":{"line":80,"column":0},"end":{"line":80,"column":5}},"80":{"start":{"line":81,"column":0},"end":{"line":81,"column":4}},"82":{"start":{"line":83,"column":0},"end":{"line":83,"column":45}},"83":{"start":{"line":84,"column":0},"end":{"line":84,"column":25}},"84":{"start":{"line":85,"column":0},"end":{"line":85,"column":33}},"85":{"start":{"line":86,"column":0},"end":{"line":86,"column":4}},"87":{"start":{"line":88,"column":0},"end":{"line":88,"column":37}},"88":{"start":{"line":89,"column":0},"end":{"line":89,"column":24}},"89":{"start":{"line":90,"column":0},"end":{"line":90,"column":30}},"90":{"start":{"line":91,"column":0},"end":{"line":91,"column":29}},"91":{"start":{"line":92,"column":0},"end":{"line":92,"column":36}},"92":{"start":{"line":93,"column":0},"end":{"line":93,"column":5}},"93":{"start":{"line":94,"column":0},"end":{"line":94,"column":4}},"95":{"start":{"line":96,"column":0},"end":{"line":96,"column":56}},"96":{"start":{"line":97,"column":0},"end":{"line":97,"column":19}},"97":{"start":{"line":98,"column":0},"end":{"line":98,"column":18}},"98":{"start":{"line":99,"column":0},"end":{"line":99,"column":22}},"99":{"start":{"line":100,"column":0},"end":{"line":100,"column":18}},"100":{"start":{"line":101,"column":0},"end":{"line":101,"column":22}},"101":{"start":{"line":102,"column":0},"end":{"line":102,"column":24}},"102":{"start":{"line":103,"column":0},"end":{"line":103,"column":28}},"103":{"start":{"line":104,"column":0},"end":{"line":104,"column":5}},"104":{"start":{"line":105,"column":0},"end":{"line":105,"column":4}},"106":{"start":{"line":107,"column":0},"end":{"line":107,"column":18}},"107":{"start":{"line":108,"column":0},"end":{"line":108,"column":12}},"108":{"start":{"line":109,"column":0},"end":{"line":109,"column":10}},"109":{"start":{"line":110,"column":0},"end":{"line":110,"column":33}},"110":{"start":{"line":111,"column":0},"end":{"line":111,"column":59}},"112":{"start":{"line":113,"column":0},"end":{"line":113,"column":66}},"113":{"start":{"line":114,"column":0},"end":{"line":114,"column":12}},"115":{"start":{"line":116,"column":0},"end":{"line":116,"column":3}},"117":{"start":{"line":118,"column":0},"end":{"line":118,"column":10}},"118":{"start":{"line":119,"column":0},"end":{"line":119,"column":35}},"120":{"start":{"line":121,"column":0},"end":{"line":121,"column":57}},"121":{"start":{"line":122,"column":0},"end":{"line":122,"column":76}},"123":{"start":{"line":124,"column":0},"end":{"line":124,"column":13}},"124":{"start":{"line":125,"column":0},"end":{"line":125,"column":15}},"125":{"start":{"line":126,"column":0},"end":{"line":126,"column":52}},"126":{"start":{"line":127,"column":0},"end":{"line":127,"column":125}},"128":{"start":{"line":129,"column":0},"end":{"line":129,"column":38}},"130":{"start":{"line":131,"column":0},"end":{"line":131,"column":17}},"131":{"start":{"line":132,"column":0},"end":{"line":132,"column":12}},"134":{"start":{"line":135,"column":0},"end":{"line":135,"column":32}},"135":{"start":{"line":136,"column":0},"end":{"line":136,"column":103}},"136":{"start":{"line":137,"column":0},"end":{"line":137,"column":14}},"137":{"start":{"line":138,"column":0},"end":{"line":138,"column":21}},"138":{"start":{"line":139,"column":0},"end":{"line":139,"column":47}},"139":{"start":{"line":140,"column":0},"end":{"line":140,"column":29}},"140":{"start":{"line":141,"column":0},"end":{"line":141,"column":58}},"141":{"start":{"line":142,"column":0},"end":{"line":142,"column":207}},"142":{"start":{"line":143,"column":0},"end":{"line":143,"column":10}},"143":{"start":{"line":144,"column":0},"end":{"line":144,"column":12}},"146":{"start":{"line":147,"column":0},"end":{"line":147,"column":45}},"147":{"start":{"line":148,"column":0},"end":{"line":148,"column":56}},"149":{"start":{"line":150,"column":0},"end":{"line":150,"column":14}},"151":{"start":{"line":152,"column":0},"end":{"line":152,"column":35}},"152":{"start":{"line":153,"column":0},"end":{"line":153,"column":47}},"153":{"start":{"line":154,"column":0},"end":{"line":154,"column":16}},"154":{"start":{"line":155,"column":0},"end":{"line":155,"column":26}},"155":{"start":{"line":156,"column":0},"end":{"line":156,"column":35}},"156":{"start":{"line":157,"column":0},"end":{"line":157,"column":46}},"157":{"start":{"line":158,"column":0},"end":{"line":158,"column":117}},"158":{"start":{"line":159,"column":0},"end":{"line":159,"column":40}},"159":{"start":{"line":160,"column":0},"end":{"line":160,"column":86}},"160":{"start":{"line":161,"column":0},"end":{"line":161,"column":124}},"161":{"start":{"line":162,"column":0},"end":{"line":162,"column":17}},"163":{"start":{"line":164,"column":0},"end":{"line":164,"column":38}},"164":{"start":{"line":165,"column":0},"end":{"line":165,"column":74}},"165":{"start":{"line":166,"column":0},"end":{"line":166,"column":28}},"166":{"start":{"line":167,"column":0},"end":{"line":167,"column":21}},"167":{"start":{"line":168,"column":0},"end":{"line":168,"column":103}},"168":{"start":{"line":169,"column":0},"end":{"line":169,"column":56}},"169":{"start":{"line":170,"column":0},"end":{"line":170,"column":93}},"170":{"start":{"line":171,"column":0},"end":{"line":171,"column":44}},"171":{"start":{"line":172,"column":0},"end":{"line":172,"column":25}},"172":{"start":{"line":173,"column":0},"end":{"line":173,"column":22}},"173":{"start":{"line":174,"column":0},"end":{"line":174,"column":20}},"174":{"start":{"line":175,"column":0},"end":{"line":175,"column":55}},"175":{"start":{"line":176,"column":0},"end":{"line":176,"column":23}},"176":{"start":{"line":177,"column":0},"end":{"line":177,"column":35}},"177":{"start":{"line":178,"column":0},"end":{"line":178,"column":40}},"178":{"start":{"line":179,"column":0},"end":{"line":179,"column":36}},"179":{"start":{"line":180,"column":0},"end":{"line":180,"column":20}},"180":{"start":{"line":181,"column":0},"end":{"line":181,"column":85}},"181":{"start":{"line":182,"column":0},"end":{"line":182,"column":35}},"183":{"start":{"line":184,"column":0},"end":{"line":184,"column":47}},"184":{"start":{"line":185,"column":0},"end":{"line":185,"column":25}},"185":{"start":{"line":186,"column":0},"end":{"line":186,"column":23}},"186":{"start":{"line":187,"column":0},"end":{"line":187,"column":35}},"187":{"start":{"line":188,"column":0},"end":{"line":188,"column":40}},"188":{"start":{"line":189,"column":0},"end":{"line":189,"column":46}},"189":{"start":{"line":190,"column":0},"end":{"line":190,"column":20}},"190":{"start":{"line":191,"column":0},"end":{"line":191,"column":84}},"191":{"start":{"line":192,"column":0},"end":{"line":192,"column":37}},"193":{"start":{"line":194,"column":0},"end":{"line":194,"column":48}},"194":{"start":{"line":195,"column":0},"end":{"line":195,"column":25}},"195":{"start":{"line":196,"column":0},"end":{"line":196,"column":20}},"196":{"start":{"line":197,"column":0},"end":{"line":197,"column":18}},"197":{"start":{"line":198,"column":0},"end":{"line":198,"column":13}},"198":{"start":{"line":199,"column":0},"end":{"line":199,"column":14}},"202":{"start":{"line":203,"column":0},"end":{"line":203,"column":29}},"203":{"start":{"line":204,"column":0},"end":{"line":204,"column":14}},"204":{"start":{"line":205,"column":0},"end":{"line":205,"column":37}},"205":{"start":{"line":206,"column":0},"end":{"line":206,"column":53}},"207":{"start":{"line":208,"column":0},"end":{"line":208,"column":37}},"208":{"start":{"line":209,"column":0},"end":{"line":209,"column":17}},"209":{"start":{"line":210,"column":0},"end":{"line":210,"column":20}},"210":{"start":{"line":211,"column":0},"end":{"line":211,"column":34}},"211":{"start":{"line":212,"column":0},"end":{"line":212,"column":91}},"212":{"start":{"line":213,"column":0},"end":{"line":213,"column":15}},"214":{"start":{"line":215,"column":0},"end":{"line":215,"column":22}},"215":{"start":{"line":216,"column":0},"end":{"line":216,"column":20}},"216":{"start":{"line":217,"column":0},"end":{"line":217,"column":29}},"217":{"start":{"line":218,"column":0},"end":{"line":218,"column":27}},"218":{"start":{"line":219,"column":0},"end":{"line":219,"column":37}},"219":{"start":{"line":220,"column":0},"end":{"line":220,"column":32}},"220":{"start":{"line":221,"column":0},"end":{"line":221,"column":68}},"222":{"start":{"line":223,"column":0},"end":{"line":223,"column":207}},"223":{"start":{"line":224,"column":0},"end":{"line":224,"column":16}},"224":{"start":{"line":225,"column":0},"end":{"line":225,"column":18}},"225":{"start":{"line":226,"column":0},"end":{"line":226,"column":52}},"226":{"start":{"line":227,"column":0},"end":{"line":227,"column":21}},"227":{"start":{"line":228,"column":0},"end":{"line":228,"column":59}},"228":{"start":{"line":229,"column":0},"end":{"line":229,"column":122}},"229":{"start":{"line":230,"column":0},"end":{"line":230,"column":15}},"231":{"start":{"line":232,"column":0},"end":{"line":232,"column":23}},"232":{"start":{"line":233,"column":0},"end":{"line":233,"column":21}},"233":{"start":{"line":234,"column":0},"end":{"line":234,"column":38}},"234":{"start":{"line":235,"column":0},"end":{"line":235,"column":89}},"235":{"start":{"line":236,"column":0},"end":{"line":236,"column":15}},"237":{"start":{"line":238,"column":0},"end":{"line":238,"column":23}},"238":{"start":{"line":239,"column":0},"end":{"line":239,"column":18}},"239":{"start":{"line":240,"column":0},"end":{"line":240,"column":16}},"240":{"start":{"line":241,"column":0},"end":{"line":241,"column":16}},"244":{"start":{"line":245,"column":0},"end":{"line":245,"column":41}},"245":{"start":{"line":246,"column":0},"end":{"line":246,"column":14}},"246":{"start":{"line":247,"column":0},"end":{"line":247,"column":35}},"247":{"start":{"line":248,"column":0},"end":{"line":248,"column":51}},"249":{"start":{"line":250,"column":0},"end":{"line":250,"column":37}},"250":{"start":{"line":251,"column":0},"end":{"line":251,"column":17}},"251":{"start":{"line":252,"column":0},"end":{"line":252,"column":20}},"252":{"start":{"line":253,"column":0},"end":{"line":253,"column":39}},"253":{"start":{"line":254,"column":0},"end":{"line":254,"column":91}},"254":{"start":{"line":255,"column":0},"end":{"line":255,"column":15}},"256":{"start":{"line":257,"column":0},"end":{"line":257,"column":22}},"257":{"start":{"line":258,"column":0},"end":{"line":258,"column":20}},"258":{"start":{"line":259,"column":0},"end":{"line":259,"column":34}},"259":{"start":{"line":260,"column":0},"end":{"line":260,"column":27}},"260":{"start":{"line":261,"column":0},"end":{"line":261,"column":37}},"261":{"start":{"line":262,"column":0},"end":{"line":262,"column":32}},"262":{"start":{"line":263,"column":0},"end":{"line":263,"column":68}},"264":{"start":{"line":265,"column":0},"end":{"line":265,"column":207}},"265":{"start":{"line":266,"column":0},"end":{"line":266,"column":16}},"266":{"start":{"line":267,"column":0},"end":{"line":267,"column":18}},"267":{"start":{"line":268,"column":0},"end":{"line":268,"column":52}},"268":{"start":{"line":269,"column":0},"end":{"line":269,"column":21}},"269":{"start":{"line":270,"column":0},"end":{"line":270,"column":57}},"270":{"start":{"line":271,"column":0},"end":{"line":271,"column":122}},"271":{"start":{"line":272,"column":0},"end":{"line":272,"column":15}},"273":{"start":{"line":274,"column":0},"end":{"line":274,"column":23}},"274":{"start":{"line":275,"column":0},"end":{"line":275,"column":21}},"275":{"start":{"line":276,"column":0},"end":{"line":276,"column":38}},"276":{"start":{"line":277,"column":0},"end":{"line":277,"column":89}},"277":{"start":{"line":278,"column":0},"end":{"line":278,"column":15}},"279":{"start":{"line":280,"column":0},"end":{"line":280,"column":23}},"280":{"start":{"line":281,"column":0},"end":{"line":281,"column":18}},"281":{"start":{"line":282,"column":0},"end":{"line":282,"column":16}},"282":{"start":{"line":283,"column":0},"end":{"line":283,"column":16}},"286":{"start":{"line":287,"column":0},"end":{"line":287,"column":31}},"287":{"start":{"line":288,"column":0},"end":{"line":288,"column":84}},"288":{"start":{"line":289,"column":0},"end":{"line":289,"column":37}},"289":{"start":{"line":290,"column":0},"end":{"line":290,"column":60}},"292":{"start":{"line":293,"column":0},"end":{"line":293,"column":16}},"293":{"start":{"line":294,"column":0},"end":{"line":294,"column":52}},"294":{"start":{"line":295,"column":0},"end":{"line":295,"column":21}},"295":{"start":{"line":296,"column":0},"end":{"line":296,"column":61}},"296":{"start":{"line":297,"column":0},"end":{"line":297,"column":122}},"297":{"start":{"line":298,"column":0},"end":{"line":298,"column":15}},"299":{"start":{"line":300,"column":0},"end":{"line":300,"column":23}},"300":{"start":{"line":301,"column":0},"end":{"line":301,"column":21}},"301":{"start":{"line":302,"column":0},"end":{"line":302,"column":45}},"302":{"start":{"line":303,"column":0},"end":{"line":303,"column":87}},"303":{"start":{"line":304,"column":0},"end":{"line":304,"column":15}},"305":{"start":{"line":306,"column":0},"end":{"line":306,"column":23}},"306":{"start":{"line":307,"column":0},"end":{"line":307,"column":18}},"307":{"start":{"line":308,"column":0},"end":{"line":308,"column":16}},"308":{"start":{"line":309,"column":0},"end":{"line":309,"column":16}},"310":{"start":{"line":311,"column":0},"end":{"line":311,"column":10}},"312":{"start":{"line":313,"column":0},"end":{"line":313,"column":1}},"320":{"start":{"line":321,"column":0},"end":{"line":321,"column":58}},"321":{"start":{"line":322,"column":0},"end":{"line":322,"column":10}},"322":{"start":{"line":323,"column":0},"end":{"line":323,"column":8}},"323":{"start":{"line":324,"column":0},"end":{"line":324,"column":19}},"324":{"start":{"line":325,"column":0},"end":{"line":325,"column":92}},"326":{"start":{"line":327,"column":0},"end":{"line":327,"column":91}},"327":{"start":{"line":328,"column":0},"end":{"line":328,"column":109}},"328":{"start":{"line":329,"column":0},"end":{"line":329,"column":78}},"329":{"start":{"line":330,"column":0},"end":{"line":330,"column":19}},"330":{"start":{"line":331,"column":0},"end":{"line":331,"column":15}},"331":{"start":{"line":332,"column":0},"end":{"line":332,"column":17}},"332":{"start":{"line":333,"column":0},"end":{"line":333,"column":29}},"333":{"start":{"line":334,"column":0},"end":{"line":334,"column":86}},"335":{"start":{"line":336,"column":0},"end":{"line":336,"column":37}},"336":{"start":{"line":337,"column":0},"end":{"line":337,"column":19}},"337":{"start":{"line":338,"column":0},"end":{"line":338,"column":14}},"338":{"start":{"line":339,"column":0},"end":{"line":339,"column":45}},"339":{"start":{"line":340,"column":0},"end":{"line":340,"column":12}},"340":{"start":{"line":341,"column":0},"end":{"line":341,"column":10}},"342":{"start":{"line":343,"column":0},"end":{"line":343,"column":1}}},"s":{"0":1,"34":1,"35":34,"36":34,"37":34,"38":34,"39":34,"40":34,"41":34,"42":34,"43":34,"44":34,"45":34,"46":34,"47":34,"48":34,"49":34,"51":34,"52":20,"53":1,"54":1,"55":1,"56":2,"57":1,"58":1,"59":34,"61":34,"62":1,"63":1,"64":1,"65":1,"67":34,"68":3,"69":3,"70":3,"71":3,"73":34,"74":1,"75":1,"76":1,"77":1,"78":1,"79":1,"80":1,"82":34,"83":3,"84":3,"85":3,"87":34,"88":1,"89":1,"90":1,"91":1,"92":1,"93":1,"95":34,"96":63,"97":63,"98":0,"99":63,"100":31,"101":63,"102":32,"103":63,"104":63,"106":34,"107":1,"108":1,"109":1,"110":1,"112":1,"113":1,"115":1,"117":33,"118":33,"120":33,"121":33,"123":33,"124":33,"125":33,"126":33,"128":33,"130":33,"131":33,"134":33,"135":33,"136":33,"137":33,"138":33,"139":33,"140":33,"141":33,"142":33,"143":33,"146":33,"147":1,"149":1,"151":32,"152":32,"153":63,"154":63,"155":63,"156":63,"157":63,"158":63,"159":1,"160":62,"161":63,"163":63,"164":63,"165":63,"166":63,"167":63,"168":63,"169":63,"170":63,"171":63,"172":63,"173":63,"174":63,"175":63,"176":63,"177":3,"178":3,"179":3,"180":63,"181":63,"183":63,"184":63,"185":63,"186":63,"187":3,"188":3,"189":3,"190":63,"191":63,"193":63,"194":63,"195":63,"196":63,"197":32,"198":32,"202":34,"203":3,"204":3,"205":3,"207":3,"208":3,"209":3,"210":3,"211":3,"212":3,"214":3,"215":3,"216":3,"217":3,"218":3,"219":3,"220":1,"222":3,"223":3,"224":3,"225":3,"226":3,"227":3,"228":3,"229":3,"231":3,"232":3,"233":3,"234":3,"235":3,"237":3,"238":3,"239":3,"240":3,"244":34,"245":4,"246":4,"247":4,"249":4,"250":4,"251":4,"252":4,"253":4,"254":4,"256":4,"257":4,"258":4,"259":4,"260":4,"261":4,"262":1,"264":4,"265":4,"266":4,"267":4,"268":4,"269":4,"270":4,"271":4,"273":4,"274":4,"275":4,"276":4,"277":4,"279":4,"280":4,"281":4,"282":4,"286":34,"287":3,"288":3,"289":3,"292":3,"293":3,"294":3,"295":3,"296":3,"297":3,"299":3,"300":3,"301":3,"302":3,"303":3,"305":3,"306":3,"307":3,"308":3,"310":34,"312":34,"320":10,"321":10,"322":10,"323":10,"324":10,"326":10,"327":10,"328":10,"329":10,"330":10,"331":10,"332":10,"333":10,"335":10,"336":10,"337":10,"338":10,"339":10,"340":10,"342":10},"branchMap":{"0":{"type":"branch","line":35,"loc":{"start":{"line":35,"column":7},"end":{"line":313,"column":1}},"locations":[{"start":{"line":35,"column":7},"end":{"line":313,"column":1}}]},"1":{"type":"branch","line":107,"loc":{"start":{"line":107,"column":17},"end":{"line":116,"column":3}},"locations":[{"start":{"line":107,"column":17},"end":{"line":116,"column":3}}]},"2":{"type":"branch","line":116,"loc":{"start":{"line":116,"column":2},"end":{"line":147,"column":45}},"locations":[{"start":{"line":116,"column":2},"end":{"line":147,"column":45}}]},"3":{"type":"branch","line":147,"loc":{"start":{"line":147,"column":40},"end":{"line":150,"column":14}},"locations":[{"start":{"line":147,"column":40},"end":{"line":150,"column":14}}]},"4":{"type":"branch","line":150,"loc":{"start":{"line":150,"column":8},"end":{"line":199,"column":14}},"locations":[{"start":{"line":150,"column":8},"end":{"line":199,"column":14}}]},"5":{"type":"branch","line":203,"loc":{"start":{"line":203,"column":7},"end":{"line":241,"column":16}},"locations":[{"start":{"line":203,"column":7},"end":{"line":241,"column":16}}]},"6":{"type":"branch","line":245,"loc":{"start":{"line":245,"column":7},"end":{"line":245,"column":41}},"locations":[{"start":{"line":245,"column":7},"end":{"line":245,"column":41}}]},"7":{"type":"branch","line":245,"loc":{"start":{"line":245,"column":26},"end":{"line":283,"column":16}},"locations":[{"start":{"line":245,"column":26},"end":{"line":283,"column":16}}]},"8":{"type":"branch","line":287,"loc":{"start":{"line":287,"column":7},"end":{"line":309,"column":16}},"locations":[{"start":{"line":287,"column":7},"end":{"line":309,"column":16}}]},"9":{"type":"branch","line":52,"loc":{"start":{"line":52,"column":40},"end":{"line":60,"column":5}},"locations":[{"start":{"line":52,"column":40},"end":{"line":60,"column":5}}]},"10":{"type":"branch","line":53,"loc":{"start":{"line":53,"column":22},"end":{"line":53,"column":43}},"locations":[{"start":{"line":53,"column":22},"end":{"line":53,"column":43}}]},"11":{"type":"branch","line":53,"loc":{"start":{"line":53,"column":29},"end":{"line":59,"column":6}},"locations":[{"start":{"line":53,"column":29},"end":{"line":59,"column":6}}]},"12":{"type":"branch","line":56,"loc":{"start":{"line":56,"column":6},"end":{"line":58,"column":46}},"locations":[{"start":{"line":56,"column":6},"end":{"line":58,"column":46}}]},"13":{"type":"branch","line":57,"loc":{"start":{"line":57,"column":45},"end":{"line":58,"column":46}},"locations":[{"start":{"line":57,"column":45},"end":{"line":58,"column":46}}]},"14":{"type":"branch","line":62,"loc":{"start":{"line":62,"column":23},"end":{"line":66,"column":4}},"locations":[{"start":{"line":62,"column":23},"end":{"line":66,"column":4}}]},"15":{"type":"branch","line":68,"loc":{"start":{"line":68,"column":21},"end":{"line":72,"column":4}},"locations":[{"start":{"line":68,"column":21},"end":{"line":72,"column":4}}]},"16":{"type":"branch","line":74,"loc":{"start":{"line":74,"column":23},"end":{"line":81,"column":4}},"locations":[{"start":{"line":74,"column":23},"end":{"line":81,"column":4}}]},"17":{"type":"branch","line":83,"loc":{"start":{"line":83,"column":28},"end":{"line":86,"column":4}},"locations":[{"start":{"line":83,"column":28},"end":{"line":86,"column":4}}]},"18":{"type":"branch","line":88,"loc":{"start":{"line":88,"column":30},"end":{"line":94,"column":4}},"locations":[{"start":{"line":88,"column":30},"end":{"line":94,"column":4}}]},"19":{"type":"branch","line":96,"loc":{"start":{"line":96,"column":23},"end":{"line":105,"column":4}},"locations":[{"start":{"line":96,"column":23},"end":{"line":105,"column":4}}]},"20":{"type":"branch","line":98,"loc":{"start":{"line":98,"column":6},"end":{"line":99,"column":22}},"locations":[{"start":{"line":98,"column":6},"end":{"line":99,"column":22}}]},"21":{"type":"branch","line":100,"loc":{"start":{"line":100,"column":6},"end":{"line":101,"column":22}},"locations":[{"start":{"line":100,"column":6},"end":{"line":101,"column":22}}]},"22":{"type":"branch","line":102,"loc":{"start":{"line":102,"column":6},"end":{"line":103,"column":28}},"locations":[{"start":{"line":102,"column":6},"end":{"line":103,"column":28}}]},"23":{"type":"branch","line":126,"loc":{"start":{"line":126,"column":19},"end":{"line":126,"column":52}},"locations":[{"start":{"line":126,"column":19},"end":{"line":126,"column":52}}]},"24":{"type":"branch","line":141,"loc":{"start":{"line":141,"column":20},"end":{"line":141,"column":58}},"locations":[{"start":{"line":141,"column":20},"end":{"line":141,"column":58}}]},"25":{"type":"branch","line":153,"loc":{"start":{"line":153,"column":37},"end":{"line":197,"column":18}},"locations":[{"start":{"line":153,"column":37},"end":{"line":197,"column":18}}]},"26":{"type":"branch","line":159,"loc":{"start":{"line":159,"column":38},"end":{"line":160,"column":86}},"locations":[{"start":{"line":159,"column":38},"end":{"line":160,"column":86}}]},"27":{"type":"branch","line":160,"loc":{"start":{"line":160,"column":20},"end":{"line":161,"column":124}},"locations":[{"start":{"line":160,"column":20},"end":{"line":161,"column":124}}]},"28":{"type":"branch","line":157,"loc":{"start":{"line":157,"column":23},"end":{"line":157,"column":46}},"locations":[{"start":{"line":157,"column":23},"end":{"line":157,"column":46}}]},"29":{"type":"branch","line":177,"loc":{"start":{"line":177,"column":27},"end":{"line":180,"column":20}},"locations":[{"start":{"line":177,"column":27},"end":{"line":180,"column":20}}]},"30":{"type":"branch","line":187,"loc":{"start":{"line":187,"column":27},"end":{"line":190,"column":20}},"locations":[{"start":{"line":187,"column":27},"end":{"line":190,"column":20}}]},"31":{"type":"branch","line":220,"loc":{"start":{"line":220,"column":26},"end":{"line":221,"column":68}},"locations":[{"start":{"line":220,"column":26},"end":{"line":221,"column":68}}]},"32":{"type":"branch","line":262,"loc":{"start":{"line":262,"column":26},"end":{"line":263,"column":68}},"locations":[{"start":{"line":262,"column":26},"end":{"line":263,"column":68}}]},"33":{"type":"branch","line":296,"loc":{"start":{"line":296,"column":25},"end":{"line":296,"column":61}},"locations":[{"start":{"line":296,"column":25},"end":{"line":296,"column":61}}]},"34":{"type":"branch","line":321,"loc":{"start":{"line":321,"column":0},"end":{"line":343,"column":1}},"locations":[{"start":{"line":321,"column":0},"end":{"line":343,"column":1}}]}},"b":{"0":[34],"1":[1],"2":[33],"3":[1],"4":[32],"5":[3],"6":[4],"7":[4],"8":[3],"9":[20],"10":[19],"11":[1],"12":[2],"13":[1],"14":[1],"15":[3],"16":[1],"17":[3],"18":[1],"19":[63],"20":[0],"21":[31],"22":[32],"23":[2],"24":[1],"25":[63],"26":[1],"27":[62],"28":[1],"29":[3],"30":[3],"31":[1],"32":[1],"33":[1],"34":[10]},"fnMap":{"0":{"name":"OrganizationManager","decl":{"start":{"line":35,"column":7},"end":{"line":313,"column":1}},"loc":{"start":{"line":35,"column":7},"end":{"line":313,"column":1}},"line":35},"1":{"name":"handleCreate","decl":{"start":{"line":62,"column":23},"end":{"line":66,"column":4}},"loc":{"start":{"line":62,"column":23},"end":{"line":66,"column":4}},"line":62},"2":{"name":"handleEdit","decl":{"start":{"line":68,"column":21},"end":{"line":72,"column":4}},"loc":{"start":{"line":68,"column":21},"end":{"line":72,"column":4}},"line":68},"3":{"name":"handleUpdate","decl":{"start":{"line":74,"column":23},"end":{"line":81,"column":4}},"loc":{"start":{"line":74,"column":23},"end":{"line":81,"column":4}},"line":74},"4":{"name":"handleDeleteClick","decl":{"start":{"line":83,"column":28},"end":{"line":86,"column":4}},"loc":{"start":{"line":83,"column":28},"end":{"line":86,"column":4}},"line":83},"5":{"name":"handleDeleteConfirm","decl":{"start":{"line":88,"column":30},"end":{"line":94,"column":4}},"loc":{"start":{"line":88,"column":30},"end":{"line":94,"column":4}},"line":88},"6":{"name":"getTierLabel","decl":{"start":{"line":96,"column":23},"end":{"line":105,"column":4}},"loc":{"start":{"line":96,"column":23},"end":{"line":105,"column":4}},"line":96},"7":{"name":"onClick","decl":{"start":{"line":126,"column":19},"end":{"line":126,"column":52}},"loc":{"start":{"line":126,"column":19},"end":{"line":126,"column":52}},"line":126},"8":{"name":"onChange","decl":{"start":{"line":141,"column":20},"end":{"line":141,"column":58}},"loc":{"start":{"line":141,"column":20},"end":{"line":141,"column":58}},"line":141},"9":{"name":"onClick","decl":{"start":{"line":157,"column":23},"end":{"line":157,"column":46}},"loc":{"start":{"line":157,"column":23},"end":{"line":157,"column":46}},"line":157},"10":{"name":"onClick","decl":{"start":{"line":177,"column":27},"end":{"line":180,"column":20}},"loc":{"start":{"line":177,"column":27},"end":{"line":180,"column":20}},"line":177},"11":{"name":"onClick","decl":{"start":{"line":187,"column":27},"end":{"line":190,"column":20}},"loc":{"start":{"line":187,"column":27},"end":{"line":190,"column":20}},"line":187},"12":{"name":"onClose","decl":{"start":{"line":206,"column":19},"end":{"line":206,"column":53}},"loc":{"start":{"line":206,"column":19},"end":{"line":206,"column":53}},"line":206},"13":{"name":"onChange","decl":{"start":{"line":220,"column":26},"end":{"line":221,"column":68}},"loc":{"start":{"line":220,"column":26},"end":{"line":221,"column":68}},"line":220},"14":{"name":"onClick","decl":{"start":{"line":228,"column":25},"end":{"line":228,"column":59}},"loc":{"start":{"line":228,"column":25},"end":{"line":228,"column":59}},"line":228},"15":{"name":"onClose","decl":{"start":{"line":248,"column":19},"end":{"line":248,"column":51}},"loc":{"start":{"line":248,"column":19},"end":{"line":248,"column":51}},"line":248},"16":{"name":"onChange","decl":{"start":{"line":262,"column":26},"end":{"line":263,"column":68}},"loc":{"start":{"line":262,"column":26},"end":{"line":263,"column":68}},"line":262},"17":{"name":"onClick","decl":{"start":{"line":270,"column":25},"end":{"line":270,"column":57}},"loc":{"start":{"line":270,"column":25},"end":{"line":270,"column":57}},"line":270},"18":{"name":"onClose","decl":{"start":{"line":288,"column":47},"end":{"line":288,"column":84}},"loc":{"start":{"line":288,"column":47},"end":{"line":288,"column":84}},"line":288},"19":{"name":"onClick","decl":{"start":{"line":296,"column":25},"end":{"line":296,"column":61}},"loc":{"start":{"line":296,"column":25},"end":{"line":296,"column":61}},"line":296},"20":{"name":"Modal","decl":{"start":{"line":321,"column":0},"end":{"line":343,"column":1}},"loc":{"start":{"line":321,"column":0},"end":{"line":343,"column":1}},"line":321}},"f":{"0":34,"1":1,"2":3,"3":1,"4":3,"5":1,"6":63,"7":2,"8":1,"9":1,"10":3,"11":3,"12":0,"13":1,"14":0,"15":0,"16":1,"17":0,"18":0,"19":1,"20":10}}
,"/home/vishnu/git/vishnu2kmohan/worktrees/mcp-server-langgraph-session-20251208-224026/src/mcp_server_langgraph/studio/frontend/src/components/Admin/UserManager.tsx": {"path":"/home/vishnu/git/vishnu2kmohan/worktrees/mcp-server-langgraph-session-20251208-224026/src/mcp_server_langgraph/studio/frontend/src/components/Admin/UserManager.tsx","all":false,"statementMap":{"0":{"start":{"line":1,"column":0},"end":{"line":1,"column":3}},"28":{"start":{"line":29,"column":0},"end":{"line":29,"column":55}},"30":{"start":{"line":31,"column":0},"end":{"line":31,"column":29}},"31":{"start":{"line":32,"column":0},"end":{"line":32,"column":8}},"32":{"start":{"line":33,"column":0},"end":{"line":33,"column":12}},"33":{"start":{"line":34,"column":0},"end":{"line":34,"column":16}},"34":{"start":{"line":35,"column":0},"end":{"line":35,"column":15}},"35":{"start":{"line":36,"column":0},"end":{"line":36,"column":13}},"36":{"start":{"line":37,"column":0},"end":{"line":37,"column":11}},"37":{"start":{"line":38,"column":0},"end":{"line":38,"column":22}},"38":{"start":{"line":39,"column":0},"end":{"line":39,"column":53}},"39":{"start":{"line":40,"column":0},"end":{"line":40,"column":68}},"40":{"start":{"line":41,"column":0},"end":{"line":41,"column":64}},"41":{"start":{"line":42,"column":0},"end":{"line":42,"column":80}},"42":{"start":{"line":43,"column":0},"end":{"line":43,"column":68}},"43":{"start":{"line":44,"column":0},"end":{"line":44,"column":84}},"44":{"start":{"line":45,"column":0},"end":{"line":45,"column":67}},"45":{"start":{"line":46,"column":0},"end":{"line":46,"column":53}},"46":{"start":{"line":47,"column":0},"end":{"line":47,"column":63}},"48":{"start":{"line":49,"column":0},"end":{"line":49,"column":39}},"49":{"start":{"line":50,"column":0},"end":{"line":50,"column":35}},"50":{"start":{"line":51,"column":0},"end":{"line":51,"column":44}},"51":{"start":{"line":52,"column":0},"end":{"line":52,"column":24}},"52":{"start":{"line":53,"column":0},"end":{"line":53,"column":15}},"53":{"start":{"line":54,"column":0},"end":{"line":54,"column":50}},"54":{"start":{"line":55,"column":0},"end":{"line":55,"column":48}},"55":{"start":{"line":56,"column":0},"end":{"line":56,"column":6}},"56":{"start":{"line":57,"column":0},"end":{"line":57,"column":27}},"58":{"start":{"line":59,"column":0},"end":{"line":59,"column":45}},"59":{"start":{"line":60,"column":0},"end":{"line":60,"column":25}},"60":{"start":{"line":61,"column":0},"end":{"line":61,"column":38}},"61":{"start":{"line":62,"column":0},"end":{"line":62,"column":29}},"62":{"start":{"line":63,"column":0},"end":{"line":63,"column":4}},"64":{"start":{"line":65,"column":0},"end":{"line":65,"column":33}},"65":{"start":{"line":66,"column":0},"end":{"line":66,"column":22}},"66":{"start":{"line":67,"column":0},"end":{"line":67,"column":51}},"67":{"start":{"line":68,"column":0},"end":{"line":68,"column":27}},"68":{"start":{"line":69,"column":0},"end":{"line":69,"column":27}},"69":{"start":{"line":70,"column":0},"end":{"line":70,"column":32}},"70":{"start":{"line":71,"column":0},"end":{"line":71,"column":5}},"71":{"start":{"line":72,"column":0},"end":{"line":72,"column":4}},"73":{"start":{"line":74,"column":0},"end":{"line":74,"column":46}},"74":{"start":{"line":75,"column":0},"end":{"line":75,"column":30}},"75":{"start":{"line":76,"column":0},"end":{"line":76,"column":76}},"76":{"start":{"line":77,"column":0},"end":{"line":77,"column":6}},"77":{"start":{"line":78,"column":0},"end":{"line":78,"column":4}},"79":{"start":{"line":80,"column":0},"end":{"line":80,"column":52}},"80":{"start":{"line":81,"column":0},"end":{"line":81,"column":28}},"81":{"start":{"line":82,"column":0},"end":{"line":82,"column":76}},"82":{"start":{"line":83,"column":0},"end":{"line":83,"column":6}},"83":{"start":{"line":84,"column":0},"end":{"line":84,"column":4}},"85":{"start":{"line":86,"column":0},"end":{"line":86,"column":53}},"86":{"start":{"line":87,"column":0},"end":{"line":87,"column":34}},"87":{"start":{"line":88,"column":0},"end":{"line":88,"column":37}},"88":{"start":{"line":89,"column":0},"end":{"line":89,"column":4}},"90":{"start":{"line":91,"column":0},"end":{"line":91,"column":41}},"91":{"start":{"line":92,"column":0},"end":{"line":92,"column":29}},"92":{"start":{"line":93,"column":0},"end":{"line":93,"column":39}},"93":{"start":{"line":94,"column":0},"end":{"line":94,"column":34}},"94":{"start":{"line":95,"column":0},"end":{"line":95,"column":40}},"95":{"start":{"line":96,"column":0},"end":{"line":96,"column":5}},"96":{"start":{"line":97,"column":0},"end":{"line":97,"column":4}},"98":{"start":{"line":99,"column":0},"end":{"line":99,"column":30}},"99":{"start":{"line":100,"column":0},"end":{"line":100,"column":39}},"100":{"start":{"line":101,"column":0},"end":{"line":101,"column":23}},"101":{"start":{"line":102,"column":0},"end":{"line":102,"column":23}},"102":{"start":{"line":103,"column":0},"end":{"line":103,"column":32}},"103":{"start":{"line":104,"column":0},"end":{"line":104,"column":4}},"105":{"start":{"line":106,"column":0},"end":{"line":106,"column":38}},"106":{"start":{"line":107,"column":0},"end":{"line":107,"column":45}},"107":{"start":{"line":108,"column":0},"end":{"line":108,"column":23}},"108":{"start":{"line":109,"column":0},"end":{"line":109,"column":21}},"109":{"start":{"line":110,"column":0},"end":{"line":110,"column":22}},"110":{"start":{"line":111,"column":0},"end":{"line":111,"column":7}},"111":{"start":{"line":112,"column":0},"end":{"line":112,"column":4}},"113":{"start":{"line":114,"column":0},"end":{"line":114,"column":18}},"114":{"start":{"line":115,"column":0},"end":{"line":115,"column":12}},"115":{"start":{"line":116,"column":0},"end":{"line":116,"column":10}},"116":{"start":{"line":117,"column":0},"end":{"line":117,"column":34}},"117":{"start":{"line":118,"column":0},"end":{"line":118,"column":59}},"119":{"start":{"line":120,"column":0},"end":{"line":120,"column":66}},"120":{"start":{"line":121,"column":0},"end":{"line":121,"column":12}},"122":{"start":{"line":123,"column":0},"end":{"line":123,"column":3}},"124":{"start":{"line":125,"column":0},"end":{"line":125,"column":10}},"125":{"start":{"line":126,"column":0},"end":{"line":126,"column":35}},"127":{"start":{"line":128,"column":0},"end":{"line":128,"column":57}},"128":{"start":{"line":129,"column":0},"end":{"line":129,"column":76}},"130":{"start":{"line":131,"column":0},"end":{"line":131,"column":13}},"131":{"start":{"line":132,"column":0},"end":{"line":132,"column":15}},"132":{"start":{"line":133,"column":0},"end":{"line":133,"column":52}},"133":{"start":{"line":134,"column":0},"end":{"line":134,"column":125}},"135":{"start":{"line":136,"column":0},"end":{"line":136,"column":42}},"137":{"start":{"line":138,"column":0},"end":{"line":138,"column":17}},"138":{"start":{"line":139,"column":0},"end":{"line":139,"column":12}},"141":{"start":{"line":142,"column":0},"end":{"line":142,"column":32}},"142":{"start":{"line":143,"column":0},"end":{"line":143,"column":103}},"143":{"start":{"line":144,"column":0},"end":{"line":144,"column":14}},"144":{"start":{"line":145,"column":0},"end":{"line":145,"column":21}},"145":{"start":{"line":146,"column":0},"end":{"line":146,"column":39}},"146":{"start":{"line":147,"column":0},"end":{"line":147,"column":29}},"147":{"start":{"line":148,"column":0},"end":{"line":148,"column":58}},"148":{"start":{"line":149,"column":0},"end":{"line":149,"column":207}},"149":{"start":{"line":150,"column":0},"end":{"line":150,"column":10}},"150":{"start":{"line":151,"column":0},"end":{"line":151,"column":12}},"153":{"start":{"line":154,"column":0},"end":{"line":154,"column":33}},"154":{"start":{"line":155,"column":0},"end":{"line":155,"column":38}},"155":{"start":{"line":156,"column":0},"end":{"line":156,"column":14}},"156":{"start":{"line":157,"column":0},"end":{"line":157,"column":25}},"157":{"start":{"line":158,"column":0},"end":{"line":158,"column":142}},"159":{"start":{"line":160,"column":0},"end":{"line":160,"column":36}},"160":{"start":{"line":161,"column":0},"end":{"line":161,"column":55}},"161":{"start":{"line":162,"column":0},"end":{"line":162,"column":74}},"162":{"start":{"line":163,"column":0},"end":{"line":163,"column":29}},"163":{"start":{"line":164,"column":0},"end":{"line":164,"column":21}},"164":{"start":{"line":165,"column":0},"end":{"line":165,"column":20}},"165":{"start":{"line":166,"column":0},"end":{"line":166,"column":83}},"166":{"start":{"line":167,"column":0},"end":{"line":167,"column":53}},"167":{"start":{"line":168,"column":0},"end":{"line":168,"column":66}},"168":{"start":{"line":169,"column":0},"end":{"line":169,"column":21}},"169":{"start":{"line":170,"column":0},"end":{"line":170,"column":18}},"170":{"start":{"line":171,"column":0},"end":{"line":171,"column":20}},"171":{"start":{"line":172,"column":0},"end":{"line":172,"column":70}},"172":{"start":{"line":173,"column":0},"end":{"line":173,"column":28}},"173":{"start":{"line":174,"column":0},"end":{"line":174,"column":18}},"174":{"start":{"line":175,"column":0},"end":{"line":175,"column":60}},"175":{"start":{"line":176,"column":0},"end":{"line":176,"column":43}},"176":{"start":{"line":177,"column":0},"end":{"line":177,"column":23}},"177":{"start":{"line":178,"column":0},"end":{"line":178,"column":30}},"178":{"start":{"line":179,"column":0},"end":{"line":179,"column":121}},"180":{"start":{"line":181,"column":0},"end":{"line":181,"column":26}},"181":{"start":{"line":182,"column":0},"end":{"line":182,"column":25}},"182":{"start":{"line":183,"column":0},"end":{"line":183,"column":19}},"183":{"start":{"line":184,"column":0},"end":{"line":184,"column":20}},"184":{"start":{"line":185,"column":0},"end":{"line":185,"column":56}},"185":{"start":{"line":186,"column":0},"end":{"line":186,"column":56}},"186":{"start":{"line":187,"column":0},"end":{"line":187,"column":18}},"187":{"start":{"line":188,"column":0},"end":{"line":188,"column":18}},"188":{"start":{"line":189,"column":0},"end":{"line":189,"column":53}},"189":{"start":{"line":190,"column":0},"end":{"line":190,"column":21}},"190":{"start":{"line":191,"column":0},"end":{"line":191,"column":55}},"191":{"start":{"line":192,"column":0},"end":{"line":192,"column":127}},"192":{"start":{"line":193,"column":0},"end":{"line":193,"column":41}},"193":{"start":{"line":194,"column":0},"end":{"line":194,"column":15}},"195":{"start":{"line":196,"column":0},"end":{"line":196,"column":23}},"196":{"start":{"line":197,"column":0},"end":{"line":197,"column":32}},"197":{"start":{"line":198,"column":0},"end":{"line":198,"column":23}},"198":{"start":{"line":199,"column":0},"end":{"line":199,"column":64}},"199":{"start":{"line":200,"column":0},"end":{"line":200,"column":126}},"200":{"start":{"line":201,"column":0},"end":{"line":201,"column":41}},"201":{"start":{"line":202,"column":0},"end":{"line":202,"column":17}},"203":{"start":{"line":204,"column":0},"end":{"line":204,"column":25}},"205":{"start":{"line":206,"column":0},"end":{"line":206,"column":23}},"206":{"start":{"line":207,"column":0},"end":{"line":207,"column":53}},"207":{"start":{"line":208,"column":0},"end":{"line":208,"column":132}},"208":{"start":{"line":209,"column":0},"end":{"line":209,"column":39}},"209":{"start":{"line":210,"column":0},"end":{"line":210,"column":17}},"211":{"start":{"line":212,"column":0},"end":{"line":212,"column":25}},"213":{"start":{"line":214,"column":0},"end":{"line":214,"column":18}},"214":{"start":{"line":215,"column":0},"end":{"line":215,"column":16}},"215":{"start":{"line":216,"column":0},"end":{"line":216,"column":11}},"216":{"start":{"line":217,"column":0},"end":{"line":217,"column":12}},"219":{"start":{"line":220,"column":0},"end":{"line":220,"column":29}},"220":{"start":{"line":221,"column":0},"end":{"line":221,"column":79}},"221":{"start":{"line":222,"column":0},"end":{"line":222,"column":37}},"222":{"start":{"line":223,"column":0},"end":{"line":223,"column":17}},"223":{"start":{"line":224,"column":0},"end":{"line":224,"column":20}},"224":{"start":{"line":225,"column":0},"end":{"line":225,"column":38}},"225":{"start":{"line":226,"column":0},"end":{"line":226,"column":91}},"226":{"start":{"line":227,"column":0},"end":{"line":227,"column":15}},"228":{"start":{"line":229,"column":0},"end":{"line":229,"column":22}},"229":{"start":{"line":230,"column":0},"end":{"line":230,"column":20}},"230":{"start":{"line":231,"column":0},"end":{"line":231,"column":33}},"231":{"start":{"line":232,"column":0},"end":{"line":232,"column":28}},"232":{"start":{"line":233,"column":0},"end":{"line":233,"column":35}},"233":{"start":{"line":234,"column":0},"end":{"line":234,"column":64}},"234":{"start":{"line":235,"column":0},"end":{"line":235,"column":207}},"235":{"start":{"line":236,"column":0},"end":{"line":236,"column":16}},"236":{"start":{"line":237,"column":0},"end":{"line":237,"column":18}},"237":{"start":{"line":238,"column":0},"end":{"line":238,"column":17}},"238":{"start":{"line":239,"column":0},"end":{"line":239,"column":96}},"240":{"start":{"line":241,"column":0},"end":{"line":241,"column":21}},"241":{"start":{"line":242,"column":0},"end":{"line":242,"column":41}},"242":{"start":{"line":243,"column":0},"end":{"line":243,"column":48}},"243":{"start":{"line":244,"column":0},"end":{"line":244,"column":72}},"244":{"start":{"line":245,"column":0},"end":{"line":245,"column":26}},"245":{"start":{"line":246,"column":0},"end":{"line":246,"column":37}},"246":{"start":{"line":247,"column":0},"end":{"line":247,"column":58}},"247":{"start":{"line":248,"column":0},"end":{"line":248,"column":67}},"248":{"start":{"line":249,"column":0},"end":{"line":249,"column":91}},"249":{"start":{"line":250,"column":0},"end":{"line":250,"column":22}},"250":{"start":{"line":251,"column":0},"end":{"line":251,"column":71}},"251":{"start":{"line":252,"column":0},"end":{"line":252,"column":28}},"252":{"start":{"line":253,"column":0},"end":{"line":253,"column":27}},"253":{"start":{"line":254,"column":0},"end":{"line":254,"column":26}},"254":{"start":{"line":255,"column":0},"end":{"line":255,"column":19}},"255":{"start":{"line":256,"column":0},"end":{"line":256,"column":20}},"256":{"start":{"line":257,"column":0},"end":{"line":257,"column":18}},"257":{"start":{"line":258,"column":0},"end":{"line":258,"column":52}},"258":{"start":{"line":259,"column":0},"end":{"line":259,"column":21}},"259":{"start":{"line":260,"column":0},"end":{"line":260,"column":59}},"260":{"start":{"line":261,"column":0},"end":{"line":261,"column":122}},"261":{"start":{"line":262,"column":0},"end":{"line":262,"column":15}},"263":{"start":{"line":264,"column":0},"end":{"line":264,"column":23}},"264":{"start":{"line":265,"column":0},"end":{"line":265,"column":21}},"265":{"start":{"line":266,"column":0},"end":{"line":266,"column":38}},"266":{"start":{"line":267,"column":0},"end":{"line":267,"column":89}},"267":{"start":{"line":268,"column":0},"end":{"line":268,"column":15}},"269":{"start":{"line":270,"column":0},"end":{"line":270,"column":23}},"270":{"start":{"line":271,"column":0},"end":{"line":271,"column":18}},"271":{"start":{"line":272,"column":0},"end":{"line":272,"column":16}},"272":{"start":{"line":273,"column":0},"end":{"line":273,"column":16}},"276":{"start":{"line":277,"column":0},"end":{"line":277,"column":42}},"277":{"start":{"line":278,"column":0},"end":{"line":278,"column":78}},"278":{"start":{"line":279,"column":0},"end":{"line":279,"column":37}},"279":{"start":{"line":280,"column":0},"end":{"line":280,"column":60}},"280":{"start":{"line":281,"column":0},"end":{"line":281,"column":51}},"281":{"start":{"line":282,"column":0},"end":{"line":282,"column":16}},"282":{"start":{"line":283,"column":0},"end":{"line":283,"column":39}},"283":{"start":{"line":284,"column":0},"end":{"line":284,"column":46}},"284":{"start":{"line":285,"column":0},"end":{"line":285,"column":70}},"285":{"start":{"line":286,"column":0},"end":{"line":286,"column":24}},"286":{"start":{"line":287,"column":0},"end":{"line":287,"column":35}},"287":{"start":{"line":288,"column":0},"end":{"line":288,"column":58}},"288":{"start":{"line":289,"column":0},"end":{"line":289,"column":59}},"289":{"start":{"line":290,"column":0},"end":{"line":290,"column":37}},"290":{"start":{"line":291,"column":0},"end":{"line":291,"column":89}},"291":{"start":{"line":2
[...]
456":3,"461":42,"462":0,"463":0,"468":42,"469":1,"470":1,"471":42,"476":1,"481":1},"branchMap":{"0":{"type":"branch","line":41,"loc":{"start":{"line":41,"column":0},"end":{"line":43,"column":1}},"locations":[{"start":{"line":41,"column":0},"end":{"line":43,"column":1}}]},"1":{"type":"branch","line":66,"loc":{"start":{"line":66,"column":57},"end":{"line":472,"column":3}},"locations":[{"start":{"line":66,"column":57},"end":{"line":472,"column":3}}]},"2":{"type":"branch","line":72,"loc":{"start":{"line":72,"column":18},"end":{"line":95,"column":4}},"locations":[{"start":{"line":72,"column":18},"end":{"line":95,"column":4}}]},"3":{"type":"branch","line":100,"loc":{"start":{"line":100,"column":16},"end":{"line":131,"column":4}},"locations":[{"start":{"line":100,"column":16},"end":{"line":131,"column":4}}]},"4":{"type":"branch","line":106,"loc":{"start":{"line":106,"column":24},"end":{"line":109,"column":7}},"locations":[{"start":{"line":106,"column":24},"end":{"line":109,"column":7}}]},"5":{"type":"branch","line":108,"loc":{"start":{"line":108,"column":34},"end":{"line":108,"column":69}},"locations":[{"start":{"line":108,"column":34},"end":{"line":108,"column":69}}]},"6":{"type":"branch","line":109,"loc":{"start":{"line":109,"column":6},"end":{"line":115,"column":29}},"locations":[{"start":{"line":109,"column":6},"end":{"line":115,"column":29}}]},"7":{"type":"branch","line":115,"loc":{"start":{"line":115,"column":20},"end":{"line":115,"column":32}},"locations":[{"start":{"line":115,"column":20},"end":{"line":115,"column":32}}]},"8":{"type":"branch","line":116,"loc":{"start":{"line":116,"column":20},"end":{"line":116,"column":32}},"locations":[{"start":{"line":116,"column":20},"end":{"line":116,"column":32}}]},"9":{"type":"branch","line":125,"loc":{"start":{"line":125,"column":4},"end":{"line":130,"column":5}},"locations":[{"start":{"line":125,"column":4},"end":{"line":130,"column":5}}]},"10":{"type":"branch","line":128,"loc":{"start":{"line":128,"column":46},"end":{"line":128,"column":82}},"locations":[{"start":{"line":128,"column":46},"end":{"line":128,"column":82}}]},"11":{"type":"branch","line":136,"loc":{"start":{"line":136,"column":16},"end":{"line":178,"column":4}},"locations":[{"start":{"line":136,"column":16},"end":{"line":178,"column":4}}]},"12":{"type":"branch","line":139,"loc":{"start":{"line":139,"column":19},"end":{"line":142,"column":5}},"locations":[{"start":{"line":139,"column":19},"end":{"line":142,"column":5}}]},"13":{"type":"branch","line":162,"loc":{"start":{"line":162,"column":24},"end":{"line":165,"column":7}},"locations":[{"start":{"line":162,"column":24},"end":{"line":165,"column":7}}]},"14":{"type":"branch","line":172,"loc":{"start":{"line":172,"column":4},"end":{"line":177,"column":5}},"locations":[{"start":{"line":172,"column":4},"end":{"line":177,"column":5}}]},"15":{"type":"branch","line":183,"loc":{"start":{"line":183,"column":11},"end":{"line":203,"column":4}},"locations":[{"start":{"line":183,"column":11},"end":{"line":203,"column":4}}]},"16":{"type":"branch","line":190,"loc":{"start":{"line":190,"column":15},"end":{"line":190,"column":54}},"locations":[{"start":{"line":190,"column":15},"end":{"line":190,"column":54}}]},"17":{"type":"branch","line":196,"loc":{"start":{"line":196,"column":8},"end":{"line":200,"column":6}},"locations":[{"start":{"line":196,"column":8},"end":{"line":200,"column":6}}]},"18":{"type":"branch","line":208,"loc":{"start":{"line":208,"column":14},"end":{"line":218,"column":4}},"locations":[{"start":{"line":208,"column":14},"end":{"line":218,"column":4}}]},"19":{"type":"branch","line":209,"loc":{"start":{"line":209,"column":8},"end":{"line":217,"column":6}},"locations":[{"start":{"line":209,"column":8},"end":{"line":217,"column":6}}]},"20":{"type":"branch","line":210,"loc":{"start":{"line":210,"column":29},"end":{"line":213,"column":16}},"locations":[{"start":{"line":210,"column":29},"end":{"line":213,"column":16}}]},"21":{"type":"branch","line":211,"loc":{"start":{"line":211,"column":20},"end":{"line":212,"column":56}},"locations":[{"start":{"line":211,"column":20},"end":{"line":212,"column":56}}]},"22":{"type":"branch","line":212,"loc":{"start":{"line":212,"column":55},"end":{"line":213,"column":16}},"locations":[{"start":{"line":212,"column":55},"end":{"line":213,"column":16}}]},"23":{"type":"branch","line":223,"loc":{"start":{"line":223,"column":14},"end":{"line":233,"column":4}},"locations":[{"start":{"line":223,"column":14},"end":{"line":233,"column":4}}]},"24":{"type":"branch","line":224,"loc":{"start":{"line":224,"column":8},"end":{"line":232,"column":6}},"locations":[{"start":{"line":224,"column":8},"end":{"line":232,"column":6}}]},"25":{"type":"branch","line":225,"loc":{"start":{"line":225,"column":32},"end":{"line":225,"column":60}},"locations":[{"start":{"line":225,"column":32},"end":{"line":225,"column":60}}]},"26":{"type":"branch","line":227,"loc":{"start":{"line":227,"column":8},"end":{"line":227,"column":66}},"locations":[{"start":{"line":227,"column":8},"end":{"line":227,"column":66}}]},"27":{"type":"branch","line":227,"loc":{"start":{"line":227,"column":34},"end":{"line":227,"column":66}},"locations":[{"start":{"line":227,"column":34},"end":{"line":227,"column":66}}]},"28":{"type":"branch","line":229,"loc":{"start":{"line":229,"column":52},"end":{"line":229,"column":73}},"locations":[{"start":{"line":229,"column":52},"end":{"line":229,"column":73}}]},"29":{"type":"branch","line":238,"loc":{"start":{"line":238,"column":15},"end":{"line":249,"column":4}},"locations":[{"start":{"line":238,"column":15},"end":{"line":249,"column":4}}]},"30":{"type":"branch","line":240,"loc":{"start":{"line":240,"column":8},"end":{"line":248,"column":6}},"locations":[{"start":{"line":240,"column":8},"end":{"line":248,"column":6}}]},"31":{"type":"branch","line":241,"loc":{"start":{"line":241,"column":32},"end":{"line":241,"column":65}},"locations":[{"start":{"line":241,"column":32},"end":{"line":241,"column":65}}]},"32":{"type":"branch","line":254,"loc":{"start":{"line":254,"column":11},"end":{"line":290,"column":4}},"locations":[{"start":{"line":254,"column":11},"end":{"line":290,"column":4}}]},"33":{"type":"branch","line":261,"loc":{"start":{"line":261,"column":31},"end":{"line":263,"column":5}},"locations":[{"start":{"line":261,"column":31},"end":{"line":263,"column":5}}]},"34":{"type":"branch","line":263,"loc":{"start":{"line":263,"column":4},"end":{"line":270,"column":16}},"locations":[{"start":{"line":263,"column":4},"end":{"line":270,"column":16}}]},"35":{"type":"branch","line":270,"loc":{"start":{"line":270,"column":16},"end":{"line":272,"column":5}},"locations":[{"start":{"line":270,"column":16},"end":{"line":272,"column":5}}]},"36":{"type":"branch","line":272,"loc":{"start":{"line":272,"column":4},"end":{"line":289,"column":18}},"locations":[{"start":{"line":272,"column":4},"end":{"line":289,"column":18}}]},"37":{"type":"branch","line":268,"loc":{"start":{"line":268,"column":6},"end":{"line":268,"column":68}},"locations":[{"start":{"line":268,"column":6},"end":{"line":268,"column":68}}]},"38":{"type":"branch","line":283,"loc":{"start":{"line":283,"column":8},"end":{"line":287,"column":6}},"locations":[{"start":{"line":283,"column":8},"end":{"line":287,"column":6}}]},"39":{"type":"branch","line":295,"loc":{"start":{"line":295,"column":14},"end":{"line":302,"column":4}},"locations":[{"start":{"line":295,"column":14},"end":{"line":302,"column":4}}]},"40":{"type":"branch","line":296,"loc":{"start":{"line":296,"column":8},"end":{"line":301,"column":6}},"locations":[{"start":{"line":296,"column":8},"end":{"line":301,"column":6}}]},"41":{"type":"branch","line":297,"loc":{"start":{"line":297,"column":32},"end":{"line":297,"column":60}},"locations":[{"start":{"line":297,"column":32},"end":{"line":297,"column":60}}]},"42":{"type":"branch","line":321,"loc":{"start":{"line":321,"column":20},"end":{"line":323,"column":4}},"locations":[{"start":{"line":321,"column":20},"end":{"line":323,"column":4}}]},"43":{"type":"branch","line":328,"loc":{"start":{"line":328,"column":20},"end":{"line":330,"column":4}},"locations":[{"start":{"line":328,"column":20},"end":{"line":330,"column":4}}]},"44":{"type":"branch","line":335,"loc":{"start":{"line":335,"column":18},"end":{"line":337,"column":4}},"locations":[{"start":{"line":335,"column":18},"end":{"line":337,"column":4}}]},"45":{"type":"branch","line":342,"loc":{"start":{"line":342,"column":16},"end":{"line":359,"column":4}},"locations":[{"start":{"line":342,"column":16},"end":{"line":359,"column":4}}]},"46":{"type":"branch","line":351,"loc":{"start":{"line":351,"column":44},"end":{"line":353,"column":5}},"locations":[{"start":{"line":351,"column":44},"end":{"line":353,"column":5}}]},"47":{"type":"branch","line":364,"loc":{"start":{"line":364,"column":8},"end":{"line":384,"column":4}},"locations":[{"start":{"line":364,"column":8},"end":{"line":384,"column":4}}]},"48":{"type":"branch","line":366,"loc":{"start":{"line":366,"column":32},"end":{"line":366,"column":39}},"locations":[{"start":{"line":366,"column":32},"end":{"line":366,"column":39}}]},"49":{"type":"branch","line":389,"loc":{"start":{"line":389,"column":8},"end":{"line":409,"column":4}},"locations":[{"start":{"line":389,"column":8},"end":{"line":409,"column":4}}]},"50":{"type":"branch","line":391,"loc":{"start":{"line":391,"column":32},"end":{"line":391,"column":39}},"locations":[{"start":{"line":391,"column":32},"end":{"line":391,"column":39}}]},"51":{"type":"branch","line":414,"loc":{"start":{"line":414,"column":12},"end":{"line":457,"column":4}},"locations":[{"start":{"line":414,"column":12},"end":{"line":457,"column":4}}]},"52":{"type":"branch","line":421,"loc":{"start":{"line":421,"column":21},"end":{"line":421,"column":61}},"locations":[{"start":{"line":421,"column":21},"end":{"line":421,"column":61}}]},"53":{"type":"branch","line":421,"loc":{"start":{"line":421,"column":61},"end":{"line":427,"column":7}},"locations":[{"start":{"line":421,"column":61},"end":{"line":427,"column":7}}]},"54":{"type":"branch","line":431,"loc":{"start":{"line":431,"column":26},"end":{"line":447,"column":5}},"locations":[{"start":{"line":431,"column":26},"end":{"line":447,"column":5}}]},"55":{"type":"branch","line":433,"loc":{"start":{"line":433,"column":32},"end":{"line":436,"column":7}},"locations":[{"start":{"line":433,"column":32},"end":{"line":436,"column":7}}]},"56":{"type":"branch","line":438,"loc":{"start":{"line":438,"column":32},"end":{"line":446,"column":7}},"locations":[{"start":{"line":438,"column":32},"end":{"line":446,"column":7}}]},"57":{"type":"branch","line":469,"loc":{"start":{"line":469,"column":9},"end":{"line":471,"column":4}},"locations":[{"start":{"line":469,"column":9},"end":{"line":471,"column":4}}]},"58":{"type":"branch","line":482,"loc":{"start":{"line":482,"column":39},"end":{"line":482,"column":90}},"locations":[{"start":{"line":482,"column":39},"end":{"line":482,"column":90}}]}},"b":{"0":[55],"1":[42],"2":[6],"3":[3],"4":[1],"5":[0],"6":[2],"7":[0],"8":[0],"9":[1],"10":[0],"11":[1],"12":[0],"13":[0],"14":[0],"15":[43],"16":[40],"17":[43],"18":[4],"19":[4],"20":[5],"21":[4],"22":[1],"23":[3],"24":[3],"25":[4],"26":[1],"27":[0],"28":[1],"29":[1],"30":[1],"31":[3],"32":[8],"33":[1],"34":[7],"35":[1],"36":[6],"37":[1],"38":[6],"39":[1],"40":[1],"41":[1],"42":[3],"43":[2],"44":[1],"45":[7],"46":[0],"47":[4],"48":[0],"49":[1],"50":[0],"51":[3],"52":[2],"53":[1],"54":[1],"55":[0],"56":[2],"57":[1],"58":[41]},"fnMap":{"0":{"name":"generateId","decl":{"start":{"line":41,"column":0},"end":{"line":43,"column":1}},"loc":{"start":{"line":41,"column":0},"end":{"line":43,"column":1}},"line":41},"1":{"name":"createWorkflowStore","decl":{"start":{"line":66,"column":57},"end":{"line":472,"column":3}},"loc":{"start":{"line":66,"column":57},"end":{"line":472,"column":3}},"line":66},"2":{"name":"createWorkflow","decl":{"start":{"line":72,"column":18},"end":{"line":95,"column":4}},"loc":{"start":{"line":72,"column":18},"end":{"line":95,"column":4}},"line":72},"3":{"name":"loadWorkflow","decl":{"start":{"line":100,"column":16},"end":{"line":131,"column":4}},"loc":{"start":{"line":100,"column":16},"end":{"line":131,"column":4}},"line":100},"4":{"name":"saveWorkflow","decl":{"start":{"line":136,"column":16},"end":{"line":178,"column":4}},"loc":{"start":{"line":136,"column":16},"end":{"line":178,"column":4}},"line":136},"5":{"name":"addNode","decl":{"start":{"line":183,"column":11},"end":{"line":203,"column":4}},"loc":{"start":{"line":183,"column":11},"end":{"line":203,"column":4}},"line":183},"6":{"name":"updateNode","decl":{"start":{"line":208,"column":14},"end":{"line":218,"column":4}},"loc":{"start":{"line":208,"column":14},"end":{"line":218,"column":4}},"line":208},"7":{"name":"deleteNode","decl":{"start":{"line":223,"column":14},"end":{"line":233,"column":4}},"loc":{"start":{"line":223,"column":14},"end":{"line":233,"column":4}},"line":223},"8":{"name":"deleteNodes","decl":{"start":{"line":238,"column":15},"end":{"line":249,"column":4}},"loc":{"start":{"line":238,"column":15},"end":{"line":249,"column":4}},"line":238},"9":{"name":"addEdge","decl":{"start":{"line":254,"column":11},"end":{"line":290,"column":4}},"loc":{"start":{"line":254,"column":11},"end":{"line":290,"column":4}},"line":254},"10":{"name":"deleteEdge","decl":{"start":{"line":295,"column":14},"end":{"line":302,"column":4}},"loc":{"start":{"line":295,"column":14},"end":{"line":302,"column":4}},"line":295},"11":{"name":"updateNodePositions","decl":{"start":{"line":307,"column":23},"end":{"line":316,"column":4}},"loc":{"start":{"line":307,"column":23},"end":{"line":316,"column":4}},"line":307},"12":{"name":"setSelectedNodes","decl":{"start":{"line":321,"column":20},"end":{"line":323,"column":4}},"loc":{"start":{"line":321,"column":20},"end":{"line":323,"column":4}},"line":321},"13":{"name":"setSelectedEdges","decl":{"start":{"line":328,"column":20},"end":{"line":330,"column":4}},"loc":{"start":{"line":328,"column":20},"end":{"line":330,"column":4}},"line":328},"14":{"name":"clearSelection","decl":{"start":{"line":335,"column":18},"end":{"line":337,"column":4}},"loc":{"start":{"line":335,"column":18},"end":{"line":337,"column":4}},"line":335},"15":{"name":"takeSnapshot","decl":{"start":{"line":342,"column":16},"end":{"line":359,"column":4}},"loc":{"start":{"line":342,"column":16},"end":{"line":359,"column":4}},"line":342},"16":{"name":"undo","decl":{"start":{"line":364,"column":8},"end":{"line":384,"column":4}},"loc":{"start":{"line":364,"column":8},"end":{"line":384,"column":4}},"line":364},"17":{"name":"redo","decl":{"start":{"line":389,"column":8},"end":{"line":409,"column":4}},"loc":{"start":{"line":389,"column":8},"end":{"line":409,"column":4}},"line":389},"18":{"name":"validate","decl":{"start":{"line":414,"column":12},"end":{"line":457,"column":4}},"loc":{"start":{"line":414,"column":12},"end":{"line":457,"column":4}},"line":414},"19":{"name":"clearError","decl":{"start":{"line":462,"column":14},"end":{"line":464,"column":4}},"loc":{"start":{"line":462,"column":14},"end":{"line":464,"column":4}},"line":462},"20":{"name":"reset","decl":{"start":{"line":469,"column":9},"end":{"line":471,"column":4}},"loc":{"start":{"line":469,"column":9},"end":{"line":471,"column":4}},"line":469},"21":{"name":"createTestWorkflowStore","decl":{"start":{"line":482,"column":39},"end":{"line":482,"column":90}},"loc":{"start":{"line":482,"column":39},"end":{"line":482,"column":90}},"line":482}},"f":{"0":55,"1":42,"2":6,"3":3,"4":1,"5":43,"6":4,"7":3,"8":1,"9":8,"10":1,"11":0,"12":3,"13":2,"14":1,"15":7,"16":4,"17":1,"18":3,"19":0,"20":1,"21":41}}
,"/home/vishnu/git/vishnu2kmohan/worktrees/mcp-server-langgraph-session-20251208-224026/src/mcp_server_langgraph/studio/frontend/src/types/auth.ts": {"path":"/home/vishnu/git/vishnu2kmohan/worktrees/mcp-server-langgraph-session-20251208-224026/src/mcp_server_langgraph/studio/frontend/src/types/auth.ts","all":true,"statementMap":{},"s":{},"branchMap":{"0":{"type":"branch","line":1,"loc":{"start":{"line":1,"column":3770},"end":{"line":145,"column":48}},"locations":[{"start":{"line":1,"column":3770},"end":{"line":145,"column":48}}]}},"b":{"0":[1]},"fnMap":{"0":{"name":"(empty-report)","decl":{"start":{"line":1,"column":3770},"end":{"line":145,"column":48}},"loc":{"start":{"line":1,"column":3770},"end":{"line":145,"column":48}},"line":1}},"f":{"0":1}}
,"/home/vishnu/git/vishnu2kmohan/worktrees/mcp-server-langgraph-session-20251208-224026/src/mcp_server_langgraph/studio/frontend/src/types/index.ts": {"path":"/home/vishnu/git/vishnu2kmohan/worktrees/mcp-server-langgraph-session-20251208-224026/src/mcp_server_langgraph/studio/frontend/src/types/index.ts","all":true,"statementMap":{"0":{"start":{"line":1,"column":0},"end":{"line":1,"column":3}},"4":{"start":{"line":5,"column":0},"end":{"line":5,"column":23}}},"s":{"0":0,"4":0},"branchMap":{"0":{"type":"branch","line":1,"loc":{"start":{"line":1,"column":0},"end":{"line":5,"column":-42}},"locations":[{"start":{"line":1,"column":0},"end":{"line":5,"column":-42}}]}},"b":{"0":[0]},"fnMap":{"0":{"name":"(empty-report)","decl":{"start":{"line":1,"column":0},"end":{"line":5,"column":-42}},"loc":{"start":{"line":1,"column":0},"end":{"line":5,"column":-42}},"line":1}},"f":{"0":0}}
,"/home/vishnu/git/vishnu2kmohan/worktrees/mcp-server-langgraph-session-20251208-224026/src/mcp_server_langgraph/studio/frontend/src/types/mcp.ts": {"path":"/home/vishnu/git/vishnu2kmohan/worktrees/mcp-server-langgraph-session-20251208-224026/src/mcp_server_langgraph/studio/frontend/src/types/mcp.ts","all":true,"statementMap":{},"s":{},"branchMap":{"0":{"type":"branch","line":1,"loc":{"start":{"line":1,"column":6536},"end":{"line":244,"column":45}},"locations":[{"start":{"line":1,"column":6536},"end":{"line":244,"column":45}}]}},"b":{"0":[1]},"fnMap":{"0":{"name":"(empty-report)","decl":{"start":{"line":1,"column":6536},"end":{"line":244,"column":45}},"loc":{"start":{"line":1,"column":6536},"end":{"line":244,"column":45}},"line":1}},"f":{"0":1}}
,"/home/vishnu/git/vishnu2kmohan/worktrees/mcp-server-langgraph-session-20251208-224026/src/mcp_server_langgraph/studio/frontend/src/types/session.ts": {"path":"/home/vishnu/git/vishnu2kmohan/worktrees/mcp-server-langgraph-session-20251208-224026/src/mcp_server_langgraph/studio/frontend/src/types/session.ts","all":true,"statementMap":{"27":{"start":{"line":28,"column":0},"end":{"line":28,"column":54}},"28":{"start":{"line":29,"column":0},"end":{"line":29,"column":26}},"29":{"start":{"line":30,"column":0},"end":{"line":30,"column":21}},"30":{"start":{"line":31,"column":0},"end":{"line":31,"column":19}},"31":{"start":{"line":32,"column":0},"end":{"line":32,"column":18}},"32":{"start":{"line":33,"column":0},"end":{"line":33,"column":2}}},"s":{"27":0,"28":0,"29":0,"30":0,"31":0,"32":0},"branchMap":{"0":{"type":"branch","line":1,"loc":{"start":{"line":1,"column":4744},"end":{"line":184,"column":57}},"locations":[{"start":{"line":1,"column":4744},"end":{"line":184,"column":57}}]}},"b":{"0":[1]},"fnMap":{"0":{"name":"(empty-report)","decl":{"start":{"line":1,"column":4744},"end":{"line":184,"column":57}},"loc":{"start":{"line":1,"column":4744},"end":{"line":184,"column":57}},"line":1}},"f":{"0":1}}
,"/home/vishnu/git/vishnu2kmohan/worktrees/mcp-server-langgraph-session-20251208-224026/src/mcp_server_langgraph/studio/frontend/src/types/workflow.ts": {"path":"/home/vishnu/git/vishnu2kmohan/worktrees/mcp-server-langgraph-session-20251208-224026/src/mcp_server_langgraph/studio/frontend/src/types/workflow.ts","all":true,"statementMap":{},"s":{},"branchMap":{"0":{"type":"branch","line":1,"loc":{"start":{"line":1,"column":4704},"end":{"line":182,"column":60}},"locations":[{"start":{"line":1,"column":4704},"end":{"line":182,"column":60}}]}},"b":{"0":[1]},"fnMap":{"0":{"name":"(empty-report)","decl":{"start":{"line":1,"column":4704},"end":{"line":182,"column":60}},"loc":{"start":{"line":1,"column":4704},"end":{"line":182,"column":60}},"line":1}},"f":{"0":1}}
}
